<html>
<head>
<title>TestNG:  EasyJobs CandidateApply Test</title>
<link href="../testng.css" rel="stylesheet" type="text/css" />
<link href="../my-testng.css" rel="stylesheet" type="text/css" />

<style type="text/css">
.log { display: none;} 
.stack-trace { display: none;} 
</style>
<script type="text/javascript">
<!--
function flip(e) {
  current = e.style.display;
  if (current == 'block') {
    e.style.display = 'none';
    return 0;
  }
  else {
    e.style.display = 'block';
    return 1;
  }
}

function toggleBox(szDivId, elem, msg1, msg2)
{
  var res = -1;  if (document.getElementById) {
    res = flip(document.getElementById(szDivId));
  }
  else if (document.all) {
    // this is the way old msie versions work
    res = flip(document.all[szDivId]);
  }
  if(elem) {
    if(res == 0) elem.innerHTML = msg1; else elem.innerHTML = msg2;
  }

}

function toggleAllBoxes() {
  if (document.getElementsByTagName) {
    d = document.getElementsByTagName('div');
    for (i = 0; i < d.length; i++) {
      if (d[i].className == 'log') {
        flip(d[i]);
      }
    }
  }
}

// -->
</script>

</head>
<body>
<h2 align='center'>EasyJobs CandidateApply Test</h2><table border='1' align="center">
<tr>
<td>Tests passed/Failed/Skipped:</td><td>0/0/15</td>
</tr><tr>
<td>Started on:</td><td>Sun Jan 05 12:24:32 BDT 2025</td>
</tr>
<tr><td>Total time:</td><td>3 seconds (3011 ms)</td>
</tr><tr>
<td>Included groups:</td><td></td>
</tr><tr>
<td>Excluded groups:</td><td></td>
</tr>
</table><p/>
<small><i>(Hover the method name to see the test class name)</i></small><p/>
<table width='100%' border='1' class='invocation-failed'>
<tr><td colspan='4' align='center'><b>FAILED CONFIGURATIONS</b></td></tr>
<tr><td><b>Test method</b></td>
<td><b>Attribute(s)</b></td>
<td width="30%"><b>Exception</b></td>
<td width="10%"><b>Time (seconds)</b></td>
<td><b>Instance</b></td>
</tr>
<tr>
<td title='com.qa.easyjobs.tests.CandidateApplyPageTest.setup()'><b>setup</b><br>Test class: com.qa.easyjobs.tests.CandidateApplyPageTest</td>
<td><div><pre>com.microsoft.playwright.PlaywrightException: Error {
  message=&apos;Target page, context or browser has been closed
  name=&apos;TargetClosedError
  stack=&apos;TargetClosedError:Target page, context or browser has been closed
Error
    at captureRawStack (/private/var/folders/mc/dyqmrmzn7wzgnndqb4yxm5ch0000gn/T/playwright-java-10600792000996021267/package/lib/utils/stackTrace.js:50:17)
    at LongStandingScope._race (/private/var/folders/mc/dyqmrmzn7wzgnndqb4yxm5ch0000gn/T/playwright-java-10600792000996021267/package/lib/utils/manualPromise.js:91:52)
    at LongStandingScope.race (/private/var/folders/mc/dyqmrmzn7wzgnndqb4yxm5ch0000gn/T/playwright-java-10600792000996021267/package/lib/utils/manualPromise.js:84:17)
    at FrameDispatcher._handleCommand (/private/var/folders/mc/dyqmrmzn7wzgnndqb4yxm5ch0000gn/T/playwright-java-10600792000996021267/package/lib/server/dispatchers/dispatcher.js:96:36)
    at DispatcherConnection.dispatch (/private/var/folders/mc/dyqmrmzn7wzgnndqb4yxm5ch0000gn/T/playwright-java-10600792000996021267/package/lib/server/dispatchers/dispatcher.js:362:39)
}
Call log:
- navigating to &quot;https://app.easy.jobs/login&quot;, waiting until &quot;load&quot;

	at com.microsoft.playwright.impl.WaitableResult.get(WaitableResult.java:54)
	at com.microsoft.playwright.impl.ChannelOwner.runUntil(ChannelOwner.java:120)
	at com.microsoft.playwright.impl.Connection.sendMessage(Connection.java:129)
	at com.microsoft.playwright.impl.ChannelOwner.sendMessage(ChannelOwner.java:106)
	at com.microsoft.playwright.impl.FrameImpl.navigateImpl(FrameImpl.java:463)
	at com.microsoft.playwright.impl.PageImpl.lambda$navigate$45(PageImpl.java:836)
	at com.microsoft.playwright.impl.LoggingSupport.withLogging(LoggingSupport.java:47)
	at com.microsoft.playwright.impl.ChannelOwner.withLogging(ChannelOwner.java:89)
	at com.microsoft.playwright.impl.PageImpl.navigate(PageImpl.java:836)
	at com.microsoft.playwright.impl.PageImpl.navigate(PageImpl.java:42)
	at com.microsoft.playwright.Page.navigate(Page.java:5332)
	at com.qa.easyjobs.factory.PlaywrightFactory.initBrowser(PlaywrightFactory.java:99)
	at com.qa.easyjobs.base.BaseTest.setup(BaseTest.java:37)
Caused by: com.microsoft.playwright.impl.TargetClosedError: Error {
  message=&apos;Target page, context or browser has been closed
  name=&apos;TargetClosedError
  stack=&apos;TargetClosedError:Target page, context or browser has been closed
Error
    at captureRawStack (/private/var/folders/mc/dyqmrmzn7wzgnndqb4yxm5ch0000gn/T/playwright-java-10600792000996021267/package/lib/utils/stackTrace.js:50:17)
    at LongStandingScope._race (/private/var/folders/mc/dyqmrmzn7wzgnndqb4yxm5ch0000gn/T/playwright-java-10600792000996021267/package/lib/utils/manualPromise.js:91:52)
    at LongStandingScope.race (/private/var/folders/mc/dyqmrmzn7wzgnndqb4yxm5ch0000gn/T/playwright-java-10600792000996021267/package/lib/utils/manualPromise.js:84:17)
    at FrameDispatcher._handleCommand (/private/var/folders/mc/dyqmrmzn7wzgnndqb4yxm5ch0000gn/T/playwright-java-10600792000996021267/package/lib/server/dispatchers/dispatcher.js:96:36)
    at DispatcherConnection.dispatch (/private/var/folders/mc/dyqmrmzn7wzgnndqb4yxm5ch0000gn/T/playwright-java-10600792000996021267/package/lib/server/dispatchers/dispatcher.js:362:39)
}
Call log:
- navigating to &quot;https://app.easy.jobs/login&quot;, waiting until &quot;load&quot;

	at com.microsoft.playwright.impl.Connection.dispatch(Connection.java:256)
	at com.microsoft.playwright.impl.Connection.processOneMessage(Connection.java:209)
	at com.microsoft.playwright.impl.ChannelOwner.runUntil(ChannelOwner.java:118)
	... 33 more
... Removed 22 stack frames</pre></div><a href='#' onClick='toggleBox("stack-trace1810923540", this, "Click to show all stack frames", "Click to hide stack frames")'>Click to show all stack frames</a>
<div class='stack-trace' id='stack-trace1810923540'><pre>com.microsoft.playwright.PlaywrightException: Error {
  message=&apos;Target page, context or browser has been closed
  name=&apos;TargetClosedError
  stack=&apos;TargetClosedError:Target page, context or browser has been closed
Error
    at captureRawStack (/private/var/folders/mc/dyqmrmzn7wzgnndqb4yxm5ch0000gn/T/playwright-java-10600792000996021267/package/lib/utils/stackTrace.js:50:17)
    at LongStandingScope._race (/private/var/folders/mc/dyqmrmzn7wzgnndqb4yxm5ch0000gn/T/playwright-java-10600792000996021267/package/lib/utils/manualPromise.js:91:52)
    at LongStandingScope.race (/private/var/folders/mc/dyqmrmzn7wzgnndqb4yxm5ch0000gn/T/playwright-java-10600792000996021267/package/lib/utils/manualPromise.js:84:17)
    at FrameDispatcher._handleCommand (/private/var/folders/mc/dyqmrmzn7wzgnndqb4yxm5ch0000gn/T/playwright-java-10600792000996021267/package/lib/server/dispatchers/dispatcher.js:96:36)
    at DispatcherConnection.dispatch (/private/var/folders/mc/dyqmrmzn7wzgnndqb4yxm5ch0000gn/T/playwright-java-10600792000996021267/package/lib/server/dispatchers/dispatcher.js:362:39)
}
Call log:
- navigating to &quot;https://app.easy.jobs/login&quot;, waiting until &quot;load&quot;

	at com.microsoft.playwright.impl.WaitableResult.get(WaitableResult.java:54)
	at com.microsoft.playwright.impl.ChannelOwner.runUntil(ChannelOwner.java:120)
	at com.microsoft.playwright.impl.Connection.sendMessage(Connection.java:129)
	at com.microsoft.playwright.impl.ChannelOwner.sendMessage(ChannelOwner.java:106)
	at com.microsoft.playwright.impl.FrameImpl.navigateImpl(FrameImpl.java:463)
	at com.microsoft.playwright.impl.PageImpl.lambda$navigate$45(PageImpl.java:836)
	at com.microsoft.playwright.impl.LoggingSupport.withLogging(LoggingSupport.java:47)
	at com.microsoft.playwright.impl.ChannelOwner.withLogging(ChannelOwner.java:89)
	at com.microsoft.playwright.impl.PageImpl.navigate(PageImpl.java:836)
	at com.microsoft.playwright.impl.PageImpl.navigate(PageImpl.java:42)
	at com.microsoft.playwright.Page.navigate(Page.java:5332)
	at com.qa.easyjobs.factory.PlaywrightFactory.initBrowser(PlaywrightFactory.java:99)
	at com.qa.easyjobs.base.BaseTest.setup(BaseTest.java:37)
	at java.base/jdk.internal.reflect.DirectMethodHandleAccessor.invoke(DirectMethodHandleAccessor.java:103)
	at java.base/java.lang.reflect.Method.invoke(Method.java:580)
	at org.testng.internal.invokers.MethodInvocationHelper.invokeMethod(MethodInvocationHelper.java:141)
	at org.testng.internal.invokers.MethodInvocationHelper.invokeMethodConsideringTimeout(MethodInvocationHelper.java:71)
	at org.testng.internal.invokers.ConfigInvoker.invokeConfigurationMethod(ConfigInvoker.java:400)
	at org.testng.internal.invokers.ConfigInvoker.invokeConfigurations(ConfigInvoker.java:333)
	at org.testng.TestRunner.invokeTestConfigurations(TestRunner.java:655)
	at org.testng.TestRunner.beforeRun(TestRunner.java:644)
	at org.testng.TestRunner.run(TestRunner.java:610)
	at org.testng.SuiteRunner.runTest(SuiteRunner.java:421)
	at org.testng.SuiteRunner.runSequentially(SuiteRunner.java:413)
	at org.testng.SuiteRunner.privateRun(SuiteRunner.java:373)
	at org.testng.SuiteRunner.run(SuiteRunner.java:312)
	at org.testng.SuiteRunnerWorker.runSuite(SuiteRunnerWorker.java:52)
	at org.testng.SuiteRunnerWorker.run(SuiteRunnerWorker.java:95)
	at org.testng.TestNG.runSuitesSequentially(TestNG.java:1274)
	at org.testng.TestNG.runSuitesLocally(TestNG.java:1208)
	at org.testng.TestNG.runSuites(TestNG.java:1112)
	at org.testng.TestNG.run(TestNG.java:1079)
	at org.testng.remote.AbstractRemoteTestNG.run(AbstractRemoteTestNG.java:115)
	at org.testng.remote.RemoteTestNG.initAndRun(RemoteTestNG.java:293)
	at org.testng.remote.RemoteTestNG.main(RemoteTestNG.java:91)
Caused by: com.microsoft.playwright.impl.TargetClosedError: Error {
  message=&apos;Target page, context or browser has been closed
  name=&apos;TargetClosedError
  stack=&apos;TargetClosedError:Target page, context or browser has been closed
Error
    at captureRawStack (/private/var/folders/mc/dyqmrmzn7wzgnndqb4yxm5ch0000gn/T/playwright-java-10600792000996021267/package/lib/utils/stackTrace.js:50:17)
    at LongStandingScope._race (/private/var/folders/mc/dyqmrmzn7wzgnndqb4yxm5ch0000gn/T/playwright-java-10600792000996021267/package/lib/utils/manualPromise.js:91:52)
    at LongStandingScope.race (/private/var/folders/mc/dyqmrmzn7wzgnndqb4yxm5ch0000gn/T/playwright-java-10600792000996021267/package/lib/utils/manualPromise.js:84:17)
    at FrameDispatcher._handleCommand (/private/var/folders/mc/dyqmrmzn7wzgnndqb4yxm5ch0000gn/T/playwright-java-10600792000996021267/package/lib/server/dispatchers/dispatcher.js:96:36)
    at DispatcherConnection.dispatch (/private/var/folders/mc/dyqmrmzn7wzgnndqb4yxm5ch0000gn/T/playwright-java-10600792000996021267/package/lib/server/dispatchers/dispatcher.js:362:39)
}
Call log:
- navigating to &quot;https://app.easy.jobs/login&quot;, waiting until &quot;load&quot;

	at com.microsoft.playwright.impl.Connection.dispatch(Connection.java:256)
	at com.microsoft.playwright.impl.Connection.processOneMessage(Connection.java:209)
	at com.microsoft.playwright.impl.ChannelOwner.runUntil(ChannelOwner.java:118)
	... 33 more
</pre></div></td>
<td>2</td>
<td>com.qa.easyjobs.tests.CandidateApplyPageTest@4a94ee4</td></tr>
</table><p>
<table width='100%' border='1' class='invocation-skipped'>
<tr><td colspan='4' align='center'><b>SKIPPED CONFIGURATIONS</b></td></tr>
<tr><td><b>Test method</b></td>
<td><b>Attribute(s)</b></td>
<td width="30%"><b>Exception</b></td>
<td width="10%"><b>Time (seconds)</b></td>
<td><b>Instance</b></td>
</tr>
<tr>
<td title='com.qa.easyjobs.tests.CandidateApplyPageTest.tearDown()'><b>tearDown</b><br>Test class: com.qa.easyjobs.tests.CandidateApplyPageTest</td>
<td></td>
<td>0</td>
<td>com.qa.easyjobs.tests.CandidateApplyPageTest@4a94ee4</td></tr>
</table><p>
<table width='100%' border='1' class='invocation-skipped'>
<tr><td colspan='4' align='center'><b>SKIPPED TESTS</b></td></tr>
<tr><td><b>Test method</b></td>
<td><b>Attribute(s)</b></td>
<td width="30%"><b>Exception</b></td>
<td width="10%"><b>Time (seconds)</b></td>
<td><b>Instance</b></td>
</tr>
<tr>
<td title='com.qa.easyjobs.tests.CandidateApplyPageTest.testVerifyPageTitle()'><b>testVerifyPageTitle</b><br>Test class: com.qa.easyjobs.tests.CandidateApplyPageTest</td>
<td><div><pre>com.microsoft.playwright.PlaywrightException: Error {
  message=&apos;Target page, context or browser has been closed
  name=&apos;TargetClosedError
  stack=&apos;TargetClosedError:Target page, context or browser has been closed
Error
    at captureRawStack (/private/var/folders/mc/dyqmrmzn7wzgnndqb4yxm5ch0000gn/T/playwright-java-10600792000996021267/package/lib/utils/stackTrace.js:50:17)
    at LongStandingScope._race (/private/var/folders/mc/dyqmrmzn7wzgnndqb4yxm5ch0000gn/T/playwright-java-10600792000996021267/package/lib/utils/manualPromise.js:91:52)
    at LongStandingScope.race (/private/var/folders/mc/dyqmrmzn7wzgnndqb4yxm5ch0000gn/T/playwright-java-10600792000996021267/package/lib/utils/manualPromise.js:84:17)
    at FrameDispatcher._handleCommand (/private/var/folders/mc/dyqmrmzn7wzgnndqb4yxm5ch0000gn/T/playwright-java-10600792000996021267/package/lib/server/dispatchers/dispatcher.js:96:36)
    at DispatcherConnection.dispatch (/private/var/folders/mc/dyqmrmzn7wzgnndqb4yxm5ch0000gn/T/playwright-java-10600792000996021267/package/lib/server/dispatchers/dispatcher.js:362:39)
}
Call log:
- navigating to &quot;https://app.easy.jobs/login&quot;, waiting until &quot;load&quot;

	at com.microsoft.playwright.impl.WaitableResult.get(WaitableResult.java:54)
	at com.microsoft.playwright.impl.ChannelOwner.runUntil(ChannelOwner.java:120)
	at com.microsoft.playwright.impl.Connection.sendMessage(Connection.java:129)
	at com.microsoft.playwright.impl.ChannelOwner.sendMessage(ChannelOwner.java:106)
	at com.microsoft.playwright.impl.FrameImpl.navigateImpl(FrameImpl.java:463)
	at com.microsoft.playwright.impl.PageImpl.lambda$navigate$45(PageImpl.java:836)
	at com.microsoft.playwright.impl.LoggingSupport.withLogging(LoggingSupport.java:47)
	at com.microsoft.playwright.impl.ChannelOwner.withLogging(ChannelOwner.java:89)
	at com.microsoft.playwright.impl.PageImpl.navigate(PageImpl.java:836)
	at com.microsoft.playwright.impl.PageImpl.navigate(PageImpl.java:42)
	at com.microsoft.playwright.Page.navigate(Page.java:5332)
	at com.qa.easyjobs.factory.PlaywrightFactory.initBrowser(PlaywrightFactory.java:99)
	at com.qa.easyjobs.base.BaseTest.setup(BaseTest.java:37)
Caused by: com.microsoft.playwright.impl.TargetClosedError: Error {
  message=&apos;Target page, context or browser has been closed
  name=&apos;TargetClosedError
  stack=&apos;TargetClosedError:Target page, context or browser has been closed
Error
    at captureRawStack (/private/var/folders/mc/dyqmrmzn7wzgnndqb4yxm5ch0000gn/T/playwright-java-10600792000996021267/package/lib/utils/stackTrace.js:50:17)
    at LongStandingScope._race (/private/var/folders/mc/dyqmrmzn7wzgnndqb4yxm5ch0000gn/T/playwright-java-10600792000996021267/package/lib/utils/manualPromise.js:91:52)
    at LongStandingScope.race (/private/var/folders/mc/dyqmrmzn7wzgnndqb4yxm5ch0000gn/T/playwright-java-10600792000996021267/package/lib/utils/manualPromise.js:84:17)
    at FrameDispatcher._handleCommand (/private/var/folders/mc/dyqmrmzn7wzgnndqb4yxm5ch0000gn/T/playwright-java-10600792000996021267/package/lib/server/dispatchers/dispatcher.js:96:36)
    at DispatcherConnection.dispatch (/private/var/folders/mc/dyqmrmzn7wzgnndqb4yxm5ch0000gn/T/playwright-java-10600792000996021267/package/lib/server/dispatchers/dispatcher.js:362:39)
}
Call log:
- navigating to &quot;https://app.easy.jobs/login&quot;, waiting until &quot;load&quot;

	at com.microsoft.playwright.impl.Connection.dispatch(Connection.java:256)
	at com.microsoft.playwright.impl.Connection.processOneMessage(Connection.java:209)
	at com.microsoft.playwright.impl.ChannelOwner.runUntil(ChannelOwner.java:118)
	... 33 more
... Removed 22 stack frames</pre></div><a href='#' onClick='toggleBox("stack-trace1676605578", this, "Click to show all stack frames", "Click to hide stack frames")'>Click to show all stack frames</a>
<div class='stack-trace' id='stack-trace1676605578'><pre>com.microsoft.playwright.PlaywrightException: Error {
  message=&apos;Target page, context or browser has been closed
  name=&apos;TargetClosedError
  stack=&apos;TargetClosedError:Target page, context or browser has been closed
Error
    at captureRawStack (/private/var/folders/mc/dyqmrmzn7wzgnndqb4yxm5ch0000gn/T/playwright-java-10600792000996021267/package/lib/utils/stackTrace.js:50:17)
    at LongStandingScope._race (/private/var/folders/mc/dyqmrmzn7wzgnndqb4yxm5ch0000gn/T/playwright-java-10600792000996021267/package/lib/utils/manualPromise.js:91:52)
    at LongStandingScope.race (/private/var/folders/mc/dyqmrmzn7wzgnndqb4yxm5ch0000gn/T/playwright-java-10600792000996021267/package/lib/utils/manualPromise.js:84:17)
    at FrameDispatcher._handleCommand (/private/var/folders/mc/dyqmrmzn7wzgnndqb4yxm5ch0000gn/T/playwright-java-10600792000996021267/package/lib/server/dispatchers/dispatcher.js:96:36)
    at DispatcherConnection.dispatch (/private/var/folders/mc/dyqmrmzn7wzgnndqb4yxm5ch0000gn/T/playwright-java-10600792000996021267/package/lib/server/dispatchers/dispatcher.js:362:39)
}
Call log:
- navigating to &quot;https://app.easy.jobs/login&quot;, waiting until &quot;load&quot;

	at com.microsoft.playwright.impl.WaitableResult.get(WaitableResult.java:54)
	at com.microsoft.playwright.impl.ChannelOwner.runUntil(ChannelOwner.java:120)
	at com.microsoft.playwright.impl.Connection.sendMessage(Connection.java:129)
	at com.microsoft.playwright.impl.ChannelOwner.sendMessage(ChannelOwner.java:106)
	at com.microsoft.playwright.impl.FrameImpl.navigateImpl(FrameImpl.java:463)
	at com.microsoft.playwright.impl.PageImpl.lambda$navigate$45(PageImpl.java:836)
	at com.microsoft.playwright.impl.LoggingSupport.withLogging(LoggingSupport.java:47)
	at com.microsoft.playwright.impl.ChannelOwner.withLogging(ChannelOwner.java:89)
	at com.microsoft.playwright.impl.PageImpl.navigate(PageImpl.java:836)
	at com.microsoft.playwright.impl.PageImpl.navigate(PageImpl.java:42)
	at com.microsoft.playwright.Page.navigate(Page.java:5332)
	at com.qa.easyjobs.factory.PlaywrightFactory.initBrowser(PlaywrightFactory.java:99)
	at com.qa.easyjobs.base.BaseTest.setup(BaseTest.java:37)
	at java.base/jdk.internal.reflect.DirectMethodHandleAccessor.invoke(DirectMethodHandleAccessor.java:103)
	at java.base/java.lang.reflect.Method.invoke(Method.java:580)
	at org.testng.internal.invokers.MethodInvocationHelper.invokeMethod(MethodInvocationHelper.java:141)
	at org.testng.internal.invokers.MethodInvocationHelper.invokeMethodConsideringTimeout(MethodInvocationHelper.java:71)
	at org.testng.internal.invokers.ConfigInvoker.invokeConfigurationMethod(ConfigInvoker.java:400)
	at org.testng.internal.invokers.ConfigInvoker.invokeConfigurations(ConfigInvoker.java:333)
	at org.testng.TestRunner.invokeTestConfigurations(TestRunner.java:655)
	at org.testng.TestRunner.beforeRun(TestRunner.java:644)
	at org.testng.TestRunner.run(TestRunner.java:610)
	at org.testng.SuiteRunner.runTest(SuiteRunner.java:421)
	at org.testng.SuiteRunner.runSequentially(SuiteRunner.java:413)
	at org.testng.SuiteRunner.privateRun(SuiteRunner.java:373)
	at org.testng.SuiteRunner.run(SuiteRunner.java:312)
	at org.testng.SuiteRunnerWorker.runSuite(SuiteRunnerWorker.java:52)
	at org.testng.SuiteRunnerWorker.run(SuiteRunnerWorker.java:95)
	at org.testng.TestNG.runSuitesSequentially(TestNG.java:1274)
	at org.testng.TestNG.runSuitesLocally(TestNG.java:1208)
	at org.testng.TestNG.runSuites(TestNG.java:1112)
	at org.testng.TestNG.run(TestNG.java:1079)
	at org.testng.remote.AbstractRemoteTestNG.run(AbstractRemoteTestNG.java:115)
	at org.testng.remote.RemoteTestNG.initAndRun(RemoteTestNG.java:293)
	at org.testng.remote.RemoteTestNG.main(RemoteTestNG.java:91)
Caused by: com.microsoft.playwright.impl.TargetClosedError: Error {
  message=&apos;Target page, context or browser has been closed
  name=&apos;TargetClosedError
  stack=&apos;TargetClosedError:Target page, context or browser has been closed
Error
    at captureRawStack (/private/var/folders/mc/dyqmrmzn7wzgnndqb4yxm5ch0000gn/T/playwright-java-10600792000996021267/package/lib/utils/stackTrace.js:50:17)
    at LongStandingScope._race (/private/var/folders/mc/dyqmrmzn7wzgnndqb4yxm5ch0000gn/T/playwright-java-10600792000996021267/package/lib/utils/manualPromise.js:91:52)
    at LongStandingScope.race (/private/var/folders/mc/dyqmrmzn7wzgnndqb4yxm5ch0000gn/T/playwright-java-10600792000996021267/package/lib/utils/manualPromise.js:84:17)
    at FrameDispatcher._handleCommand (/private/var/folders/mc/dyqmrmzn7wzgnndqb4yxm5ch0000gn/T/playwright-java-10600792000996021267/package/lib/server/dispatchers/dispatcher.js:96:36)
    at DispatcherConnection.dispatch (/private/var/folders/mc/dyqmrmzn7wzgnndqb4yxm5ch0000gn/T/playwright-java-10600792000996021267/package/lib/server/dispatchers/dispatcher.js:362:39)
}
Call log:
- navigating to &quot;https://app.easy.jobs/login&quot;, waiting until &quot;load&quot;

	at com.microsoft.playwright.impl.Connection.dispatch(Connection.java:256)
	at com.microsoft.playwright.impl.Connection.processOneMessage(Connection.java:209)
	at com.microsoft.playwright.impl.ChannelOwner.runUntil(ChannelOwner.java:118)
	... 33 more
</pre></div></td>
<td>0</td>
<td>com.qa.easyjobs.tests.CandidateApplyPageTest@4a94ee4</td></tr>
<tr>
<td title='com.qa.easyjobs.tests.CandidateApplyPageTest.testSaveContinueAfterCoverLetter()'><b>testSaveContinueAfterCoverLetter</b><br>Test class: com.qa.easyjobs.tests.CandidateApplyPageTest</td>
<td><div><pre>java.lang.Throwable: Method com.qa.easyjobs.tests.CandidateApplyPageTest.testSaveContinueAfterCoverLetter() on instance com.qa.easyjobs.tests.CandidateApplyPageTest@4a94ee4 depends on not successfully finished methods 
[com.qa.easyjobs.tests.CandidateApplyPageTest.testWriteCoverLetter() on instance com.qa.easyjobs.tests.CandidateApplyPageTest@4a94ee4]
	at java.base/java.util.ArrayList.forEach(ArrayList.java:1596)
... Removed 18 stack frames</pre></div><a href='#' onClick='toggleBox("stack-trace1499840045", this, "Click to show all stack frames", "Click to hide stack frames")'>Click to show all stack frames</a>
<div class='stack-trace' id='stack-trace1499840045'><pre>java.lang.Throwable: Method com.qa.easyjobs.tests.CandidateApplyPageTest.testSaveContinueAfterCoverLetter() on instance com.qa.easyjobs.tests.CandidateApplyPageTest@4a94ee4 depends on not successfully finished methods 
[com.qa.easyjobs.tests.CandidateApplyPageTest.testWriteCoverLetter() on instance com.qa.easyjobs.tests.CandidateApplyPageTest@4a94ee4]
	at org.testng.internal.invokers.TestInvoker.invokeTestMethods(TestInvoker.java:159)
	at org.testng.internal.invokers.TestMethodWorker.invokeTestMethods(TestMethodWorker.java:154)
	at org.testng.internal.invokers.TestMethodWorker.run(TestMethodWorker.java:134)
	at java.base/java.util.ArrayList.forEach(ArrayList.java:1596)
	at org.testng.TestRunner.privateRun(TestRunner.java:739)
	at org.testng.TestRunner.run(TestRunner.java:614)
	at org.testng.SuiteRunner.runTest(SuiteRunner.java:421)
	at org.testng.SuiteRunner.runSequentially(SuiteRunner.java:413)
	at org.testng.SuiteRunner.privateRun(SuiteRunner.java:373)
	at org.testng.SuiteRunner.run(SuiteRunner.java:312)
	at org.testng.SuiteRunnerWorker.runSuite(SuiteRunnerWorker.java:52)
	at org.testng.SuiteRunnerWorker.run(SuiteRunnerWorker.java:95)
	at org.testng.TestNG.runSuitesSequentially(TestNG.java:1274)
	at org.testng.TestNG.runSuitesLocally(TestNG.java:1208)
	at org.testng.TestNG.runSuites(TestNG.java:1112)
	at org.testng.TestNG.run(TestNG.java:1079)
	at org.testng.remote.AbstractRemoteTestNG.run(AbstractRemoteTestNG.java:115)
	at org.testng.remote.RemoteTestNG.initAndRun(RemoteTestNG.java:293)
	at org.testng.remote.RemoteTestNG.main(RemoteTestNG.java:91)
</pre></div></td>
<td>0</td>
<td>com.qa.easyjobs.tests.CandidateApplyPageTest@4a94ee4</td></tr>
<tr>
<td title='com.qa.easyjobs.tests.CandidateApplyPageTest.testSelectQuizOption2()'><b>testSelectQuizOption2</b><br>Test class: com.qa.easyjobs.tests.CandidateApplyPageTest</td>
<td><div><pre>java.lang.Throwable: Method com.qa.easyjobs.tests.CandidateApplyPageTest.testSelectQuizOption2() on instance com.qa.easyjobs.tests.CandidateApplyPageTest@4a94ee4 depends on not successfully finished methods 
[com.qa.easyjobs.tests.CandidateApplyPageTest.testStartQuiz() on instance com.qa.easyjobs.tests.CandidateApplyPageTest@4a94ee4]
	at java.base/java.util.ArrayList.forEach(ArrayList.java:1596)
... Removed 18 stack frames</pre></div><a href='#' onClick='toggleBox("stack-trace1090541608", this, "Click to show all stack frames", "Click to hide stack frames")'>Click to show all stack frames</a>
<div class='stack-trace' id='stack-trace1090541608'><pre>java.lang.Throwable: Method com.qa.easyjobs.tests.CandidateApplyPageTest.testSelectQuizOption2() on instance com.qa.easyjobs.tests.CandidateApplyPageTest@4a94ee4 depends on not successfully finished methods 
[com.qa.easyjobs.tests.CandidateApplyPageTest.testStartQuiz() on instance com.qa.easyjobs.tests.CandidateApplyPageTest@4a94ee4]
	at org.testng.internal.invokers.TestInvoker.invokeTestMethods(TestInvoker.java:159)
	at org.testng.internal.invokers.TestMethodWorker.invokeTestMethods(TestMethodWorker.java:154)
	at org.testng.internal.invokers.TestMethodWorker.run(TestMethodWorker.java:134)
	at java.base/java.util.ArrayList.forEach(ArrayList.java:1596)
	at org.testng.TestRunner.privateRun(TestRunner.java:739)
	at org.testng.TestRunner.run(TestRunner.java:614)
	at org.testng.SuiteRunner.runTest(SuiteRunner.java:421)
	at org.testng.SuiteRunner.runSequentially(SuiteRunner.java:413)
	at org.testng.SuiteRunner.privateRun(SuiteRunner.java:373)
	at org.testng.SuiteRunner.run(SuiteRunner.java:312)
	at org.testng.SuiteRunnerWorker.runSuite(SuiteRunnerWorker.java:52)
	at org.testng.SuiteRunnerWorker.run(SuiteRunnerWorker.java:95)
	at org.testng.TestNG.runSuitesSequentially(TestNG.java:1274)
	at org.testng.TestNG.runSuitesLocally(TestNG.java:1208)
	at org.testng.TestNG.runSuites(TestNG.java:1112)
	at org.testng.TestNG.run(TestNG.java:1079)
	at org.testng.remote.AbstractRemoteTestNG.run(AbstractRemoteTestNG.java:115)
	at org.testng.remote.RemoteTestNG.initAndRun(RemoteTestNG.java:293)
	at org.testng.remote.RemoteTestNG.main(RemoteTestNG.java:91)
</pre></div></td>
<td>0</td>
<td>com.qa.easyjobs.tests.CandidateApplyPageTest@4a94ee4</td></tr>
<tr>
<td title='com.qa.easyjobs.tests.CandidateApplyPageTest.testApplyNow()'><b>testApplyNow</b><br>Test class: com.qa.easyjobs.tests.CandidateApplyPageTest</td>
<td><div><pre>java.lang.Throwable: Method com.qa.easyjobs.tests.CandidateApplyPageTest.testApplyNow() on instance com.qa.easyjobs.tests.CandidateApplyPageTest@4a94ee4 depends on not successfully finished methods 
[com.qa.easyjobs.tests.CandidateApplyPageTest.testVerifyPageTitle() on instance com.qa.easyjobs.tests.CandidateApplyPageTest@4a94ee4]
	at java.base/java.util.ArrayList.forEach(ArrayList.java:1596)
... Removed 18 stack frames</pre></div><a href='#' onClick='toggleBox("stack-trace674019271", this, "Click to show all stack frames", "Click to hide stack frames")'>Click to show all stack frames</a>
<div class='stack-trace' id='stack-trace674019271'><pre>java.lang.Throwable: Method com.qa.easyjobs.tests.CandidateApplyPageTest.testApplyNow() on instance com.qa.easyjobs.tests.CandidateApplyPageTest@4a94ee4 depends on not successfully finished methods 
[com.qa.easyjobs.tests.CandidateApplyPageTest.testVerifyPageTitle() on instance com.qa.easyjobs.tests.CandidateApplyPageTest@4a94ee4]
	at org.testng.internal.invokers.TestInvoker.invokeTestMethods(TestInvoker.java:159)
	at org.testng.internal.invokers.TestMethodWorker.invokeTestMethods(TestMethodWorker.java:154)
	at org.testng.internal.invokers.TestMethodWorker.run(TestMethodWorker.java:134)
	at java.base/java.util.ArrayList.forEach(ArrayList.java:1596)
	at org.testng.TestRunner.privateRun(TestRunner.java:739)
	at org.testng.TestRunner.run(TestRunner.java:614)
	at org.testng.SuiteRunner.runTest(SuiteRunner.java:421)
	at org.testng.SuiteRunner.runSequentially(SuiteRunner.java:413)
	at org.testng.SuiteRunner.privateRun(SuiteRunner.java:373)
	at org.testng.SuiteRunner.run(SuiteRunner.java:312)
	at org.testng.SuiteRunnerWorker.runSuite(SuiteRunnerWorker.java:52)
	at org.testng.SuiteRunnerWorker.run(SuiteRunnerWorker.java:95)
	at org.testng.TestNG.runSuitesSequentially(TestNG.java:1274)
	at org.testng.TestNG.runSuitesLocally(TestNG.java:1208)
	at org.testng.TestNG.runSuites(TestNG.java:1112)
	at org.testng.TestNG.run(TestNG.java:1079)
	at org.testng.remote.AbstractRemoteTestNG.run(AbstractRemoteTestNG.java:115)
	at org.testng.remote.RemoteTestNG.initAndRun(RemoteTestNG.java:293)
	at org.testng.remote.RemoteTestNG.main(RemoteTestNG.java:91)
</pre></div></td>
<td>0</td>
<td>com.qa.easyjobs.tests.CandidateApplyPageTest@4a94ee4</td></tr>
<tr>
<td title='com.qa.easyjobs.tests.CandidateApplyPageTest.testWriteCoverLetter()'><b>testWriteCoverLetter</b><br>Test class: com.qa.easyjobs.tests.CandidateApplyPageTest</td>
<td><div><pre>java.lang.Throwable: Method com.qa.easyjobs.tests.CandidateApplyPageTest.testWriteCoverLetter() on instance com.qa.easyjobs.tests.CandidateApplyPageTest@4a94ee4 depends on not successfully finished methods 
[com.qa.easyjobs.tests.CandidateApplyPageTest.testSaveBasicInfo() on instance com.qa.easyjobs.tests.CandidateApplyPageTest@4a94ee4]
	at java.base/java.util.ArrayList.forEach(ArrayList.java:1596)
... Removed 18 stack frames</pre></div><a href='#' onClick='toggleBox("stack-trace1812823171", this, "Click to show all stack frames", "Click to hide stack frames")'>Click to show all stack frames</a>
<div class='stack-trace' id='stack-trace1812823171'><pre>java.lang.Throwable: Method com.qa.easyjobs.tests.CandidateApplyPageTest.testWriteCoverLetter() on instance com.qa.easyjobs.tests.CandidateApplyPageTest@4a94ee4 depends on not successfully finished methods 
[com.qa.easyjobs.tests.CandidateApplyPageTest.testSaveBasicInfo() on instance com.qa.easyjobs.tests.CandidateApplyPageTest@4a94ee4]
	at org.testng.internal.invokers.TestInvoker.invokeTestMethods(TestInvoker.java:159)
	at org.testng.internal.invokers.TestMethodWorker.invokeTestMethods(TestMethodWorker.java:154)
	at org.testng.internal.invokers.TestMethodWorker.run(TestMethodWorker.java:134)
	at java.base/java.util.ArrayList.forEach(ArrayList.java:1596)
	at org.testng.TestRunner.privateRun(TestRunner.java:739)
	at org.testng.TestRunner.run(TestRunner.java:614)
	at org.testng.SuiteRunner.runTest(SuiteRunner.java:421)
	at org.testng.SuiteRunner.runSequentially(SuiteRunner.java:413)
	at org.testng.SuiteRunner.privateRun(SuiteRunner.java:373)
	at org.testng.SuiteRunner.run(SuiteRunner.java:312)
	at org.testng.SuiteRunnerWorker.runSuite(SuiteRunnerWorker.java:52)
	at org.testng.SuiteRunnerWorker.run(SuiteRunnerWorker.java:95)
	at org.testng.TestNG.runSuitesSequentially(TestNG.java:1274)
	at org.testng.TestNG.runSuitesLocally(TestNG.java:1208)
	at org.testng.TestNG.runSuites(TestNG.java:1112)
	at org.testng.TestNG.run(TestNG.java:1079)
	at org.testng.remote.AbstractRemoteTestNG.run(AbstractRemoteTestNG.java:115)
	at org.testng.remote.RemoteTestNG.initAndRun(RemoteTestNG.java:293)
	at org.testng.remote.RemoteTestNG.main(RemoteTestNG.java:91)
</pre></div></td>
<td>0</td>
<td>com.qa.easyjobs.tests.CandidateApplyPageTest@4a94ee4</td></tr>
<tr>
<td title='com.qa.easyjobs.tests.CandidateApplyPageTest.testScreeningPageVisible()'><b>testScreeningPageVisible</b><br>Test class: com.qa.easyjobs.tests.CandidateApplyPageTest</td>
<td><div><pre>java.lang.Throwable: Method com.qa.easyjobs.tests.CandidateApplyPageTest.testScreeningPageVisible() on instance com.qa.easyjobs.tests.CandidateApplyPageTest@4a94ee4 depends on not successfully finished methods 
[com.qa.easyjobs.tests.CandidateApplyPageTest.testSaveContinueAfterCoverLetter() on instance com.qa.easyjobs.tests.CandidateApplyPageTest@4a94ee4]
	at java.base/java.util.ArrayList.forEach(ArrayList.java:1596)
... Removed 18 stack frames</pre></div><a href='#' onClick='toggleBox("stack-trace65488937", this, "Click to show all stack frames", "Click to hide stack frames")'>Click to show all stack frames</a>
<div class='stack-trace' id='stack-trace65488937'><pre>java.lang.Throwable: Method com.qa.easyjobs.tests.CandidateApplyPageTest.testScreeningPageVisible() on instance com.qa.easyjobs.tests.CandidateApplyPageTest@4a94ee4 depends on not successfully finished methods 
[com.qa.easyjobs.tests.CandidateApplyPageTest.testSaveContinueAfterCoverLetter() on instance com.qa.easyjobs.tests.CandidateApplyPageTest@4a94ee4]
	at org.testng.internal.invokers.TestInvoker.invokeTestMethods(TestInvoker.java:159)
	at org.testng.internal.invokers.TestMethodWorker.invokeTestMethods(TestMethodWorker.java:154)
	at org.testng.internal.invokers.TestMethodWorker.run(TestMethodWorker.java:134)
	at java.base/java.util.ArrayList.forEach(ArrayList.java:1596)
	at org.testng.TestRunner.privateRun(TestRunner.java:739)
	at org.testng.TestRunner.run(TestRunner.java:614)
	at org.testng.SuiteRunner.runTest(SuiteRunner.java:421)
	at org.testng.SuiteRunner.runSequentially(SuiteRunner.java:413)
	at org.testng.SuiteRunner.privateRun(SuiteRunner.java:373)
	at org.testng.SuiteRunner.run(SuiteRunner.java:312)
	at org.testng.SuiteRunnerWorker.runSuite(SuiteRunnerWorker.java:52)
	at org.testng.SuiteRunnerWorker.run(SuiteRunnerWorker.java:95)
	at org.testng.TestNG.runSuitesSequentially(TestNG.java:1274)
	at org.testng.TestNG.runSuitesLocally(TestNG.java:1208)
	at org.testng.TestNG.runSuites(TestNG.java:1112)
	at org.testng.TestNG.run(TestNG.java:1079)
	at org.testng.remote.AbstractRemoteTestNG.run(AbstractRemoteTestNG.java:115)
	at org.testng.remote.RemoteTestNG.initAndRun(RemoteTestNG.java:293)
	at org.testng.remote.RemoteTestNG.main(RemoteTestNG.java:91)
</pre></div></td>
<td>0</td>
<td>com.qa.easyjobs.tests.CandidateApplyPageTest@4a94ee4</td></tr>
<tr>
<td title='com.qa.easyjobs.tests.CandidateApplyPageTest.testSubmitQuizAnswer()'><b>testSubmitQuizAnswer</b><br>Test class: com.qa.easyjobs.tests.CandidateApplyPageTest</td>
<td><div><pre>java.lang.Throwable: Method com.qa.easyjobs.tests.CandidateApplyPageTest.testSubmitQuizAnswer() on instance com.qa.easyjobs.tests.CandidateApplyPageTest@4a94ee4 depends on not successfully finished methods 
[com.qa.easyjobs.tests.CandidateApplyPageTest.testSelectQuizOption2() on instance com.qa.easyjobs.tests.CandidateApplyPageTest@4a94ee4]
	at java.base/java.util.ArrayList.forEach(ArrayList.java:1596)
... Removed 18 stack frames</pre></div><a href='#' onClick='toggleBox("stack-trace2144284609", this, "Click to show all stack frames", "Click to hide stack frames")'>Click to show all stack frames</a>
<div class='stack-trace' id='stack-trace2144284609'><pre>java.lang.Throwable: Method com.qa.easyjobs.tests.CandidateApplyPageTest.testSubmitQuizAnswer() on instance com.qa.easyjobs.tests.CandidateApplyPageTest@4a94ee4 depends on not successfully finished methods 
[com.qa.easyjobs.tests.CandidateApplyPageTest.testSelectQuizOption2() on instance com.qa.easyjobs.tests.CandidateApplyPageTest@4a94ee4]
	at org.testng.internal.invokers.TestInvoker.invokeTestMethods(TestInvoker.java:159)
	at org.testng.internal.invokers.TestMethodWorker.invokeTestMethods(TestMethodWorker.java:154)
	at org.testng.internal.invokers.TestMethodWorker.run(TestMethodWorker.java:134)
	at java.base/java.util.ArrayList.forEach(ArrayList.java:1596)
	at org.testng.TestRunner.privateRun(TestRunner.java:739)
	at org.testng.TestRunner.run(TestRunner.java:614)
	at org.testng.SuiteRunner.runTest(SuiteRunner.java:421)
	at org.testng.SuiteRunner.runSequentially(SuiteRunner.java:413)
	at org.testng.SuiteRunner.privateRun(SuiteRunner.java:373)
	at org.testng.SuiteRunner.run(SuiteRunner.java:312)
	at org.testng.SuiteRunnerWorker.runSuite(SuiteRunnerWorker.java:52)
	at org.testng.SuiteRunnerWorker.run(SuiteRunnerWorker.java:95)
	at org.testng.TestNG.runSuitesSequentially(TestNG.java:1274)
	at org.testng.TestNG.runSuitesLocally(TestNG.java:1208)
	at org.testng.TestNG.runSuites(TestNG.java:1112)
	at org.testng.TestNG.run(TestNG.java:1079)
	at org.testng.remote.AbstractRemoteTestNG.run(AbstractRemoteTestNG.java:115)
	at org.testng.remote.RemoteTestNG.initAndRun(RemoteTestNG.java:293)
	at org.testng.remote.RemoteTestNG.main(RemoteTestNG.java:91)
</pre></div></td>
<td>0</td>
<td>com.qa.easyjobs.tests.CandidateApplyPageTest@4a94ee4</td></tr>
<tr>
<td title='com.qa.easyjobs.tests.CandidateApplyPageTest.testSaveBasicInfo()'><b>testSaveBasicInfo</b><br>Test class: com.qa.easyjobs.tests.CandidateApplyPageTest</td>
<td><div><pre>java.lang.Throwable: Method com.qa.easyjobs.tests.CandidateApplyPageTest.testSaveBasicInfo() on instance com.qa.easyjobs.tests.CandidateApplyPageTest@4a94ee4 depends on not successfully finished methods 
[com.qa.easyjobs.tests.CandidateApplyPageTest.cAIModal() on instance com.qa.easyjobs.tests.CandidateApplyPageTest@4a94ee4]
	at java.base/java.util.ArrayList.forEach(ArrayList.java:1596)
... Removed 18 stack frames</pre></div><a href='#' onClick='toggleBox("stack-trace630028734", this, "Click to show all stack frames", "Click to hide stack frames")'>Click to show all stack frames</a>
<div class='stack-trace' id='stack-trace630028734'><pre>java.lang.Throwable: Method com.qa.easyjobs.tests.CandidateApplyPageTest.testSaveBasicInfo() on instance com.qa.easyjobs.tests.CandidateApplyPageTest@4a94ee4 depends on not successfully finished methods 
[com.qa.easyjobs.tests.CandidateApplyPageTest.cAIModal() on instance com.qa.easyjobs.tests.CandidateApplyPageTest@4a94ee4]
	at org.testng.internal.invokers.TestInvoker.invokeTestMethods(TestInvoker.java:159)
	at org.testng.internal.invokers.TestMethodWorker.invokeTestMethods(TestMethodWorker.java:154)
	at org.testng.internal.invokers.TestMethodWorker.run(TestMethodWorker.java:134)
	at java.base/java.util.ArrayList.forEach(ArrayList.java:1596)
	at org.testng.TestRunner.privateRun(TestRunner.java:739)
	at org.testng.TestRunner.run(TestRunner.java:614)
	at org.testng.SuiteRunner.runTest(SuiteRunner.java:421)
	at org.testng.SuiteRunner.runSequentially(SuiteRunner.java:413)
	at org.testng.SuiteRunner.privateRun(SuiteRunner.java:373)
	at org.testng.SuiteRunner.run(SuiteRunner.java:312)
	at org.testng.SuiteRunnerWorker.runSuite(SuiteRunnerWorker.java:52)
	at org.testng.SuiteRunnerWorker.run(SuiteRunnerWorker.java:95)
	at org.testng.TestNG.runSuitesSequentially(TestNG.java:1274)
	at org.testng.TestNG.runSuitesLocally(TestNG.java:1208)
	at org.testng.TestNG.runSuites(TestNG.java:1112)
	at org.testng.TestNG.run(TestNG.java:1079)
	at org.testng.remote.AbstractRemoteTestNG.run(AbstractRemoteTestNG.java:115)
	at org.testng.remote.RemoteTestNG.initAndRun(RemoteTestNG.java:293)
	at org.testng.remote.RemoteTestNG.main(RemoteTestNG.java:91)
</pre></div></td>
<td>0</td>
<td>com.qa.easyjobs.tests.CandidateApplyPageTest@4a94ee4</td></tr>
<tr>
<td title='com.qa.easyjobs.tests.CandidateApplyPageTest.testSelectAnswer3()'><b>testSelectAnswer3</b><br>Test class: com.qa.easyjobs.tests.CandidateApplyPageTest</td>
<td><div><pre>java.lang.Throwable: Method com.qa.easyjobs.tests.CandidateApplyPageTest.testSelectAnswer3() on instance com.qa.easyjobs.tests.CandidateApplyPageTest@4a94ee4 depends on not successfully finished methods 
[com.qa.easyjobs.tests.CandidateApplyPageTest.testScreeningPageVisible() on instance com.qa.easyjobs.tests.CandidateApplyPageTest@4a94ee4]
	at java.base/java.util.ArrayList.forEach(ArrayList.java:1596)
... Removed 18 stack frames</pre></div><a href='#' onClick='toggleBox("stack-trace999230073", this, "Click to show all stack frames", "Click to hide stack frames")'>Click to show all stack frames</a>
<div class='stack-trace' id='stack-trace999230073'><pre>java.lang.Throwable: Method com.qa.easyjobs.tests.CandidateApplyPageTest.testSelectAnswer3() on instance com.qa.easyjobs.tests.CandidateApplyPageTest@4a94ee4 depends on not successfully finished methods 
[com.qa.easyjobs.tests.CandidateApplyPageTest.testScreeningPageVisible() on instance com.qa.easyjobs.tests.CandidateApplyPageTest@4a94ee4]
	at org.testng.internal.invokers.TestInvoker.invokeTestMethods(TestInvoker.java:159)
	at org.testng.internal.invokers.TestMethodWorker.invokeTestMethods(TestMethodWorker.java:154)
	at org.testng.internal.invokers.TestMethodWorker.run(TestMethodWorker.java:134)
	at java.base/java.util.ArrayList.forEach(ArrayList.java:1596)
	at org.testng.TestRunner.privateRun(TestRunner.java:739)
	at org.testng.TestRunner.run(TestRunner.java:614)
	at org.testng.SuiteRunner.runTest(SuiteRunner.java:421)
	at org.testng.SuiteRunner.runSequentially(SuiteRunner.java:413)
	at org.testng.SuiteRunner.privateRun(SuiteRunner.java:373)
	at org.testng.SuiteRunner.run(SuiteRunner.java:312)
	at org.testng.SuiteRunnerWorker.runSuite(SuiteRunnerWorker.java:52)
	at org.testng.SuiteRunnerWorker.run(SuiteRunnerWorker.java:95)
	at org.testng.TestNG.runSuitesSequentially(TestNG.java:1274)
	at org.testng.TestNG.runSuitesLocally(TestNG.java:1208)
	at org.testng.TestNG.runSuites(TestNG.java:1112)
	at org.testng.TestNG.run(TestNG.java:1079)
	at org.testng.remote.AbstractRemoteTestNG.run(AbstractRemoteTestNG.java:115)
	at org.testng.remote.RemoteTestNG.initAndRun(RemoteTestNG.java:293)
	at org.testng.remote.RemoteTestNG.main(RemoteTestNG.java:91)
</pre></div></td>
<td>0</td>
<td>com.qa.easyjobs.tests.CandidateApplyPageTest@4a94ee4</td></tr>
<tr>
<td title='com.qa.easyjobs.tests.CandidateApplyPageTest.testSaveContinueScreening()'><b>testSaveContinueScreening</b><br>Test class: com.qa.easyjobs.tests.CandidateApplyPageTest</td>
<td><div><pre>java.lang.Throwable: Method com.qa.easyjobs.tests.CandidateApplyPageTest.testSaveContinueScreening() on instance com.qa.easyjobs.tests.CandidateApplyPageTest@4a94ee4 depends on not successfully finished methods 
[com.qa.easyjobs.tests.CandidateApplyPageTest.testSelectAnswer3() on instance com.qa.easyjobs.tests.CandidateApplyPageTest@4a94ee4]
	at java.base/java.util.ArrayList.forEach(ArrayList.java:1596)
... Removed 18 stack frames</pre></div><a href='#' onClick='toggleBox("stack-trace1215904751", this, "Click to show all stack frames", "Click to hide stack frames")'>Click to show all stack frames</a>
<div class='stack-trace' id='stack-trace1215904751'><pre>java.lang.Throwable: Method com.qa.easyjobs.tests.CandidateApplyPageTest.testSaveContinueScreening() on instance com.qa.easyjobs.tests.CandidateApplyPageTest@4a94ee4 depends on not successfully finished methods 
[com.qa.easyjobs.tests.CandidateApplyPageTest.testSelectAnswer3() on instance com.qa.easyjobs.tests.CandidateApplyPageTest@4a94ee4]
	at org.testng.internal.invokers.TestInvoker.invokeTestMethods(TestInvoker.java:159)
	at org.testng.internal.invokers.TestMethodWorker.invokeTestMethods(TestMethodWorker.java:154)
	at org.testng.internal.invokers.TestMethodWorker.run(TestMethodWorker.java:134)
	at java.base/java.util.ArrayList.forEach(ArrayList.java:1596)
	at org.testng.TestRunner.privateRun(TestRunner.java:739)
	at org.testng.TestRunner.run(TestRunner.java:614)
	at org.testng.SuiteRunner.runTest(SuiteRunner.java:421)
	at org.testng.SuiteRunner.runSequentially(SuiteRunner.java:413)
	at org.testng.SuiteRunner.privateRun(SuiteRunner.java:373)
	at org.testng.SuiteRunner.run(SuiteRunner.java:312)
	at org.testng.SuiteRunnerWorker.runSuite(SuiteRunnerWorker.java:52)
	at org.testng.SuiteRunnerWorker.run(SuiteRunnerWorker.java:95)
	at org.testng.TestNG.runSuitesSequentially(TestNG.java:1274)
	at org.testng.TestNG.runSuitesLocally(TestNG.java:1208)
	at org.testng.TestNG.runSuites(TestNG.java:1112)
	at org.testng.TestNG.run(TestNG.java:1079)
	at org.testng.remote.AbstractRemoteTestNG.run(AbstractRemoteTestNG.java:115)
	at org.testng.remote.RemoteTestNG.initAndRun(RemoteTestNG.java:293)
	at org.testng.remote.RemoteTestNG.main(RemoteTestNG.java:91)
</pre></div></td>
<td>0</td>
<td>com.qa.easyjobs.tests.CandidateApplyPageTest@4a94ee4</td></tr>
<tr>
<td title='com.qa.easyjobs.tests.CandidateApplyPageTest.testStartQuiz()'><b>testStartQuiz</b><br>Test class: com.qa.easyjobs.tests.CandidateApplyPageTest</td>
<td><div><pre>java.lang.Throwable: Method com.qa.easyjobs.tests.CandidateApplyPageTest.testStartQuiz() on instance com.qa.easyjobs.tests.CandidateApplyPageTest@4a94ee4 depends on not successfully finished methods 
[com.qa.easyjobs.tests.CandidateApplyPageTest.testQuizPageVisible() on instance com.qa.easyjobs.tests.CandidateApplyPageTest@4a94ee4]
	at java.base/java.util.ArrayList.forEach(ArrayList.java:1596)
... Removed 18 stack frames</pre></div><a href='#' onClick='toggleBox("stack-trace2058135834", this, "Click to show all stack frames", "Click to hide stack frames")'>Click to show all stack frames</a>
<div class='stack-trace' id='stack-trace2058135834'><pre>java.lang.Throwable: Method com.qa.easyjobs.tests.CandidateApplyPageTest.testStartQuiz() on instance com.qa.easyjobs.tests.CandidateApplyPageTest@4a94ee4 depends on not successfully finished methods 
[com.qa.easyjobs.tests.CandidateApplyPageTest.testQuizPageVisible() on instance com.qa.easyjobs.tests.CandidateApplyPageTest@4a94ee4]
	at org.testng.internal.invokers.TestInvoker.invokeTestMethods(TestInvoker.java:159)
	at org.testng.internal.invokers.TestMethodWorker.invokeTestMethods(TestMethodWorker.java:154)
	at org.testng.internal.invokers.TestMethodWorker.run(TestMethodWorker.java:134)
	at java.base/java.util.ArrayList.forEach(ArrayList.java:1596)
	at org.testng.TestRunner.privateRun(TestRunner.java:739)
	at org.testng.TestRunner.run(TestRunner.java:614)
	at org.testng.SuiteRunner.runTest(SuiteRunner.java:421)
	at org.testng.SuiteRunner.runSequentially(SuiteRunner.java:413)
	at org.testng.SuiteRunner.privateRun(SuiteRunner.java:373)
	at org.testng.SuiteRunner.run(SuiteRunner.java:312)
	at org.testng.SuiteRunnerWorker.runSuite(SuiteRunnerWorker.java:52)
	at org.testng.SuiteRunnerWorker.run(SuiteRunnerWorker.java:95)
	at org.testng.TestNG.runSuitesSequentially(TestNG.java:1274)
	at org.testng.TestNG.runSuitesLocally(TestNG.java:1208)
	at org.testng.TestNG.runSuites(TestNG.java:1112)
	at org.testng.TestNG.run(TestNG.java:1079)
	at org.testng.remote.AbstractRemoteTestNG.run(AbstractRemoteTestNG.java:115)
	at org.testng.remote.RemoteTestNG.initAndRun(RemoteTestNG.java:293)
	at org.testng.remote.RemoteTestNG.main(RemoteTestNG.java:91)
</pre></div></td>
<td>0</td>
<td>com.qa.easyjobs.tests.CandidateApplyPageTest@4a94ee4</td></tr>
<tr>
<td title='com.qa.easyjobs.tests.CandidateApplyPageTest.testFinalPageVisible()'><b>testFinalPageVisible</b><br>Test class: com.qa.easyjobs.tests.CandidateApplyPageTest</td>
<td><div><pre>java.lang.Throwable: Method com.qa.easyjobs.tests.CandidateApplyPageTest.testFinalPageVisible() on instance com.qa.easyjobs.tests.CandidateApplyPageTest@4a94ee4 depends on not successfully finished methods 
[com.qa.easyjobs.tests.CandidateApplyPageTest.testSubmitQuizAnswer() on instance com.qa.easyjobs.tests.CandidateApplyPageTest@4a94ee4]
	at java.base/java.util.ArrayList.forEach(ArrayList.java:1596)
... Removed 18 stack frames</pre></div><a href='#' onClick='toggleBox("stack-trace1100399456", this, "Click to show all stack frames", "Click to hide stack frames")'>Click to show all stack frames</a>
<div class='stack-trace' id='stack-trace1100399456'><pre>java.lang.Throwable: Method com.qa.easyjobs.tests.CandidateApplyPageTest.testFinalPageVisible() on instance com.qa.easyjobs.tests.CandidateApplyPageTest@4a94ee4 depends on not successfully finished methods 
[com.qa.easyjobs.tests.CandidateApplyPageTest.testSubmitQuizAnswer() on instance com.qa.easyjobs.tests.CandidateApplyPageTest@4a94ee4]
	at org.testng.internal.invokers.TestInvoker.invokeTestMethods(TestInvoker.java:159)
	at org.testng.internal.invokers.TestMethodWorker.invokeTestMethods(TestMethodWorker.java:154)
	at org.testng.internal.invokers.TestMethodWorker.run(TestMethodWorker.java:134)
	at java.base/java.util.ArrayList.forEach(ArrayList.java:1596)
	at org.testng.TestRunner.privateRun(TestRunner.java:739)
	at org.testng.TestRunner.run(TestRunner.java:614)
	at org.testng.SuiteRunner.runTest(SuiteRunner.java:421)
	at org.testng.SuiteRunner.runSequentially(SuiteRunner.java:413)
	at org.testng.SuiteRunner.privateRun(SuiteRunner.java:373)
	at org.testng.SuiteRunner.run(SuiteRunner.java:312)
	at org.testng.SuiteRunnerWorker.runSuite(SuiteRunnerWorker.java:52)
	at org.testng.SuiteRunnerWorker.run(SuiteRunnerWorker.java:95)
	at org.testng.TestNG.runSuitesSequentially(TestNG.java:1274)
	at org.testng.TestNG.runSuitesLocally(TestNG.java:1208)
	at org.testng.TestNG.runSuites(TestNG.java:1112)
	at org.testng.TestNG.run(TestNG.java:1079)
	at org.testng.remote.AbstractRemoteTestNG.run(AbstractRemoteTestNG.java:115)
	at org.testng.remote.RemoteTestNG.initAndRun(RemoteTestNG.java:293)
	at org.testng.remote.RemoteTestNG.main(RemoteTestNG.java:91)
</pre></div></td>
<td>0</td>
<td>com.qa.easyjobs.tests.CandidateApplyPageTest@4a94ee4</td></tr>
<tr>
<td title='com.qa.easyjobs.tests.CandidateApplyPageTest.testSubmitApplication()'><b>testSubmitApplication</b><br>Test class: com.qa.easyjobs.tests.CandidateApplyPageTest</td>
<td><div><pre>java.lang.Throwable: Method com.qa.easyjobs.tests.CandidateApplyPageTest.testSubmitApplication() on instance com.qa.easyjobs.tests.CandidateApplyPageTest@4a94ee4 depends on not successfully finished methods 
[com.qa.easyjobs.tests.CandidateApplyPageTest.testFinalPageVisible() on instance com.qa.easyjobs.tests.CandidateApplyPageTest@4a94ee4]
	at java.base/java.util.ArrayList.forEach(ArrayList.java:1596)
... Removed 18 stack frames</pre></div><a href='#' onClick='toggleBox("stack-trace35984028", this, "Click to show all stack frames", "Click to hide stack frames")'>Click to show all stack frames</a>
<div class='stack-trace' id='stack-trace35984028'><pre>java.lang.Throwable: Method com.qa.easyjobs.tests.CandidateApplyPageTest.testSubmitApplication() on instance com.qa.easyjobs.tests.CandidateApplyPageTest@4a94ee4 depends on not successfully finished methods 
[com.qa.easyjobs.tests.CandidateApplyPageTest.testFinalPageVisible() on instance com.qa.easyjobs.tests.CandidateApplyPageTest@4a94ee4]
	at org.testng.internal.invokers.TestInvoker.invokeTestMethods(TestInvoker.java:159)
	at org.testng.internal.invokers.TestMethodWorker.invokeTestMethods(TestMethodWorker.java:154)
	at org.testng.internal.invokers.TestMethodWorker.run(TestMethodWorker.java:134)
	at java.base/java.util.ArrayList.forEach(ArrayList.java:1596)
	at org.testng.TestRunner.privateRun(TestRunner.java:739)
	at org.testng.TestRunner.run(TestRunner.java:614)
	at org.testng.SuiteRunner.runTest(SuiteRunner.java:421)
	at org.testng.SuiteRunner.runSequentially(SuiteRunner.java:413)
	at org.testng.SuiteRunner.privateRun(SuiteRunner.java:373)
	at org.testng.SuiteRunner.run(SuiteRunner.java:312)
	at org.testng.SuiteRunnerWorker.runSuite(SuiteRunnerWorker.java:52)
	at org.testng.SuiteRunnerWorker.run(SuiteRunnerWorker.java:95)
	at org.testng.TestNG.runSuitesSequentially(TestNG.java:1274)
	at org.testng.TestNG.runSuitesLocally(TestNG.java:1208)
	at org.testng.TestNG.runSuites(TestNG.java:1112)
	at org.testng.TestNG.run(TestNG.java:1079)
	at org.testng.remote.AbstractRemoteTestNG.run(AbstractRemoteTestNG.java:115)
	at org.testng.remote.RemoteTestNG.initAndRun(RemoteTestNG.java:293)
	at org.testng.remote.RemoteTestNG.main(RemoteTestNG.java:91)
</pre></div></td>
<td>0</td>
<td>com.qa.easyjobs.tests.CandidateApplyPageTest@4a94ee4</td></tr>
<tr>
<td title='com.qa.easyjobs.tests.CandidateApplyPageTest.cAIModal()'><b>cAIModal</b><br>Test class: com.qa.easyjobs.tests.CandidateApplyPageTest</td>
<td><div><pre>java.lang.Throwable: Method com.qa.easyjobs.tests.CandidateApplyPageTest.cAIModal() on instance com.qa.easyjobs.tests.CandidateApplyPageTest@4a94ee4 depends on not successfully finished methods 
[com.qa.easyjobs.tests.CandidateApplyPageTest.testApplyNow() on instance com.qa.easyjobs.tests.CandidateApplyPageTest@4a94ee4]
	at java.base/java.util.ArrayList.forEach(ArrayList.java:1596)
... Removed 18 stack frames</pre></div><a href='#' onClick='toggleBox("stack-trace1221991240", this, "Click to show all stack frames", "Click to hide stack frames")'>Click to show all stack frames</a>
<div class='stack-trace' id='stack-trace1221991240'><pre>java.lang.Throwable: Method com.qa.easyjobs.tests.CandidateApplyPageTest.cAIModal() on instance com.qa.easyjobs.tests.CandidateApplyPageTest@4a94ee4 depends on not successfully finished methods 
[com.qa.easyjobs.tests.CandidateApplyPageTest.testApplyNow() on instance com.qa.easyjobs.tests.CandidateApplyPageTest@4a94ee4]
	at org.testng.internal.invokers.TestInvoker.invokeTestMethods(TestInvoker.java:159)
	at org.testng.internal.invokers.TestMethodWorker.invokeTestMethods(TestMethodWorker.java:154)
	at org.testng.internal.invokers.TestMethodWorker.run(TestMethodWorker.java:134)
	at java.base/java.util.ArrayList.forEach(ArrayList.java:1596)
	at org.testng.TestRunner.privateRun(TestRunner.java:739)
	at org.testng.TestRunner.run(TestRunner.java:614)
	at org.testng.SuiteRunner.runTest(SuiteRunner.java:421)
	at org.testng.SuiteRunner.runSequentially(SuiteRunner.java:413)
	at org.testng.SuiteRunner.privateRun(SuiteRunner.java:373)
	at org.testng.SuiteRunner.run(SuiteRunner.java:312)
	at org.testng.SuiteRunnerWorker.runSuite(SuiteRunnerWorker.java:52)
	at org.testng.SuiteRunnerWorker.run(SuiteRunnerWorker.java:95)
	at org.testng.TestNG.runSuitesSequentially(TestNG.java:1274)
	at org.testng.TestNG.runSuitesLocally(TestNG.java:1208)
	at org.testng.TestNG.runSuites(TestNG.java:1112)
	at org.testng.TestNG.run(TestNG.java:1079)
	at org.testng.remote.AbstractRemoteTestNG.run(AbstractRemoteTestNG.java:115)
	at org.testng.remote.RemoteTestNG.initAndRun(RemoteTestNG.java:293)
	at org.testng.remote.RemoteTestNG.main(RemoteTestNG.java:91)
</pre></div></td>
<td>0</td>
<td>com.qa.easyjobs.tests.CandidateApplyPageTest@4a94ee4</td></tr>
<tr>
<td title='com.qa.easyjobs.tests.CandidateApplyPageTest.testQuizPageVisible()'><b>testQuizPageVisible</b><br>Test class: com.qa.easyjobs.tests.CandidateApplyPageTest</td>
<td><div><pre>java.lang.Throwable: Method com.qa.easyjobs.tests.CandidateApplyPageTest.testQuizPageVisible() on instance com.qa.easyjobs.tests.CandidateApplyPageTest@4a94ee4 depends on not successfully finished methods 
[com.qa.easyjobs.tests.CandidateApplyPageTest.testSaveContinueScreening() on instance com.qa.easyjobs.tests.CandidateApplyPageTest@4a94ee4]
	at java.base/java.util.ArrayList.forEach(ArrayList.java:1596)
... Removed 18 stack frames</pre></div><a href='#' onClick='toggleBox("stack-trace1052212904", this, "Click to show all stack frames", "Click to hide stack frames")'>Click to show all stack frames</a>
<div class='stack-trace' id='stack-trace1052212904'><pre>java.lang.Throwable: Method com.qa.easyjobs.tests.CandidateApplyPageTest.testQuizPageVisible() on instance com.qa.easyjobs.tests.CandidateApplyPageTest@4a94ee4 depends on not successfully finished methods 
[com.qa.easyjobs.tests.CandidateApplyPageTest.testSaveContinueScreening() on instance com.qa.easyjobs.tests.CandidateApplyPageTest@4a94ee4]
	at org.testng.internal.invokers.TestInvoker.invokeTestMethods(TestInvoker.java:159)
	at org.testng.internal.invokers.TestMethodWorker.invokeTestMethods(TestMethodWorker.java:154)
	at org.testng.internal.invokers.TestMethodWorker.run(TestMethodWorker.java:134)
	at java.base/java.util.ArrayList.forEach(ArrayList.java:1596)
	at org.testng.TestRunner.privateRun(TestRunner.java:739)
	at org.testng.TestRunner.run(TestRunner.java:614)
	at org.testng.SuiteRunner.runTest(SuiteRunner.java:421)
	at org.testng.SuiteRunner.runSequentially(SuiteRunner.java:413)
	at org.testng.SuiteRunner.privateRun(SuiteRunner.java:373)
	at org.testng.SuiteRunner.run(SuiteRunner.java:312)
	at org.testng.SuiteRunnerWorker.runSuite(SuiteRunnerWorker.java:52)
	at org.testng.SuiteRunnerWorker.run(SuiteRunnerWorker.java:95)
	at org.testng.TestNG.runSuitesSequentially(TestNG.java:1274)
	at org.testng.TestNG.runSuitesLocally(TestNG.java:1208)
	at org.testng.TestNG.runSuites(TestNG.java:1112)
	at org.testng.TestNG.run(TestNG.java:1079)
	at org.testng.remote.AbstractRemoteTestNG.run(AbstractRemoteTestNG.java:115)
	at org.testng.remote.RemoteTestNG.initAndRun(RemoteTestNG.java:293)
	at org.testng.remote.RemoteTestNG.main(RemoteTestNG.java:91)
</pre></div></td>
<td>0</td>
<td>com.qa.easyjobs.tests.CandidateApplyPageTest@4a94ee4</td></tr>
</table><p>
</body>
</html>