<?xml version="1.0" encoding="UTF-8"?>
<testng-results ignored="0" total="56" passed="19" failed="12" skipped="25">
  <reporter-output>
  </reporter-output>
  <suite started-at="2025-01-05T12:19:41 BDT" name="EasyJobs Test Regression PW Suite" finished-at="2025-01-05T12:24:38 BDT" duration-ms="296787">
    <groups>
    </groups>
    <test started-at="2025-01-05T12:19:41 BDT" name="EasyJobs LoginPage Test" finished-at="2025-01-05T12:22:01 BDT" duration-ms="139956">
      <class name="com.qa.easyjobs.tests.LoginPageTest">
        <test-method is-config="true" signature="setup()[pri:0, instance:com.qa.easyjobs.tests.LoginPageTest@654f0d9c]" started-at="2025-01-05T12:19:41 BDT" name="setup" finished-at="2025-01-05T12:21:59 BDT" duration-ms="137766" status="PASS">
          <reporter-output>
          </reporter-output>
        </test-method> <!-- setup -->
        <test-method signature="loginPageTitleTest()[pri:1, instance:com.qa.easyjobs.tests.LoginPageTest@654f0d9c]" started-at="2025-01-05T12:21:59 BDT" name="loginPageTitleTest" finished-at="2025-01-05T12:21:59 BDT" duration-ms="12" status="PASS">
          <reporter-output>
          </reporter-output>
        </test-method> <!-- loginPageTitleTest -->
        <test-method signature="loginPageURL()[pri:2, instance:com.qa.easyjobs.tests.LoginPageTest@654f0d9c]" started-at="2025-01-05T12:21:59 BDT" name="loginPageURL" finished-at="2025-01-05T12:21:59 BDT" duration-ms="1" status="PASS">
          <reporter-output>
          </reporter-output>
        </test-method> <!-- loginPageURL -->
        <test-method signature="forgotPwdLinkExistTest()[pri:3, instance:com.qa.easyjobs.tests.LoginPageTest@654f0d9c]" started-at="2025-01-05T12:21:59 BDT" name="forgotPwdLinkExistTest" finished-at="2025-01-05T12:21:59 BDT" duration-ms="21" status="PASS">
          <reporter-output>
          </reporter-output>
        </test-method> <!-- forgotPwdLinkExistTest -->
        <test-method signature="doLoginTest()[pri:4, instance:com.qa.easyjobs.tests.LoginPageTest@654f0d9c]" started-at="2025-01-05T12:21:59 BDT" name="doLoginTest" finished-at="2025-01-05T12:22:01 BDT" duration-ms="2039" status="PASS">
          <reporter-output>
          </reporter-output>
        </test-method> <!-- doLoginTest -->
        <test-method is-config="true" signature="tearDown()[pri:0, instance:com.qa.easyjobs.tests.LoginPageTest@654f0d9c]" started-at="2025-01-05T12:22:01 BDT" name="tearDown" finished-at="2025-01-05T12:22:01 BDT" duration-ms="82" status="PASS">
          <reporter-output>
          </reporter-output>
        </test-method> <!-- tearDown -->
      </class> <!-- com.qa.easyjobs.tests.LoginPageTest -->
    </test> <!-- EasyJobs LoginPage Test -->
    <test started-at="2025-01-05T12:22:01 BDT" name="EasyJobs DashboardPage Test" finished-at="2025-01-05T12:22:22 BDT" duration-ms="21510">
      <class name="com.qa.easyjobs.tests.DashboardPageTest">
        <test-method is-config="true" signature="setup()[pri:0, instance:com.qa.easyjobs.tests.DashboardPageTest@441772e]" started-at="2025-01-05T12:22:01 BDT" name="setup" finished-at="2025-01-05T12:22:04 BDT" duration-ms="2892" status="PASS">
          <reporter-output>
          </reporter-output>
        </test-method> <!-- setup -->
        <test-method signature="dashboardPageTitleTest()[pri:1, instance:com.qa.easyjobs.tests.DashboardPageTest@441772e]" started-at="2025-01-05T12:22:04 BDT" name="dashboardPageTitleTest" finished-at="2025-01-05T12:22:07 BDT" duration-ms="3009" status="PASS">
          <reporter-output>
          </reporter-output>
        </test-method> <!-- dashboardPageTitleTest -->
        <test-method signature="testRecentApplicantsSection()[pri:2, instance:com.qa.easyjobs.tests.DashboardPageTest@441772e]" started-at="2025-01-05T12:22:07 BDT" name="testRecentApplicantsSection" finished-at="2025-01-05T12:22:10 BDT" duration-ms="3032" status="PASS">
          <reporter-output>
          </reporter-output>
        </test-method> <!-- testRecentApplicantsSection -->
        <test-method signature="testActiveCandidateCardClickable()[pri:3, instance:com.qa.easyjobs.tests.DashboardPageTest@441772e]" started-at="2025-01-05T12:22:10 BDT" name="testActiveCandidateCardClickable" finished-at="2025-01-05T12:22:13 BDT" duration-ms="3466" status="PASS">
          <reporter-output>
          </reporter-output>
        </test-method> <!-- testActiveCandidateCardClickable -->
        <test-method signature="testActiveJobsClickable()[pri:4, instance:com.qa.easyjobs.tests.DashboardPageTest@441772e]" started-at="2025-01-05T12:22:13 BDT" name="testActiveJobsClickable" finished-at="2025-01-05T12:22:18 BDT" duration-ms="4514" status="PASS">
          <reporter-output>
          </reporter-output>
        </test-method> <!-- testActiveJobsClickable -->
        <test-method signature="testTeamMembersClickable()[pri:5, instance:com.qa.easyjobs.tests.DashboardPageTest@441772e]" started-at="2025-01-05T12:22:18 BDT" name="testTeamMembersClickable" finished-at="2025-01-05T12:22:22 BDT" duration-ms="4505" status="PASS">
          <reporter-output>
          </reporter-output>
        </test-method> <!-- testTeamMembersClickable -->
        <test-method is-config="true" signature="tearDown()[pri:0, instance:com.qa.easyjobs.tests.DashboardPageTest@441772e]" started-at="2025-01-05T12:22:22 BDT" name="tearDown" finished-at="2025-01-05T12:22:22 BDT" duration-ms="81" status="PASS">
          <reporter-output>
          </reporter-output>
        </test-method> <!-- tearDown -->
      </class> <!-- com.qa.easyjobs.tests.DashboardPageTest -->
    </test> <!-- EasyJobs DashboardPage Test -->
    <test started-at="2025-01-05T12:22:22 BDT" name="EasyJobs JobPage Test" finished-at="2025-01-05T12:24:32 BDT" duration-ms="129814">
      <class name="com.qa.easyjobs.tests.JobPageTest">
        <test-method is-config="true" signature="setup()[pri:0, instance:com.qa.easyjobs.tests.JobPageTest@3bb9a3ff]" started-at="2025-01-05T12:22:22 BDT" name="setup" finished-at="2025-01-05T12:22:25 BDT" duration-ms="2783" status="PASS">
          <reporter-output>
          </reporter-output>
        </test-method> <!-- setup -->
        <test-method signature="testNavigateToJobPage()[pri:1, instance:com.qa.easyjobs.tests.JobPageTest@3bb9a3ff]" started-at="2025-01-05T12:22:25 BDT" name="testNavigateToJobPage" finished-at="2025-01-05T12:22:28 BDT" duration-ms="3124" status="PASS">
          <reporter-output>
          </reporter-output>
        </test-method> <!-- testNavigateToJobPage -->
        <test-method signature="jobPageTitleTest()[pri:2, instance:com.qa.easyjobs.tests.JobPageTest@3bb9a3ff]" started-at="2025-01-05T12:22:28 BDT" name="jobPageTitleTest" finished-at="2025-01-05T12:22:31 BDT" duration-ms="3009" status="PASS">
          <reporter-output>
          </reporter-output>
        </test-method> <!-- jobPageTitleTest -->
        <test-method signature="createJobTest()[pri:3, instance:com.qa.easyjobs.tests.JobPageTest@3bb9a3ff]" started-at="2025-01-05T12:22:31 BDT" name="createJobTest" finished-at="2025-01-05T12:22:34 BDT" duration-ms="3098" status="PASS">
          <reporter-output>
          </reporter-output>
        </test-method> <!-- createJobTest -->
        <test-method signature="fillJobDetails()[pri:4, instance:com.qa.easyjobs.tests.JobPageTest@3bb9a3ff]" started-at="2025-01-05T12:22:34 BDT" name="fillJobDetails" finished-at="2025-01-05T12:22:44 BDT" duration-ms="9546" status="PASS">
          <reporter-output>
          </reporter-output>
        </test-method> <!-- fillJobDetails -->
        <test-method signature="selectJobType()[pri:5, instance:com.qa.easyjobs.tests.JobPageTest@3bb9a3ff]" started-at="2025-01-05T12:22:44 BDT" name="selectJobType" finished-at="2025-01-05T12:22:47 BDT" duration-ms="3182" status="PASS">
          <reporter-output>
          </reporter-output>
        </test-method> <!-- selectJobType -->
        <test-method signature="setExpiryDate()[pri:6, instance:com.qa.easyjobs.tests.JobPageTest@3bb9a3ff]" started-at="2025-01-05T12:22:47 BDT" name="setExpiryDate" finished-at="2025-01-05T12:22:50 BDT" duration-ms="3097" status="PASS">
          <reporter-output>
          </reporter-output>
        </test-method> <!-- setExpiryDate -->
        <test-method signature="selectJobCategory()[pri:7, instance:com.qa.easyjobs.tests.JobPageTest@3bb9a3ff]" started-at="2025-01-05T12:22:50 BDT" name="selectJobCategory" finished-at="2025-01-05T12:23:20 BDT" duration-ms="30134" status="FAIL">
          <exception class="com.microsoft.playwright.TimeoutError">
            <message>
              <![CDATA[Error {
  message='Timeout 30000ms exceeded.
  name='TimeoutError
  stack='TimeoutError: Timeout 30000ms exceeded.
    at ProgressController.run (/private/var/folders/mc/dyqmrmzn7wzgnndqb4yxm5ch0000gn/T/playwright-java-10600792000996021267/package/lib/server/progress.js:87:26)
    at Frame.click (/private/var/folders/mc/dyqmrmzn7wzgnndqb4yxm5ch0000gn/T/playwright-java-10600792000996021267/package/lib/server/frames.js:995:23)
    at FrameDispatcher.click (/private/var/folders/mc/dyqmrmzn7wzgnndqb4yxm5ch0000gn/T/playwright-java-10600792000996021267/package/lib/server/dispatchers/frameDispatcher.js:158:30)
    at FrameDispatcher._handleCommand (/private/var/folders/mc/dyqmrmzn7wzgnndqb4yxm5ch0000gn/T/playwright-java-10600792000996021267/package/lib/server/dispatchers/dispatcher.js:94:40)
    at DispatcherConnection.dispatch (/private/var/folders/mc/dyqmrmzn7wzgnndqb4yxm5ch0000gn/T/playwright-java-10600792000996021267/package/lib/server/dispatchers/dispatcher.js:362:39)
}
Call log:
- waiting for locator("//span[contains(text(),'3D Animator')]")
]]>
            </message>
            <full-stacktrace>
              <![CDATA[com.microsoft.playwright.TimeoutError: Error {
  message='Timeout 30000ms exceeded.
  name='TimeoutError
  stack='TimeoutError: Timeout 30000ms exceeded.
    at ProgressController.run (/private/var/folders/mc/dyqmrmzn7wzgnndqb4yxm5ch0000gn/T/playwright-java-10600792000996021267/package/lib/server/progress.js:87:26)
    at Frame.click (/private/var/folders/mc/dyqmrmzn7wzgnndqb4yxm5ch0000gn/T/playwright-java-10600792000996021267/package/lib/server/frames.js:995:23)
    at FrameDispatcher.click (/private/var/folders/mc/dyqmrmzn7wzgnndqb4yxm5ch0000gn/T/playwright-java-10600792000996021267/package/lib/server/dispatchers/frameDispatcher.js:158:30)
    at FrameDispatcher._handleCommand (/private/var/folders/mc/dyqmrmzn7wzgnndqb4yxm5ch0000gn/T/playwright-java-10600792000996021267/package/lib/server/dispatchers/dispatcher.js:94:40)
    at DispatcherConnection.dispatch (/private/var/folders/mc/dyqmrmzn7wzgnndqb4yxm5ch0000gn/T/playwright-java-10600792000996021267/package/lib/server/dispatchers/dispatcher.js:362:39)
}
Call log:
- waiting for locator("//span[contains(text(),'3D Animator')]")

at com.microsoft.playwright.impl.WaitableResult.get(WaitableResult.java:52)
at com.microsoft.playwright.impl.ChannelOwner.runUntil(ChannelOwner.java:120)
at com.microsoft.playwright.impl.Connection.sendMessage(Connection.java:129)
at com.microsoft.playwright.impl.ChannelOwner.sendMessage(ChannelOwner.java:106)
at com.microsoft.playwright.impl.FrameImpl.clickImpl(FrameImpl.java:252)
at com.microsoft.playwright.impl.PageImpl.lambda$click$17(PageImpl.java:586)
at com.microsoft.playwright.impl.LoggingSupport.lambda$withLogging$0(LoggingSupport.java:36)
at com.microsoft.playwright.impl.LoggingSupport.withLogging(LoggingSupport.java:47)
at com.microsoft.playwright.impl.ChannelOwner.withLogging(ChannelOwner.java:89)
at com.microsoft.playwright.impl.LoggingSupport.withLogging(LoggingSupport.java:35)
at com.microsoft.playwright.impl.PageImpl.click(PageImpl.java:585)
at com.microsoft.playwright.Page.click(Page.java:3779)
at com.qa.easyjobs.pages.JobPage.selectJobCategory(JobPage.java:137)
at com.qa.easyjobs.tests.JobPageTest.selectJobCategory(JobPageTest.java:86)
at java.base/jdk.internal.reflect.DirectMethodHandleAccessor.invoke(DirectMethodHandleAccessor.java:103)
at java.base/java.lang.reflect.Method.invoke(Method.java:580)
at org.testng.internal.invokers.MethodInvocationHelper.invokeMethod(MethodInvocationHelper.java:141)
at org.testng.internal.invokers.TestInvoker.invokeMethod(TestInvoker.java:686)
at org.testng.internal.invokers.TestInvoker.invokeTestMethod(TestInvoker.java:230)
at org.testng.internal.invokers.MethodRunner.runInSequence(MethodRunner.java:63)
at org.testng.internal.invokers.TestInvoker$MethodInvocationAgent.invoke(TestInvoker.java:992)
at org.testng.internal.invokers.TestInvoker.invokeTestMethods(TestInvoker.java:203)
at org.testng.internal.invokers.TestMethodWorker.invokeTestMethods(TestMethodWorker.java:154)
at org.testng.internal.invokers.TestMethodWorker.run(TestMethodWorker.java:134)
at java.base/java.util.ArrayList.forEach(ArrayList.java:1596)
at org.testng.TestRunner.privateRun(TestRunner.java:739)
at org.testng.TestRunner.run(TestRunner.java:614)
at org.testng.SuiteRunner.runTest(SuiteRunner.java:421)
at org.testng.SuiteRunner.runSequentially(SuiteRunner.java:413)
at org.testng.SuiteRunner.privateRun(SuiteRunner.java:373)
at org.testng.SuiteRunner.run(SuiteRunner.java:312)
at org.testng.SuiteRunnerWorker.runSuite(SuiteRunnerWorker.java:52)
at org.testng.SuiteRunnerWorker.run(SuiteRunnerWorker.java:95)
at org.testng.TestNG.runSuitesSequentially(TestNG.java:1274)
at org.testng.TestNG.runSuitesLocally(TestNG.java:1208)
at org.testng.TestNG.runSuites(TestNG.java:1112)
at org.testng.TestNG.run(TestNG.java:1079)
at org.testng.remote.AbstractRemoteTestNG.run(AbstractRemoteTestNG.java:115)
at org.testng.remote.RemoteTestNG.initAndRun(RemoteTestNG.java:293)
at org.testng.remote.RemoteTestNG.main(RemoteTestNG.java:91)
Caused by: com.microsoft.playwright.TimeoutError: Error {
  message='Timeout 30000ms exceeded.
  name='TimeoutError
  stack='TimeoutError: Timeout 30000ms exceeded.
    at ProgressController.run (/private/var/folders/mc/dyqmrmzn7wzgnndqb4yxm5ch0000gn/T/playwright-java-10600792000996021267/package/lib/server/progress.js:87:26)
    at Frame.click (/private/var/folders/mc/dyqmrmzn7wzgnndqb4yxm5ch0000gn/T/playwright-java-10600792000996021267/package/lib/server/frames.js:995:23)
    at FrameDispatcher.click (/private/var/folders/mc/dyqmrmzn7wzgnndqb4yxm5ch0000gn/T/playwright-java-10600792000996021267/package/lib/server/dispatchers/frameDispatcher.js:158:30)
    at FrameDispatcher._handleCommand (/private/var/folders/mc/dyqmrmzn7wzgnndqb4yxm5ch0000gn/T/playwright-java-10600792000996021267/package/lib/server/dispatchers/dispatcher.js:94:40)
    at DispatcherConnection.dispatch (/private/var/folders/mc/dyqmrmzn7wzgnndqb4yxm5ch0000gn/T/playwright-java-10600792000996021267/package/lib/server/dispatchers/dispatcher.js:362:39)
}
Call log:
- waiting for locator("//span[contains(text(),'3D Animator')]")

at com.microsoft.playwright.impl.Connection.dispatch(Connection.java:254)
at com.microsoft.playwright.impl.Connection.processOneMessage(Connection.java:209)
at com.microsoft.playwright.impl.ChannelOwner.runUntil(ChannelOwner.java:118)
... 38 more
]]>
            </full-stacktrace>
          </exception> <!-- com.microsoft.playwright.TimeoutError -->
          <reporter-output>
          </reporter-output>
        </test-method> <!-- selectJobCategory -->
        <test-method signature="selectSkills()[pri:8, instance:com.qa.easyjobs.tests.JobPageTest@3bb9a3ff]" started-at="2025-01-05T12:23:20 BDT" name="selectSkills" finished-at="2025-01-05T12:23:24 BDT" duration-ms="3458" status="PASS">
          <reporter-output>
          </reporter-output>
        </test-method> <!-- selectSkills -->
        <test-method signature="selectEmploymentType()[pri:9, instance:com.qa.easyjobs.tests.JobPageTest@3bb9a3ff]" started-at="2025-01-05T12:23:24 BDT" name="selectEmploymentType" finished-at="2025-01-05T12:23:24 BDT" duration-ms="182" status="PASS">
          <reporter-output>
          </reporter-output>
        </test-method> <!-- selectEmploymentType -->
        <test-method signature="selectSalaryType()[pri:10, instance:com.qa.easyjobs.tests.JobPageTest@3bb9a3ff]" started-at="2025-01-05T12:23:24 BDT" name="selectSalaryType" finished-at="2025-01-05T12:23:27 BDT" duration-ms="3227" status="PASS">
          <reporter-output>
          </reporter-output>
        </test-method> <!-- selectSalaryType -->
        <test-method signature="clickSaveButton()[pri:11, instance:com.qa.easyjobs.tests.JobPageTest@3bb9a3ff]" started-at="2025-01-05T12:23:27 BDT" name="clickSaveButton" finished-at="2025-01-05T12:23:30 BDT" duration-ms="3108" status="PASS">
          <reporter-output>
          </reporter-output>
        </test-method> <!-- clickSaveButton -->
        <test-method signature="screeningQuestionPageTitleTest()[pri:12, instance:com.qa.easyjobs.tests.JobPageTest@3bb9a3ff]" started-at="2025-01-05T12:23:30 BDT" name="screeningQuestionPageTitleTest" finished-at="2025-01-05T12:23:30 BDT" duration-ms="12" status="FAIL">
          <exception class="java.lang.AssertionError">
            <message>
              <![CDATA[Page title does not match after navigating to the Job Page! expected [easy.jobs | Job Screening Question] but found [easy.jobs | Job Create]]]>
            </message>
            <full-stacktrace>
              <![CDATA[java.lang.AssertionError: Page title does not match after navigating to the Job Page! expected [easy.jobs | Job Screening Question] but found [easy.jobs | Job Create]
at org.testng.Assert.fail(Assert.java:111)
at org.testng.Assert.failNotEquals(Assert.java:1578)
at org.testng.Assert.assertEqualsImpl(Assert.java:150)
at org.testng.Assert.assertEquals(Assert.java:132)
at org.testng.Assert.assertEquals(Assert.java:656)
at com.qa.easyjobs.tests.JobPageTest.screeningQuestionPageTitleTest(JobPageTest.java:143)
at java.base/jdk.internal.reflect.DirectMethodHandleAccessor.invoke(DirectMethodHandleAccessor.java:103)
at java.base/java.lang.reflect.Method.invoke(Method.java:580)
at org.testng.internal.invokers.MethodInvocationHelper.invokeMethod(MethodInvocationHelper.java:141)
at org.testng.internal.invokers.TestInvoker.invokeMethod(TestInvoker.java:686)
at org.testng.internal.invokers.TestInvoker.invokeTestMethod(TestInvoker.java:230)
at org.testng.internal.invokers.MethodRunner.runInSequence(MethodRunner.java:63)
at org.testng.internal.invokers.TestInvoker$MethodInvocationAgent.invoke(TestInvoker.java:992)
at org.testng.internal.invokers.TestInvoker.invokeTestMethods(TestInvoker.java:203)
at org.testng.internal.invokers.TestMethodWorker.invokeTestMethods(TestMethodWorker.java:154)
at org.testng.internal.invokers.TestMethodWorker.run(TestMethodWorker.java:134)
at java.base/java.util.ArrayList.forEach(ArrayList.java:1596)
at org.testng.TestRunner.privateRun(TestRunner.java:739)
at org.testng.TestRunner.run(TestRunner.java:614)
at org.testng.SuiteRunner.runTest(SuiteRunner.java:421)
at org.testng.SuiteRunner.runSequentially(SuiteRunner.java:413)
at org.testng.SuiteRunner.privateRun(SuiteRunner.java:373)
at org.testng.SuiteRunner.run(SuiteRunner.java:312)
at org.testng.SuiteRunnerWorker.runSuite(SuiteRunnerWorker.java:52)
at org.testng.SuiteRunnerWorker.run(SuiteRunnerWorker.java:95)
at org.testng.TestNG.runSuitesSequentially(TestNG.java:1274)
at org.testng.TestNG.runSuitesLocally(TestNG.java:1208)
at org.testng.TestNG.runSuites(TestNG.java:1112)
at org.testng.TestNG.run(TestNG.java:1079)
at org.testng.remote.AbstractRemoteTestNG.run(AbstractRemoteTestNG.java:115)
at org.testng.remote.RemoteTestNG.initAndRun(RemoteTestNG.java:293)
at org.testng.remote.RemoteTestNG.main(RemoteTestNG.java:91)
]]>
            </full-stacktrace>
          </exception> <!-- java.lang.AssertionError -->
          <reporter-output>
          </reporter-output>
        </test-method> <!-- screeningQuestionPageTitleTest -->
        <test-method signature="addScreeningQuestions()[pri:13, instance:com.qa.easyjobs.tests.JobPageTest@3bb9a3ff]" started-at="2025-01-05T12:23:30 BDT" name="addScreeningQuestions" finished-at="2025-01-05T12:24:01 BDT" duration-ms="30158" status="FAIL">
          <exception class="com.microsoft.playwright.TimeoutError">
            <message>
              <![CDATA[Error {
  message='Timeout 30000ms exceeded.
  name='TimeoutError
  stack='TimeoutError: Timeout 30000ms exceeded.
    at ProgressController.run (/private/var/folders/mc/dyqmrmzn7wzgnndqb4yxm5ch0000gn/T/playwright-java-10600792000996021267/package/lib/server/progress.js:87:26)
    at Frame.click (/private/var/folders/mc/dyqmrmzn7wzgnndqb4yxm5ch0000gn/T/playwright-java-10600792000996021267/package/lib/server/frames.js:995:23)
    at FrameDispatcher.click (/private/var/folders/mc/dyqmrmzn7wzgnndqb4yxm5ch0000gn/T/playwright-java-10600792000996021267/package/lib/server/dispatchers/frameDispatcher.js:158:30)
    at FrameDispatcher._handleCommand (/private/var/folders/mc/dyqmrmzn7wzgnndqb4yxm5ch0000gn/T/playwright-java-10600792000996021267/package/lib/server/dispatchers/dispatcher.js:94:40)
    at DispatcherConnection.dispatch (/private/var/folders/mc/dyqmrmzn7wzgnndqb4yxm5ch0000gn/T/playwright-java-10600792000996021267/package/lib/server/dispatchers/dispatcher.js:362:39)
}
Call log:
- waiting for locator("//span[@class='multiselect__option multiselect__option--highlight']")
-   locator resolved to <span data-select="" data-deselect="" data-selected="S…>…</span>
- attempting click action
-   waiting for element to be visible, enabled and stable
-     element is not visible - waiting...
]]>
            </message>
            <full-stacktrace>
              <![CDATA[com.microsoft.playwright.TimeoutError: Error {
  message='Timeout 30000ms exceeded.
  name='TimeoutError
  stack='TimeoutError: Timeout 30000ms exceeded.
    at ProgressController.run (/private/var/folders/mc/dyqmrmzn7wzgnndqb4yxm5ch0000gn/T/playwright-java-10600792000996021267/package/lib/server/progress.js:87:26)
    at Frame.click (/private/var/folders/mc/dyqmrmzn7wzgnndqb4yxm5ch0000gn/T/playwright-java-10600792000996021267/package/lib/server/frames.js:995:23)
    at FrameDispatcher.click (/private/var/folders/mc/dyqmrmzn7wzgnndqb4yxm5ch0000gn/T/playwright-java-10600792000996021267/package/lib/server/dispatchers/frameDispatcher.js:158:30)
    at FrameDispatcher._handleCommand (/private/var/folders/mc/dyqmrmzn7wzgnndqb4yxm5ch0000gn/T/playwright-java-10600792000996021267/package/lib/server/dispatchers/dispatcher.js:94:40)
    at DispatcherConnection.dispatch (/private/var/folders/mc/dyqmrmzn7wzgnndqb4yxm5ch0000gn/T/playwright-java-10600792000996021267/package/lib/server/dispatchers/dispatcher.js:362:39)
}
Call log:
- waiting for locator("//span[@class='multiselect__option multiselect__option--highlight']")
-   locator resolved to <span data-select="" data-deselect="" data-selected="S…>…</span>
- attempting click action
-   waiting for element to be visible, enabled and stable
-     element is not visible - waiting...

at com.microsoft.playwright.impl.WaitableResult.get(WaitableResult.java:52)
at com.microsoft.playwright.impl.ChannelOwner.runUntil(ChannelOwner.java:120)
at com.microsoft.playwright.impl.Connection.sendMessage(Connection.java:129)
at com.microsoft.playwright.impl.ChannelOwner.sendMessage(ChannelOwner.java:106)
at com.microsoft.playwright.impl.FrameImpl.clickImpl(FrameImpl.java:252)
at com.microsoft.playwright.impl.PageImpl.lambda$click$17(PageImpl.java:586)
at com.microsoft.playwright.impl.LoggingSupport.lambda$withLogging$0(LoggingSupport.java:36)
at com.microsoft.playwright.impl.LoggingSupport.withLogging(LoggingSupport.java:47)
at com.microsoft.playwright.impl.ChannelOwner.withLogging(ChannelOwner.java:89)
at com.microsoft.playwright.impl.LoggingSupport.withLogging(LoggingSupport.java:35)
at com.microsoft.playwright.impl.PageImpl.click(PageImpl.java:585)
at com.microsoft.playwright.Page.click(Page.java:3779)
at com.qa.easyjobs.pages.JobPage.addScreeningQuestions(JobPage.java:171)
at com.qa.easyjobs.tests.JobPageTest.addScreeningQuestions(JobPageTest.java:151)
at java.base/jdk.internal.reflect.DirectMethodHandleAccessor.invoke(DirectMethodHandleAccessor.java:103)
at java.base/java.lang.reflect.Method.invoke(Method.java:580)
at org.testng.internal.invokers.MethodInvocationHelper.invokeMethod(MethodInvocationHelper.java:141)
at org.testng.internal.invokers.TestInvoker.invokeMethod(TestInvoker.java:686)
at org.testng.internal.invokers.TestInvoker.invokeTestMethod(TestInvoker.java:230)
at org.testng.internal.invokers.MethodRunner.runInSequence(MethodRunner.java:63)
at org.testng.internal.invokers.TestInvoker$MethodInvocationAgent.invoke(TestInvoker.java:992)
at org.testng.internal.invokers.TestInvoker.invokeTestMethods(TestInvoker.java:203)
at org.testng.internal.invokers.TestMethodWorker.invokeTestMethods(TestMethodWorker.java:154)
at org.testng.internal.invokers.TestMethodWorker.run(TestMethodWorker.java:134)
at java.base/java.util.ArrayList.forEach(ArrayList.java:1596)
at org.testng.TestRunner.privateRun(TestRunner.java:739)
at org.testng.TestRunner.run(TestRunner.java:614)
at org.testng.SuiteRunner.runTest(SuiteRunner.java:421)
at org.testng.SuiteRunner.runSequentially(SuiteRunner.java:413)
at org.testng.SuiteRunner.privateRun(SuiteRunner.java:373)
at org.testng.SuiteRunner.run(SuiteRunner.java:312)
at org.testng.SuiteRunnerWorker.runSuite(SuiteRunnerWorker.java:52)
at org.testng.SuiteRunnerWorker.run(SuiteRunnerWorker.java:95)
at org.testng.TestNG.runSuitesSequentially(TestNG.java:1274)
at org.testng.TestNG.runSuitesLocally(TestNG.java:1208)
at org.testng.TestNG.runSuites(TestNG.java:1112)
at org.testng.TestNG.run(TestNG.java:1079)
at org.testng.remote.AbstractRemoteTestNG.run(AbstractRemoteTestNG.java:115)
at org.testng.remote.RemoteTestNG.initAndRun(RemoteTestNG.java:293)
at org.testng.remote.RemoteTestNG.main(RemoteTestNG.java:91)
Caused by: com.microsoft.playwright.TimeoutError: Error {
  message='Timeout 30000ms exceeded.
  name='TimeoutError
  stack='TimeoutError: Timeout 30000ms exceeded.
    at ProgressController.run (/private/var/folders/mc/dyqmrmzn7wzgnndqb4yxm5ch0000gn/T/playwright-java-10600792000996021267/package/lib/server/progress.js:87:26)
    at Frame.click (/private/var/folders/mc/dyqmrmzn7wzgnndqb4yxm5ch0000gn/T/playwright-java-10600792000996021267/package/lib/server/frames.js:995:23)
    at FrameDispatcher.click (/private/var/folders/mc/dyqmrmzn7wzgnndqb4yxm5ch0000gn/T/playwright-java-10600792000996021267/package/lib/server/dispatchers/frameDispatcher.js:158:30)
    at FrameDispatcher._handleCommand (/private/var/folders/mc/dyqmrmzn7wzgnndqb4yxm5ch0000gn/T/playwright-java-10600792000996021267/package/lib/server/dispatchers/dispatcher.js:94:40)
    at DispatcherConnection.dispatch (/private/var/folders/mc/dyqmrmzn7wzgnndqb4yxm5ch0000gn/T/playwright-java-10600792000996021267/package/lib/server/dispatchers/dispatcher.js:362:39)
}
Call log:
- waiting for locator("//span[@class='multiselect__option multiselect__option--highlight']")
-   locator resolved to <span data-select="" data-deselect="" data-selected="S…>…</span>
- attempting click action
-   waiting for element to be visible, enabled and stable
-     element is not visible - waiting...

at com.microsoft.playwright.impl.Connection.dispatch(Connection.java:254)
at com.microsoft.playwright.impl.Connection.processOneMessage(Connection.java:209)
at com.microsoft.playwright.impl.ChannelOwner.runUntil(ChannelOwner.java:118)
... 38 more
]]>
            </full-stacktrace>
          </exception> <!-- com.microsoft.playwright.TimeoutError -->
          <reporter-output>
          </reporter-output>
        </test-method> <!-- addScreeningQuestions -->
        <test-method signature="screeningQuestionSaveButton()[pri:14, instance:com.qa.easyjobs.tests.JobPageTest@3bb9a3ff]" started-at="2025-01-05T12:24:01 BDT" name="screeningQuestionSaveButton" finished-at="2025-01-05T12:24:31 BDT" duration-ms="30054" status="FAIL">
          <exception class="com.microsoft.playwright.TimeoutError">
            <message>
              <![CDATA[Error {
  message='Timeout 30000ms exceeded.
  name='TimeoutError
  stack='TimeoutError: Timeout 30000ms exceeded.
    at ProgressController.run (/private/var/folders/mc/dyqmrmzn7wzgnndqb4yxm5ch0000gn/T/playwright-java-10600792000996021267/package/lib/server/progress.js:87:26)
    at Frame.click (/private/var/folders/mc/dyqmrmzn7wzgnndqb4yxm5ch0000gn/T/playwright-java-10600792000996021267/package/lib/server/frames.js:995:23)
    at FrameDispatcher.click (/private/var/folders/mc/dyqmrmzn7wzgnndqb4yxm5ch0000gn/T/playwright-java-10600792000996021267/package/lib/server/dispatchers/frameDispatcher.js:158:30)
    at FrameDispatcher._handleCommand (/private/var/folders/mc/dyqmrmzn7wzgnndqb4yxm5ch0000gn/T/playwright-java-10600792000996021267/package/lib/server/dispatchers/dispatcher.js:94:40)
    at DispatcherConnection.dispatch (/private/var/folders/mc/dyqmrmzn7wzgnndqb4yxm5ch0000gn/T/playwright-java-10600792000996021267/package/lib/server/dispatchers/dispatcher.js:362:39)
}
Call log:
- waiting for locator("//button[normalize-space()='Save & Continue']")
]]>
            </message>
            <full-stacktrace>
              <![CDATA[com.microsoft.playwright.TimeoutError: Error {
  message='Timeout 30000ms exceeded.
  name='TimeoutError
  stack='TimeoutError: Timeout 30000ms exceeded.
    at ProgressController.run (/private/var/folders/mc/dyqmrmzn7wzgnndqb4yxm5ch0000gn/T/playwright-java-10600792000996021267/package/lib/server/progress.js:87:26)
    at Frame.click (/private/var/folders/mc/dyqmrmzn7wzgnndqb4yxm5ch0000gn/T/playwright-java-10600792000996021267/package/lib/server/frames.js:995:23)
    at FrameDispatcher.click (/private/var/folders/mc/dyqmrmzn7wzgnndqb4yxm5ch0000gn/T/playwright-java-10600792000996021267/package/lib/server/dispatchers/frameDispatcher.js:158:30)
    at FrameDispatcher._handleCommand (/private/var/folders/mc/dyqmrmzn7wzgnndqb4yxm5ch0000gn/T/playwright-java-10600792000996021267/package/lib/server/dispatchers/dispatcher.js:94:40)
    at DispatcherConnection.dispatch (/private/var/folders/mc/dyqmrmzn7wzgnndqb4yxm5ch0000gn/T/playwright-java-10600792000996021267/package/lib/server/dispatchers/dispatcher.js:362:39)
}
Call log:
- waiting for locator("//button[normalize-space()='Save & Continue']")

at com.microsoft.playwright.impl.WaitableResult.get(WaitableResult.java:52)
at com.microsoft.playwright.impl.ChannelOwner.runUntil(ChannelOwner.java:120)
at com.microsoft.playwright.impl.Connection.sendMessage(Connection.java:129)
at com.microsoft.playwright.impl.ChannelOwner.sendMessage(ChannelOwner.java:106)
at com.microsoft.playwright.impl.FrameImpl.clickImpl(FrameImpl.java:252)
at com.microsoft.playwright.impl.PageImpl.lambda$click$17(PageImpl.java:586)
at com.microsoft.playwright.impl.LoggingSupport.lambda$withLogging$0(LoggingSupport.java:36)
at com.microsoft.playwright.impl.LoggingSupport.withLogging(LoggingSupport.java:47)
at com.microsoft.playwright.impl.ChannelOwner.withLogging(ChannelOwner.java:89)
at com.microsoft.playwright.impl.LoggingSupport.withLogging(LoggingSupport.java:35)
at com.microsoft.playwright.impl.PageImpl.click(PageImpl.java:585)
at com.microsoft.playwright.Page.click(Page.java:3779)
at com.qa.easyjobs.pages.JobPage.screeningQuestionSaveButton(JobPage.java:177)
at com.qa.easyjobs.tests.JobPageTest.screeningQuestionSaveButton(JobPageTest.java:159)
at java.base/jdk.internal.reflect.DirectMethodHandleAccessor.invoke(DirectMethodHandleAccessor.java:103)
at java.base/java.lang.reflect.Method.invoke(Method.java:580)
at org.testng.internal.invokers.MethodInvocationHelper.invokeMethod(MethodInvocationHelper.java:141)
at org.testng.internal.invokers.TestInvoker.invokeMethod(TestInvoker.java:686)
at org.testng.internal.invokers.TestInvoker.invokeTestMethod(TestInvoker.java:230)
at org.testng.internal.invokers.MethodRunner.runInSequence(MethodRunner.java:63)
at org.testng.internal.invokers.TestInvoker$MethodInvocationAgent.invoke(TestInvoker.java:992)
at org.testng.internal.invokers.TestInvoker.invokeTestMethods(TestInvoker.java:203)
at org.testng.internal.invokers.TestMethodWorker.invokeTestMethods(TestMethodWorker.java:154)
at org.testng.internal.invokers.TestMethodWorker.run(TestMethodWorker.java:134)
at java.base/java.util.ArrayList.forEach(ArrayList.java:1596)
at org.testng.TestRunner.privateRun(TestRunner.java:739)
at org.testng.TestRunner.run(TestRunner.java:614)
at org.testng.SuiteRunner.runTest(SuiteRunner.java:421)
at org.testng.SuiteRunner.runSequentially(SuiteRunner.java:413)
at org.testng.SuiteRunner.privateRun(SuiteRunner.java:373)
at org.testng.SuiteRunner.run(SuiteRunner.java:312)
at org.testng.SuiteRunnerWorker.runSuite(SuiteRunnerWorker.java:52)
at org.testng.SuiteRunnerWorker.run(SuiteRunnerWorker.java:95)
at org.testng.TestNG.runSuitesSequentially(TestNG.java:1274)
at org.testng.TestNG.runSuitesLocally(TestNG.java:1208)
at org.testng.TestNG.runSuites(TestNG.java:1112)
at org.testng.TestNG.run(TestNG.java:1079)
at org.testng.remote.AbstractRemoteTestNG.run(AbstractRemoteTestNG.java:115)
at org.testng.remote.RemoteTestNG.initAndRun(RemoteTestNG.java:293)
at org.testng.remote.RemoteTestNG.main(RemoteTestNG.java:91)
Caused by: com.microsoft.playwright.TimeoutError: Error {
  message='Timeout 30000ms exceeded.
  name='TimeoutError
  stack='TimeoutError: Timeout 30000ms exceeded.
    at ProgressController.run (/private/var/folders/mc/dyqmrmzn7wzgnndqb4yxm5ch0000gn/T/playwright-java-10600792000996021267/package/lib/server/progress.js:87:26)
    at Frame.click (/private/var/folders/mc/dyqmrmzn7wzgnndqb4yxm5ch0000gn/T/playwright-java-10600792000996021267/package/lib/server/frames.js:995:23)
    at FrameDispatcher.click (/private/var/folders/mc/dyqmrmzn7wzgnndqb4yxm5ch0000gn/T/playwright-java-10600792000996021267/package/lib/server/dispatchers/frameDispatcher.js:158:30)
    at FrameDispatcher._handleCommand (/private/var/folders/mc/dyqmrmzn7wzgnndqb4yxm5ch0000gn/T/playwright-java-10600792000996021267/package/lib/server/dispatchers/dispatcher.js:94:40)
    at DispatcherConnection.dispatch (/private/var/folders/mc/dyqmrmzn7wzgnndqb4yxm5ch0000gn/T/playwright-java-10600792000996021267/package/lib/server/dispatchers/dispatcher.js:362:39)
}
Call log:
- waiting for locator("//button[normalize-space()='Save & Continue']")

at com.microsoft.playwright.impl.Connection.dispatch(Connection.java:254)
at com.microsoft.playwright.impl.Connection.processOneMessage(Connection.java:209)
at com.microsoft.playwright.impl.ChannelOwner.runUntil(ChannelOwner.java:118)
... 38 more
]]>
            </full-stacktrace>
          </exception> <!-- com.microsoft.playwright.TimeoutError -->
          <reporter-output>
          </reporter-output>
        </test-method> <!-- screeningQuestionSaveButton -->
        <test-method signature="quizQuestionPageTitleTest()[pri:15, instance:com.qa.easyjobs.tests.JobPageTest@3bb9a3ff]" started-at="2025-01-05T12:24:31 BDT" name="quizQuestionPageTitleTest" finished-at="2025-01-05T12:24:31 BDT" duration-ms="2" status="FAIL">
          <exception class="java.lang.AssertionError">
            <message>
              <![CDATA[Page title does not match after navigating to the Job Page! expected [easy.jobs | Job Quiz] but found [easy.jobs | Job Create]]]>
            </message>
            <full-stacktrace>
              <![CDATA[java.lang.AssertionError: Page title does not match after navigating to the Job Page! expected [easy.jobs | Job Quiz] but found [easy.jobs | Job Create]
at org.testng.Assert.fail(Assert.java:111)
at org.testng.Assert.failNotEquals(Assert.java:1578)
at org.testng.Assert.assertEqualsImpl(Assert.java:150)
at org.testng.Assert.assertEquals(Assert.java:132)
at org.testng.Assert.assertEquals(Assert.java:656)
at com.qa.easyjobs.tests.JobPageTest.quizQuestionPageTitleTest(JobPageTest.java:169)
at java.base/jdk.internal.reflect.DirectMethodHandleAccessor.invoke(DirectMethodHandleAccessor.java:103)
at java.base/java.lang.reflect.Method.invoke(Method.java:580)
at org.testng.internal.invokers.MethodInvocationHelper.invokeMethod(MethodInvocationHelper.java:141)
at org.testng.internal.invokers.TestInvoker.invokeMethod(TestInvoker.java:686)
at org.testng.internal.invokers.TestInvoker.invokeTestMethod(TestInvoker.java:230)
at org.testng.internal.invokers.MethodRunner.runInSequence(MethodRunner.java:63)
at org.testng.internal.invokers.TestInvoker$MethodInvocationAgent.invoke(TestInvoker.java:992)
at org.testng.internal.invokers.TestInvoker.invokeTestMethods(TestInvoker.java:203)
at org.testng.internal.invokers.TestMethodWorker.invokeTestMethods(TestMethodWorker.java:154)
at org.testng.internal.invokers.TestMethodWorker.run(TestMethodWorker.java:134)
at java.base/java.util.ArrayList.forEach(ArrayList.java:1596)
at org.testng.TestRunner.privateRun(TestRunner.java:739)
at org.testng.TestRunner.run(TestRunner.java:614)
at org.testng.SuiteRunner.runTest(SuiteRunner.java:421)
at org.testng.SuiteRunner.runSequentially(SuiteRunner.java:413)
at org.testng.SuiteRunner.privateRun(SuiteRunner.java:373)
at org.testng.SuiteRunner.run(SuiteRunner.java:312)
at org.testng.SuiteRunnerWorker.runSuite(SuiteRunnerWorker.java:52)
at org.testng.SuiteRunnerWorker.run(SuiteRunnerWorker.java:95)
at org.testng.TestNG.runSuitesSequentially(TestNG.java:1274)
at org.testng.TestNG.runSuitesLocally(TestNG.java:1208)
at org.testng.TestNG.runSuites(TestNG.java:1112)
at org.testng.TestNG.run(TestNG.java:1079)
at org.testng.remote.AbstractRemoteTestNG.run(AbstractRemoteTestNG.java:115)
at org.testng.remote.RemoteTestNG.initAndRun(RemoteTestNG.java:293)
at org.testng.remote.RemoteTestNG.main(RemoteTestNG.java:91)
]]>
            </full-stacktrace>
          </exception> <!-- java.lang.AssertionError -->
          <reporter-output>
          </reporter-output>
        </test-method> <!-- quizQuestionPageTitleTest -->
        <test-method signature="addQuizQuestions()[pri:16, instance:com.qa.easyjobs.tests.JobPageTest@3bb9a3ff]" started-at="2025-01-05T12:24:31 BDT" name="addQuizQuestions" finished-at="2025-01-05T12:24:32 BDT" duration-ms="1473" status="FAIL">
          <exception class="com.microsoft.playwright.PlaywrightException">
            <message>
              <![CDATA[Error {
  message='Target page, context or browser has been closed
  name='TargetClosedError
  stack='TargetClosedError: Target page, context or browser has been closed
    at DispatcherConnection.dispatch (/private/var/folders/mc/dyqmrmzn7wzgnndqb4yxm5ch0000gn/T/playwright-java-10600792000996021267/package/lib/server/dispatchers/dispatcher.js:375:15)
}
Call log:
- waiting for locator("//span[@class='multiselect__option multiselect__option--highlight']")
-   locator resolved to <span data-select="" data-deselect="" data-selected="S…>…</span>
- attempting click action
-   waiting for element to be visible, enabled and stable
-     element is not visible - waiting...
]]>
            </message>
            <full-stacktrace>
              <![CDATA[com.microsoft.playwright.PlaywrightException: Error {
  message='Target page, context or browser has been closed
  name='TargetClosedError
  stack='TargetClosedError: Target page, context or browser has been closed
    at DispatcherConnection.dispatch (/private/var/folders/mc/dyqmrmzn7wzgnndqb4yxm5ch0000gn/T/playwright-java-10600792000996021267/package/lib/server/dispatchers/dispatcher.js:375:15)
}
Call log:
- waiting for locator("//span[@class='multiselect__option multiselect__option--highlight']")
-   locator resolved to <span data-select="" data-deselect="" data-selected="S…>…</span>
- attempting click action
-   waiting for element to be visible, enabled and stable
-     element is not visible - waiting...

at com.microsoft.playwright.impl.WaitableResult.get(WaitableResult.java:54)
at com.microsoft.playwright.impl.ChannelOwner.runUntil(ChannelOwner.java:120)
at com.microsoft.playwright.impl.Connection.sendMessage(Connection.java:129)
at com.microsoft.playwright.impl.ChannelOwner.sendMessage(ChannelOwner.java:106)
at com.microsoft.playwright.impl.FrameImpl.clickImpl(FrameImpl.java:252)
at com.microsoft.playwright.impl.PageImpl.lambda$click$17(PageImpl.java:586)
at com.microsoft.playwright.impl.LoggingSupport.lambda$withLogging$0(LoggingSupport.java:36)
at com.microsoft.playwright.impl.LoggingSupport.withLogging(LoggingSupport.java:47)
at com.microsoft.playwright.impl.ChannelOwner.withLogging(ChannelOwner.java:89)
at com.microsoft.playwright.impl.LoggingSupport.withLogging(LoggingSupport.java:35)
at com.microsoft.playwright.impl.PageImpl.click(PageImpl.java:585)
at com.microsoft.playwright.Page.click(Page.java:3779)
at com.qa.easyjobs.pages.JobPage.addQuizQuestions(JobPage.java:185)
at com.qa.easyjobs.tests.JobPageTest.addQuizQuestions(JobPageTest.java:179)
at java.base/jdk.internal.reflect.DirectMethodHandleAccessor.invoke(DirectMethodHandleAccessor.java:103)
at java.base/java.lang.reflect.Method.invoke(Method.java:580)
at org.testng.internal.invokers.MethodInvocationHelper.invokeMethod(MethodInvocationHelper.java:141)
at org.testng.internal.invokers.TestInvoker.invokeMethod(TestInvoker.java:686)
at org.testng.internal.invokers.TestInvoker.invokeTestMethod(TestInvoker.java:230)
at org.testng.internal.invokers.MethodRunner.runInSequence(MethodRunner.java:63)
at org.testng.internal.invokers.TestInvoker$MethodInvocationAgent.invoke(TestInvoker.java:992)
at org.testng.internal.invokers.TestInvoker.invokeTestMethods(TestInvoker.java:203)
at org.testng.internal.invokers.TestMethodWorker.invokeTestMethods(TestMethodWorker.java:154)
at org.testng.internal.invokers.TestMethodWorker.run(TestMethodWorker.java:134)
at java.base/java.util.ArrayList.forEach(ArrayList.java:1596)
at org.testng.TestRunner.privateRun(TestRunner.java:739)
at org.testng.TestRunner.run(TestRunner.java:614)
at org.testng.SuiteRunner.runTest(SuiteRunner.java:421)
at org.testng.SuiteRunner.runSequentially(SuiteRunner.java:413)
at org.testng.SuiteRunner.privateRun(SuiteRunner.java:373)
at org.testng.SuiteRunner.run(SuiteRunner.java:312)
at org.testng.SuiteRunnerWorker.runSuite(SuiteRunnerWorker.java:52)
at org.testng.SuiteRunnerWorker.run(SuiteRunnerWorker.java:95)
at org.testng.TestNG.runSuitesSequentially(TestNG.java:1274)
at org.testng.TestNG.runSuitesLocally(TestNG.java:1208)
at org.testng.TestNG.runSuites(TestNG.java:1112)
at org.testng.TestNG.run(TestNG.java:1079)
at org.testng.remote.AbstractRemoteTestNG.run(AbstractRemoteTestNG.java:115)
at org.testng.remote.RemoteTestNG.initAndRun(RemoteTestNG.java:293)
at org.testng.remote.RemoteTestNG.main(RemoteTestNG.java:91)
Caused by: com.microsoft.playwright.impl.TargetClosedError: Error {
  message='Target page, context or browser has been closed
  name='TargetClosedError
  stack='TargetClosedError: Target page, context or browser has been closed
    at DispatcherConnection.dispatch (/private/var/folders/mc/dyqmrmzn7wzgnndqb4yxm5ch0000gn/T/playwright-java-10600792000996021267/package/lib/server/dispatchers/dispatcher.js:375:15)
}
Call log:
- waiting for locator("//span[@class='multiselect__option multiselect__option--highlight']")
-   locator resolved to <span data-select="" data-deselect="" data-selected="S…>…</span>
- attempting click action
-   waiting for element to be visible, enabled and stable
-     element is not visible - waiting...

at com.microsoft.playwright.impl.Connection.dispatch(Connection.java:256)
at com.microsoft.playwright.impl.Connection.processOneMessage(Connection.java:209)
at com.microsoft.playwright.impl.ChannelOwner.runUntil(ChannelOwner.java:118)
... 38 more
]]>
            </full-stacktrace>
          </exception> <!-- com.microsoft.playwright.PlaywrightException -->
          <reporter-output>
          </reporter-output>
        </test-method> <!-- addQuizQuestions -->
        <test-method signature="setQuizDuration()[pri:17, instance:com.qa.easyjobs.tests.JobPageTest@3bb9a3ff]" started-at="2025-01-05T12:24:32 BDT" name="setQuizDuration" finished-at="2025-01-05T12:24:32 BDT" duration-ms="1" status="FAIL">
          <exception class="com.microsoft.playwright.PlaywrightException">
            <message>
              <![CDATA[Error {
  message='Target page, context or browser has been closed
  name='TargetClosedError
  stack='TargetClosedError: Target page, context or browser has been closed
    at DispatcherConnection.dispatch (/private/var/folders/mc/dyqmrmzn7wzgnndqb4yxm5ch0000gn/T/playwright-java-10600792000996021267/package/lib/server/dispatchers/dispatcher.js:277:44)
    at transport.onmessage (/private/var/folders/mc/dyqmrmzn7wzgnndqb4yxm5ch0000gn/T/playwright-java-10600792000996021267/package/lib/cli/driver.js:52:57)
    at Immediate._onImmediate (/private/var/folders/mc/dyqmrmzn7wzgnndqb4yxm5ch0000gn/T/playwright-java-10600792000996021267/package/lib/protocol/transport.js:77:34)
    at process.processImmediate (node:internal/timers:478:21)
}]]>
            </message>
            <full-stacktrace>
              <![CDATA[com.microsoft.playwright.PlaywrightException: Error {
  message='Target page, context or browser has been closed
  name='TargetClosedError
  stack='TargetClosedError: Target page, context or browser has been closed
    at DispatcherConnection.dispatch (/private/var/folders/mc/dyqmrmzn7wzgnndqb4yxm5ch0000gn/T/playwright-java-10600792000996021267/package/lib/server/dispatchers/dispatcher.js:277:44)
    at transport.onmessage (/private/var/folders/mc/dyqmrmzn7wzgnndqb4yxm5ch0000gn/T/playwright-java-10600792000996021267/package/lib/cli/driver.js:52:57)
    at Immediate._onImmediate (/private/var/folders/mc/dyqmrmzn7wzgnndqb4yxm5ch0000gn/T/playwright-java-10600792000996021267/package/lib/protocol/transport.js:77:34)
    at process.processImmediate (node:internal/timers:478:21)
}
at com.microsoft.playwright.impl.WaitableResult.get(WaitableResult.java:54)
at com.microsoft.playwright.impl.ChannelOwner.runUntil(ChannelOwner.java:120)
at com.microsoft.playwright.impl.Connection.sendMessage(Connection.java:129)
at com.microsoft.playwright.impl.ChannelOwner.sendMessage(ChannelOwner.java:106)
at com.microsoft.playwright.impl.FrameImpl.clickImpl(FrameImpl.java:252)
at com.microsoft.playwright.impl.PageImpl.lambda$click$17(PageImpl.java:586)
at com.microsoft.playwright.impl.LoggingSupport.lambda$withLogging$0(LoggingSupport.java:36)
at com.microsoft.playwright.impl.LoggingSupport.withLogging(LoggingSupport.java:47)
at com.microsoft.playwright.impl.ChannelOwner.withLogging(ChannelOwner.java:89)
at com.microsoft.playwright.impl.LoggingSupport.withLogging(LoggingSupport.java:35)
at com.microsoft.playwright.impl.PageImpl.click(PageImpl.java:585)
at com.microsoft.playwright.Page.click(Page.java:3779)
at com.qa.easyjobs.pages.JobPage.setQuizDuration(JobPage.java:189)
at com.qa.easyjobs.tests.JobPageTest.setQuizDuration(JobPageTest.java:188)
at java.base/jdk.internal.reflect.DirectMethodHandleAccessor.invoke(DirectMethodHandleAccessor.java:103)
at java.base/java.lang.reflect.Method.invoke(Method.java:580)
at org.testng.internal.invokers.MethodInvocationHelper.invokeMethod(MethodInvocationHelper.java:141)
at org.testng.internal.invokers.TestInvoker.invokeMethod(TestInvoker.java:686)
at org.testng.internal.invokers.TestInvoker.invokeTestMethod(TestInvoker.java:230)
at org.testng.internal.invokers.MethodRunner.runInSequence(MethodRunner.java:63)
at org.testng.internal.invokers.TestInvoker$MethodInvocationAgent.invoke(TestInvoker.java:992)
at org.testng.internal.invokers.TestInvoker.invokeTestMethods(TestInvoker.java:203)
at org.testng.internal.invokers.TestMethodWorker.invokeTestMethods(TestMethodWorker.java:154)
at org.testng.internal.invokers.TestMethodWorker.run(TestMethodWorker.java:134)
at java.base/java.util.ArrayList.forEach(ArrayList.java:1596)
at org.testng.TestRunner.privateRun(TestRunner.java:739)
at org.testng.TestRunner.run(TestRunner.java:614)
at org.testng.SuiteRunner.runTest(SuiteRunner.java:421)
at org.testng.SuiteRunner.runSequentially(SuiteRunner.java:413)
at org.testng.SuiteRunner.privateRun(SuiteRunner.java:373)
at org.testng.SuiteRunner.run(SuiteRunner.java:312)
at org.testng.SuiteRunnerWorker.runSuite(SuiteRunnerWorker.java:52)
at org.testng.SuiteRunnerWorker.run(SuiteRunnerWorker.java:95)
at org.testng.TestNG.runSuitesSequentially(TestNG.java:1274)
at org.testng.TestNG.runSuitesLocally(TestNG.java:1208)
at org.testng.TestNG.runSuites(TestNG.java:1112)
at org.testng.TestNG.run(TestNG.java:1079)
at org.testng.remote.AbstractRemoteTestNG.run(AbstractRemoteTestNG.java:115)
at org.testng.remote.RemoteTestNG.initAndRun(RemoteTestNG.java:293)
at org.testng.remote.RemoteTestNG.main(RemoteTestNG.java:91)
Caused by: com.microsoft.playwright.impl.TargetClosedError: Error {
  message='Target page, context or browser has been closed
  name='TargetClosedError
  stack='TargetClosedError: Target page, context or browser has been closed
    at DispatcherConnection.dispatch (/private/var/folders/mc/dyqmrmzn7wzgnndqb4yxm5ch0000gn/T/playwright-java-10600792000996021267/package/lib/server/dispatchers/dispatcher.js:277:44)
    at transport.onmessage (/private/var/folders/mc/dyqmrmzn7wzgnndqb4yxm5ch0000gn/T/playwright-java-10600792000996021267/package/lib/cli/driver.js:52:57)
    at Immediate._onImmediate (/private/var/folders/mc/dyqmrmzn7wzgnndqb4yxm5ch0000gn/T/playwright-java-10600792000996021267/package/lib/protocol/transport.js:77:34)
    at process.processImmediate (node:internal/timers:478:21)
}
at com.microsoft.playwright.impl.Connection.dispatch(Connection.java:256)
at com.microsoft.playwright.impl.Connection.processOneMessage(Connection.java:209)
at com.microsoft.playwright.impl.ChannelOwner.runUntil(ChannelOwner.java:118)
... 38 more
]]>
            </full-stacktrace>
          </exception> <!-- com.microsoft.playwright.PlaywrightException -->
          <reporter-output>
          </reporter-output>
        </test-method> <!-- setQuizDuration -->
        <test-method signature="setQuizMarks()[pri:18, instance:com.qa.easyjobs.tests.JobPageTest@3bb9a3ff]" started-at="2025-01-05T12:24:32 BDT" name="setQuizMarks" finished-at="2025-01-05T12:24:32 BDT" duration-ms="1" status="FAIL">
          <exception class="com.microsoft.playwright.PlaywrightException">
            <message>
              <![CDATA[Error {
  message='Target page, context or browser has been closed
  name='TargetClosedError
  stack='TargetClosedError: Target page, context or browser has been closed
    at DispatcherConnection.dispatch (/private/var/folders/mc/dyqmrmzn7wzgnndqb4yxm5ch0000gn/T/playwright-java-10600792000996021267/package/lib/server/dispatchers/dispatcher.js:277:44)
    at transport.onmessage (/private/var/folders/mc/dyqmrmzn7wzgnndqb4yxm5ch0000gn/T/playwright-java-10600792000996021267/package/lib/cli/driver.js:52:57)
    at Immediate._onImmediate (/private/var/folders/mc/dyqmrmzn7wzgnndqb4yxm5ch0000gn/T/playwright-java-10600792000996021267/package/lib/protocol/transport.js:77:34)
    at process.processImmediate (node:internal/timers:478:21)
}]]>
            </message>
            <full-stacktrace>
              <![CDATA[com.microsoft.playwright.PlaywrightException: Error {
  message='Target page, context or browser has been closed
  name='TargetClosedError
  stack='TargetClosedError: Target page, context or browser has been closed
    at DispatcherConnection.dispatch (/private/var/folders/mc/dyqmrmzn7wzgnndqb4yxm5ch0000gn/T/playwright-java-10600792000996021267/package/lib/server/dispatchers/dispatcher.js:277:44)
    at transport.onmessage (/private/var/folders/mc/dyqmrmzn7wzgnndqb4yxm5ch0000gn/T/playwright-java-10600792000996021267/package/lib/cli/driver.js:52:57)
    at Immediate._onImmediate (/private/var/folders/mc/dyqmrmzn7wzgnndqb4yxm5ch0000gn/T/playwright-java-10600792000996021267/package/lib/protocol/transport.js:77:34)
    at process.processImmediate (node:internal/timers:478:21)
}
at com.microsoft.playwright.impl.WaitableResult.get(WaitableResult.java:54)
at com.microsoft.playwright.impl.ChannelOwner.runUntil(ChannelOwner.java:120)
at com.microsoft.playwright.impl.Connection.sendMessage(Connection.java:129)
at com.microsoft.playwright.impl.ChannelOwner.sendMessage(ChannelOwner.java:106)
at com.microsoft.playwright.impl.FrameImpl.clickImpl(FrameImpl.java:252)
at com.microsoft.playwright.impl.PageImpl.lambda$click$17(PageImpl.java:586)
at com.microsoft.playwright.impl.LoggingSupport.lambda$withLogging$0(LoggingSupport.java:36)
at com.microsoft.playwright.impl.LoggingSupport.withLogging(LoggingSupport.java:47)
at com.microsoft.playwright.impl.ChannelOwner.withLogging(ChannelOwner.java:89)
at com.microsoft.playwright.impl.LoggingSupport.withLogging(LoggingSupport.java:35)
at com.microsoft.playwright.impl.PageImpl.click(PageImpl.java:585)
at com.microsoft.playwright.Page.click(Page.java:3779)
at com.qa.easyjobs.pages.JobPage.setQuizMarks(JobPage.java:195)
at com.qa.easyjobs.tests.JobPageTest.setQuizMarks(JobPageTest.java:196)
at java.base/jdk.internal.reflect.DirectMethodHandleAccessor.invoke(DirectMethodHandleAccessor.java:103)
at java.base/java.lang.reflect.Method.invoke(Method.java:580)
at org.testng.internal.invokers.MethodInvocationHelper.invokeMethod(MethodInvocationHelper.java:141)
at org.testng.internal.invokers.TestInvoker.invokeMethod(TestInvoker.java:686)
at org.testng.internal.invokers.TestInvoker.invokeTestMethod(TestInvoker.java:230)
at org.testng.internal.invokers.MethodRunner.runInSequence(MethodRunner.java:63)
at org.testng.internal.invokers.TestInvoker$MethodInvocationAgent.invoke(TestInvoker.java:992)
at org.testng.internal.invokers.TestInvoker.invokeTestMethods(TestInvoker.java:203)
at org.testng.internal.invokers.TestMethodWorker.invokeTestMethods(TestMethodWorker.java:154)
at org.testng.internal.invokers.TestMethodWorker.run(TestMethodWorker.java:134)
at java.base/java.util.ArrayList.forEach(ArrayList.java:1596)
at org.testng.TestRunner.privateRun(TestRunner.java:739)
at org.testng.TestRunner.run(TestRunner.java:614)
at org.testng.SuiteRunner.runTest(SuiteRunner.java:421)
at org.testng.SuiteRunner.runSequentially(SuiteRunner.java:413)
at org.testng.SuiteRunner.privateRun(SuiteRunner.java:373)
at org.testng.SuiteRunner.run(SuiteRunner.java:312)
at org.testng.SuiteRunnerWorker.runSuite(SuiteRunnerWorker.java:52)
at org.testng.SuiteRunnerWorker.run(SuiteRunnerWorker.java:95)
at org.testng.TestNG.runSuitesSequentially(TestNG.java:1274)
at org.testng.TestNG.runSuitesLocally(TestNG.java:1208)
at org.testng.TestNG.runSuites(TestNG.java:1112)
at org.testng.TestNG.run(TestNG.java:1079)
at org.testng.remote.AbstractRemoteTestNG.run(AbstractRemoteTestNG.java:115)
at org.testng.remote.RemoteTestNG.initAndRun(RemoteTestNG.java:293)
at org.testng.remote.RemoteTestNG.main(RemoteTestNG.java:91)
Caused by: com.microsoft.playwright.impl.TargetClosedError: Error {
  message='Target page, context or browser has been closed
  name='TargetClosedError
  stack='TargetClosedError: Target page, context or browser has been closed
    at DispatcherConnection.dispatch (/private/var/folders/mc/dyqmrmzn7wzgnndqb4yxm5ch0000gn/T/playwright-java-10600792000996021267/package/lib/server/dispatchers/dispatcher.js:277:44)
    at transport.onmessage (/private/var/folders/mc/dyqmrmzn7wzgnndqb4yxm5ch0000gn/T/playwright-java-10600792000996021267/package/lib/cli/driver.js:52:57)
    at Immediate._onImmediate (/private/var/folders/mc/dyqmrmzn7wzgnndqb4yxm5ch0000gn/T/playwright-java-10600792000996021267/package/lib/protocol/transport.js:77:34)
    at process.processImmediate (node:internal/timers:478:21)
}
at com.microsoft.playwright.impl.Connection.dispatch(Connection.java:256)
at com.microsoft.playwright.impl.Connection.processOneMessage(Connection.java:209)
at com.microsoft.playwright.impl.ChannelOwner.runUntil(ChannelOwner.java:118)
... 38 more
]]>
            </full-stacktrace>
          </exception> <!-- com.microsoft.playwright.PlaywrightException -->
          <reporter-output>
          </reporter-output>
        </test-method> <!-- setQuizMarks -->
        <test-method signature="quizSaveButton()[pri:19, instance:com.qa.easyjobs.tests.JobPageTest@3bb9a3ff]" started-at="2025-01-05T12:24:32 BDT" name="quizSaveButton" finished-at="2025-01-05T12:24:32 BDT" duration-ms="1" status="FAIL">
          <exception class="com.microsoft.playwright.PlaywrightException">
            <message>
              <![CDATA[Error {
  message='Target page, context or browser has been closed
  name='TargetClosedError
  stack='TargetClosedError: Target page, context or browser has been closed
    at DispatcherConnection.dispatch (/private/var/folders/mc/dyqmrmzn7wzgnndqb4yxm5ch0000gn/T/playwright-java-10600792000996021267/package/lib/server/dispatchers/dispatcher.js:277:44)
    at transport.onmessage (/private/var/folders/mc/dyqmrmzn7wzgnndqb4yxm5ch0000gn/T/playwright-java-10600792000996021267/package/lib/cli/driver.js:52:57)
    at Immediate._onImmediate (/private/var/folders/mc/dyqmrmzn7wzgnndqb4yxm5ch0000gn/T/playwright-java-10600792000996021267/package/lib/protocol/transport.js:77:34)
    at process.processImmediate (node:internal/timers:478:21)
}]]>
            </message>
            <full-stacktrace>
              <![CDATA[com.microsoft.playwright.PlaywrightException: Error {
  message='Target page, context or browser has been closed
  name='TargetClosedError
  stack='TargetClosedError: Target page, context or browser has been closed
    at DispatcherConnection.dispatch (/private/var/folders/mc/dyqmrmzn7wzgnndqb4yxm5ch0000gn/T/playwright-java-10600792000996021267/package/lib/server/dispatchers/dispatcher.js:277:44)
    at transport.onmessage (/private/var/folders/mc/dyqmrmzn7wzgnndqb4yxm5ch0000gn/T/playwright-java-10600792000996021267/package/lib/cli/driver.js:52:57)
    at Immediate._onImmediate (/private/var/folders/mc/dyqmrmzn7wzgnndqb4yxm5ch0000gn/T/playwright-java-10600792000996021267/package/lib/protocol/transport.js:77:34)
    at process.processImmediate (node:internal/timers:478:21)
}
at com.microsoft.playwright.impl.WaitableResult.get(WaitableResult.java:54)
at com.microsoft.playwright.impl.ChannelOwner.runUntil(ChannelOwner.java:120)
at com.microsoft.playwright.impl.Connection.sendMessage(Connection.java:129)
at com.microsoft.playwright.impl.ChannelOwner.sendMessage(ChannelOwner.java:106)
at com.microsoft.playwright.impl.FrameImpl.clickImpl(FrameImpl.java:252)
at com.microsoft.playwright.impl.PageImpl.lambda$click$17(PageImpl.java:586)
at com.microsoft.playwright.impl.LoggingSupport.lambda$withLogging$0(LoggingSupport.java:36)
at com.microsoft.playwright.impl.LoggingSupport.withLogging(LoggingSupport.java:47)
at com.microsoft.playwright.impl.ChannelOwner.withLogging(ChannelOwner.java:89)
at com.microsoft.playwright.impl.LoggingSupport.withLogging(LoggingSupport.java:35)
at com.microsoft.playwright.impl.PageImpl.click(PageImpl.java:585)
at com.microsoft.playwright.Page.click(Page.java:3779)
at com.qa.easyjobs.pages.JobPage.quizSaveButton(JobPage.java:203)
at com.qa.easyjobs.tests.JobPageTest.quizSaveButton(JobPageTest.java:205)
at java.base/jdk.internal.reflect.DirectMethodHandleAccessor.invoke(DirectMethodHandleAccessor.java:103)
at java.base/java.lang.reflect.Method.invoke(Method.java:580)
at org.testng.internal.invokers.MethodInvocationHelper.invokeMethod(MethodInvocationHelper.java:141)
at org.testng.internal.invokers.TestInvoker.invokeMethod(TestInvoker.java:686)
at org.testng.internal.invokers.TestInvoker.invokeTestMethod(TestInvoker.java:230)
at org.testng.internal.invokers.MethodRunner.runInSequence(MethodRunner.java:63)
at org.testng.internal.invokers.TestInvoker$MethodInvocationAgent.invoke(TestInvoker.java:992)
at org.testng.internal.invokers.TestInvoker.invokeTestMethods(TestInvoker.java:203)
at org.testng.internal.invokers.TestMethodWorker.invokeTestMethods(TestMethodWorker.java:154)
at org.testng.internal.invokers.TestMethodWorker.run(TestMethodWorker.java:134)
at java.base/java.util.ArrayList.forEach(ArrayList.java:1596)
at org.testng.TestRunner.privateRun(TestRunner.java:739)
at org.testng.TestRunner.run(TestRunner.java:614)
at org.testng.SuiteRunner.runTest(SuiteRunner.java:421)
at org.testng.SuiteRunner.runSequentially(SuiteRunner.java:413)
at org.testng.SuiteRunner.privateRun(SuiteRunner.java:373)
at org.testng.SuiteRunner.run(SuiteRunner.java:312)
at org.testng.SuiteRunnerWorker.runSuite(SuiteRunnerWorker.java:52)
at org.testng.SuiteRunnerWorker.run(SuiteRunnerWorker.java:95)
at org.testng.TestNG.runSuitesSequentially(TestNG.java:1274)
at org.testng.TestNG.runSuitesLocally(TestNG.java:1208)
at org.testng.TestNG.runSuites(TestNG.java:1112)
at org.testng.TestNG.run(TestNG.java:1079)
at org.testng.remote.AbstractRemoteTestNG.run(AbstractRemoteTestNG.java:115)
at org.testng.remote.RemoteTestNG.initAndRun(RemoteTestNG.java:293)
at org.testng.remote.RemoteTestNG.main(RemoteTestNG.java:91)
Caused by: com.microsoft.playwright.impl.TargetClosedError: Error {
  message='Target page, context or browser has been closed
  name='TargetClosedError
  stack='TargetClosedError: Target page, context or browser has been closed
    at DispatcherConnection.dispatch (/private/var/folders/mc/dyqmrmzn7wzgnndqb4yxm5ch0000gn/T/playwright-java-10600792000996021267/package/lib/server/dispatchers/dispatcher.js:277:44)
    at transport.onmessage (/private/var/folders/mc/dyqmrmzn7wzgnndqb4yxm5ch0000gn/T/playwright-java-10600792000996021267/package/lib/cli/driver.js:52:57)
    at Immediate._onImmediate (/private/var/folders/mc/dyqmrmzn7wzgnndqb4yxm5ch0000gn/T/playwright-java-10600792000996021267/package/lib/protocol/transport.js:77:34)
    at process.processImmediate (node:internal/timers:478:21)
}
at com.microsoft.playwright.impl.Connection.dispatch(Connection.java:256)
at com.microsoft.playwright.impl.Connection.processOneMessage(Connection.java:209)
at com.microsoft.playwright.impl.ChannelOwner.runUntil(ChannelOwner.java:118)
... 38 more
]]>
            </full-stacktrace>
          </exception> <!-- com.microsoft.playwright.PlaywrightException -->
          <reporter-output>
          </reporter-output>
        </test-method> <!-- quizSaveButton -->
        <test-method signature="customJobApplyFieldSaveButton()[pri:20, instance:com.qa.easyjobs.tests.JobPageTest@3bb9a3ff]" started-at="2025-01-05T12:24:32 BDT" name="customJobApplyFieldSaveButton" finished-at="2025-01-05T12:24:32 BDT" duration-ms="1" status="FAIL">
          <exception class="com.microsoft.playwright.PlaywrightException">
            <message>
              <![CDATA[Error {
  message='Target page, context or browser has been closed
  name='TargetClosedError
  stack='TargetClosedError: Target page, context or browser has been closed
    at DispatcherConnection.dispatch (/private/var/folders/mc/dyqmrmzn7wzgnndqb4yxm5ch0000gn/T/playwright-java-10600792000996021267/package/lib/server/dispatchers/dispatcher.js:277:44)
    at transport.onmessage (/private/var/folders/mc/dyqmrmzn7wzgnndqb4yxm5ch0000gn/T/playwright-java-10600792000996021267/package/lib/cli/driver.js:52:57)
    at Immediate._onImmediate (/private/var/folders/mc/dyqmrmzn7wzgnndqb4yxm5ch0000gn/T/playwright-java-10600792000996021267/package/lib/protocol/transport.js:77:34)
    at process.processImmediate (node:internal/timers:478:21)
}]]>
            </message>
            <full-stacktrace>
              <![CDATA[com.microsoft.playwright.PlaywrightException: Error {
  message='Target page, context or browser has been closed
  name='TargetClosedError
  stack='TargetClosedError: Target page, context or browser has been closed
    at DispatcherConnection.dispatch (/private/var/folders/mc/dyqmrmzn7wzgnndqb4yxm5ch0000gn/T/playwright-java-10600792000996021267/package/lib/server/dispatchers/dispatcher.js:277:44)
    at transport.onmessage (/private/var/folders/mc/dyqmrmzn7wzgnndqb4yxm5ch0000gn/T/playwright-java-10600792000996021267/package/lib/cli/driver.js:52:57)
    at Immediate._onImmediate (/private/var/folders/mc/dyqmrmzn7wzgnndqb4yxm5ch0000gn/T/playwright-java-10600792000996021267/package/lib/protocol/transport.js:77:34)
    at process.processImmediate (node:internal/timers:478:21)
}
at com.microsoft.playwright.impl.WaitableResult.get(WaitableResult.java:54)
at com.microsoft.playwright.impl.ChannelOwner.runUntil(ChannelOwner.java:120)
at com.microsoft.playwright.impl.Connection.sendMessage(Connection.java:129)
at com.microsoft.playwright.impl.ChannelOwner.sendMessage(ChannelOwner.java:106)
at com.microsoft.playwright.impl.FrameImpl.clickImpl(FrameImpl.java:252)
at com.microsoft.playwright.impl.PageImpl.lambda$click$17(PageImpl.java:586)
at com.microsoft.playwright.impl.LoggingSupport.lambda$withLogging$0(LoggingSupport.java:36)
at com.microsoft.playwright.impl.LoggingSupport.withLogging(LoggingSupport.java:47)
at com.microsoft.playwright.impl.ChannelOwner.withLogging(ChannelOwner.java:89)
at com.microsoft.playwright.impl.LoggingSupport.withLogging(LoggingSupport.java:35)
at com.microsoft.playwright.impl.PageImpl.click(PageImpl.java:585)
at com.microsoft.playwright.Page.click(Page.java:3779)
at com.qa.easyjobs.pages.JobPage.clickCustomFieldsaveButton(JobPage.java:209)
at com.qa.easyjobs.tests.JobPageTest.customJobApplyFieldSaveButton(JobPageTest.java:214)
at java.base/jdk.internal.reflect.DirectMethodHandleAccessor.invoke(DirectMethodHandleAccessor.java:103)
at java.base/java.lang.reflect.Method.invoke(Method.java:580)
at org.testng.internal.invokers.MethodInvocationHelper.invokeMethod(MethodInvocationHelper.java:141)
at org.testng.internal.invokers.TestInvoker.invokeMethod(TestInvoker.java:686)
at org.testng.internal.invokers.TestInvoker.invokeTestMethod(TestInvoker.java:230)
at org.testng.internal.invokers.MethodRunner.runInSequence(MethodRunner.java:63)
at org.testng.internal.invokers.TestInvoker$MethodInvocationAgent.invoke(TestInvoker.java:992)
at org.testng.internal.invokers.TestInvoker.invokeTestMethods(TestInvoker.java:203)
at org.testng.internal.invokers.TestMethodWorker.invokeTestMethods(TestMethodWorker.java:154)
at org.testng.internal.invokers.TestMethodWorker.run(TestMethodWorker.java:134)
at java.base/java.util.ArrayList.forEach(ArrayList.java:1596)
at org.testng.TestRunner.privateRun(TestRunner.java:739)
at org.testng.TestRunner.run(TestRunner.java:614)
at org.testng.SuiteRunner.runTest(SuiteRunner.java:421)
at org.testng.SuiteRunner.runSequentially(SuiteRunner.java:413)
at org.testng.SuiteRunner.privateRun(SuiteRunner.java:373)
at org.testng.SuiteRunner.run(SuiteRunner.java:312)
at org.testng.SuiteRunnerWorker.runSuite(SuiteRunnerWorker.java:52)
at org.testng.SuiteRunnerWorker.run(SuiteRunnerWorker.java:95)
at org.testng.TestNG.runSuitesSequentially(TestNG.java:1274)
at org.testng.TestNG.runSuitesLocally(TestNG.java:1208)
at org.testng.TestNG.runSuites(TestNG.java:1112)
at org.testng.TestNG.run(TestNG.java:1079)
at org.testng.remote.AbstractRemoteTestNG.run(AbstractRemoteTestNG.java:115)
at org.testng.remote.RemoteTestNG.initAndRun(RemoteTestNG.java:293)
at org.testng.remote.RemoteTestNG.main(RemoteTestNG.java:91)
Caused by: com.microsoft.playwright.impl.TargetClosedError: Error {
  message='Target page, context or browser has been closed
  name='TargetClosedError
  stack='TargetClosedError: Target page, context or browser has been closed
    at DispatcherConnection.dispatch (/private/var/folders/mc/dyqmrmzn7wzgnndqb4yxm5ch0000gn/T/playwright-java-10600792000996021267/package/lib/server/dispatchers/dispatcher.js:277:44)
    at transport.onmessage (/private/var/folders/mc/dyqmrmzn7wzgnndqb4yxm5ch0000gn/T/playwright-java-10600792000996021267/package/lib/cli/driver.js:52:57)
    at Immediate._onImmediate (/private/var/folders/mc/dyqmrmzn7wzgnndqb4yxm5ch0000gn/T/playwright-java-10600792000996021267/package/lib/protocol/transport.js:77:34)
    at process.processImmediate (node:internal/timers:478:21)
}
at com.microsoft.playwright.impl.Connection.dispatch(Connection.java:256)
at com.microsoft.playwright.impl.Connection.processOneMessage(Connection.java:209)
at com.microsoft.playwright.impl.ChannelOwner.runUntil(ChannelOwner.java:118)
... 38 more
]]>
            </full-stacktrace>
          </exception> <!-- com.microsoft.playwright.PlaywrightException -->
          <reporter-output>
          </reporter-output>
        </test-method> <!-- customJobApplyFieldSaveButton -->
        <test-method signature="jobPublishConfirmButton()[pri:21, instance:com.qa.easyjobs.tests.JobPageTest@3bb9a3ff]" started-at="2025-01-05T12:24:32 BDT" name="jobPublishConfirmButton" finished-at="2025-01-05T12:24:32 BDT" duration-ms="1" status="FAIL">
          <exception class="com.microsoft.playwright.PlaywrightException">
            <message>
              <![CDATA[Error {
  message='Target page, context or browser has been closed
  name='TargetClosedError
  stack='TargetClosedError: Target page, context or browser has been closed
    at DispatcherConnection.dispatch (/private/var/folders/mc/dyqmrmzn7wzgnndqb4yxm5ch0000gn/T/playwright-java-10600792000996021267/package/lib/server/dispatchers/dispatcher.js:277:44)
    at transport.onmessage (/private/var/folders/mc/dyqmrmzn7wzgnndqb4yxm5ch0000gn/T/playwright-java-10600792000996021267/package/lib/cli/driver.js:52:57)
    at Immediate._onImmediate (/private/var/folders/mc/dyqmrmzn7wzgnndqb4yxm5ch0000gn/T/playwright-java-10600792000996021267/package/lib/protocol/transport.js:77:34)
    at process.processImmediate (node:internal/timers:478:21)
}]]>
            </message>
            <full-stacktrace>
              <![CDATA[com.microsoft.playwright.PlaywrightException: Error {
  message='Target page, context or browser has been closed
  name='TargetClosedError
  stack='TargetClosedError: Target page, context or browser has been closed
    at DispatcherConnection.dispatch (/private/var/folders/mc/dyqmrmzn7wzgnndqb4yxm5ch0000gn/T/playwright-java-10600792000996021267/package/lib/server/dispatchers/dispatcher.js:277:44)
    at transport.onmessage (/private/var/folders/mc/dyqmrmzn7wzgnndqb4yxm5ch0000gn/T/playwright-java-10600792000996021267/package/lib/cli/driver.js:52:57)
    at Immediate._onImmediate (/private/var/folders/mc/dyqmrmzn7wzgnndqb4yxm5ch0000gn/T/playwright-java-10600792000996021267/package/lib/protocol/transport.js:77:34)
    at process.processImmediate (node:internal/timers:478:21)
}
at com.microsoft.playwright.impl.WaitableResult.get(WaitableResult.java:54)
at com.microsoft.playwright.impl.ChannelOwner.runUntil(ChannelOwner.java:120)
at com.microsoft.playwright.impl.Connection.sendMessage(Connection.java:129)
at com.microsoft.playwright.impl.ChannelOwner.sendMessage(ChannelOwner.java:106)
at com.microsoft.playwright.impl.FrameImpl.clickImpl(FrameImpl.java:252)
at com.microsoft.playwright.impl.PageImpl.lambda$click$17(PageImpl.java:586)
at com.microsoft.playwright.impl.LoggingSupport.lambda$withLogging$0(LoggingSupport.java:36)
at com.microsoft.playwright.impl.LoggingSupport.withLogging(LoggingSupport.java:47)
at com.microsoft.playwright.impl.ChannelOwner.withLogging(ChannelOwner.java:89)
at com.microsoft.playwright.impl.LoggingSupport.withLogging(LoggingSupport.java:35)
at com.microsoft.playwright.impl.PageImpl.click(PageImpl.java:585)
at com.microsoft.playwright.Page.click(Page.java:3779)
at com.qa.easyjobs.pages.JobPage.jobPublishConfirmButton(JobPage.java:218)
at com.qa.easyjobs.tests.JobPageTest.jobPublishConfirmButton(JobPageTest.java:224)
at java.base/jdk.internal.reflect.DirectMethodHandleAccessor.invoke(DirectMethodHandleAccessor.java:103)
at java.base/java.lang.reflect.Method.invoke(Method.java:580)
at org.testng.internal.invokers.MethodInvocationHelper.invokeMethod(MethodInvocationHelper.java:141)
at org.testng.internal.invokers.TestInvoker.invokeMethod(TestInvoker.java:686)
at org.testng.internal.invokers.TestInvoker.invokeTestMethod(TestInvoker.java:230)
at org.testng.internal.invokers.MethodRunner.runInSequence(MethodRunner.java:63)
at org.testng.internal.invokers.TestInvoker$MethodInvocationAgent.invoke(TestInvoker.java:992)
at org.testng.internal.invokers.TestInvoker.invokeTestMethods(TestInvoker.java:203)
at org.testng.internal.invokers.TestMethodWorker.invokeTestMethods(TestMethodWorker.java:154)
at org.testng.internal.invokers.TestMethodWorker.run(TestMethodWorker.java:134)
at java.base/java.util.ArrayList.forEach(ArrayList.java:1596)
at org.testng.TestRunner.privateRun(TestRunner.java:739)
at org.testng.TestRunner.run(TestRunner.java:614)
at org.testng.SuiteRunner.runTest(SuiteRunner.java:421)
at org.testng.SuiteRunner.runSequentially(SuiteRunner.java:413)
at org.testng.SuiteRunner.privateRun(SuiteRunner.java:373)
at org.testng.SuiteRunner.run(SuiteRunner.java:312)
at org.testng.SuiteRunnerWorker.runSuite(SuiteRunnerWorker.java:52)
at org.testng.SuiteRunnerWorker.run(SuiteRunnerWorker.java:95)
at org.testng.TestNG.runSuitesSequentially(TestNG.java:1274)
at org.testng.TestNG.runSuitesLocally(TestNG.java:1208)
at org.testng.TestNG.runSuites(TestNG.java:1112)
at org.testng.TestNG.run(TestNG.java:1079)
at org.testng.remote.AbstractRemoteTestNG.run(AbstractRemoteTestNG.java:115)
at org.testng.remote.RemoteTestNG.initAndRun(RemoteTestNG.java:293)
at org.testng.remote.RemoteTestNG.main(RemoteTestNG.java:91)
Caused by: com.microsoft.playwright.impl.TargetClosedError: Error {
  message='Target page, context or browser has been closed
  name='TargetClosedError
  stack='TargetClosedError: Target page, context or browser has been closed
    at DispatcherConnection.dispatch (/private/var/folders/mc/dyqmrmzn7wzgnndqb4yxm5ch0000gn/T/playwright-java-10600792000996021267/package/lib/server/dispatchers/dispatcher.js:277:44)
    at transport.onmessage (/private/var/folders/mc/dyqmrmzn7wzgnndqb4yxm5ch0000gn/T/playwright-java-10600792000996021267/package/lib/cli/driver.js:52:57)
    at Immediate._onImmediate (/private/var/folders/mc/dyqmrmzn7wzgnndqb4yxm5ch0000gn/T/playwright-java-10600792000996021267/package/lib/protocol/transport.js:77:34)
    at process.processImmediate (node:internal/timers:478:21)
}
at com.microsoft.playwright.impl.Connection.dispatch(Connection.java:256)
at com.microsoft.playwright.impl.Connection.processOneMessage(Connection.java:209)
at com.microsoft.playwright.impl.ChannelOwner.runUntil(ChannelOwner.java:118)
... 38 more
]]>
            </full-stacktrace>
          </exception> <!-- com.microsoft.playwright.PlaywrightException -->
          <reporter-output>
          </reporter-output>
        </test-method> <!-- jobPublishConfirmButton -->
        <test-method signature="isJobPublishedSuccessfully()[pri:22, instance:com.qa.easyjobs.tests.JobPageTest@3bb9a3ff]" started-at="2025-01-05T12:24:32 BDT" name="isJobPublishedSuccessfully" finished-at="2025-01-05T12:24:32 BDT" duration-ms="1" status="FAIL">
          <exception class="com.microsoft.playwright.PlaywrightException">
            <message>
              <![CDATA[Error {
  message='Target page, context or browser has been closed
  name='TargetClosedError
  stack='TargetClosedError: Target page, context or browser has been closed
    at DispatcherConnection.dispatch (/private/var/folders/mc/dyqmrmzn7wzgnndqb4yxm5ch0000gn/T/playwright-java-10600792000996021267/package/lib/server/dispatchers/dispatcher.js:277:44)
    at transport.onmessage (/private/var/folders/mc/dyqmrmzn7wzgnndqb4yxm5ch0000gn/T/playwright-java-10600792000996021267/package/lib/cli/driver.js:52:57)
    at Immediate._onImmediate (/private/var/folders/mc/dyqmrmzn7wzgnndqb4yxm5ch0000gn/T/playwright-java-10600792000996021267/package/lib/protocol/transport.js:77:34)
    at process.processImmediate (node:internal/timers:478:21)
}]]>
            </message>
            <full-stacktrace>
              <![CDATA[com.microsoft.playwright.PlaywrightException: Error {
  message='Target page, context or browser has been closed
  name='TargetClosedError
  stack='TargetClosedError: Target page, context or browser has been closed
    at DispatcherConnection.dispatch (/private/var/folders/mc/dyqmrmzn7wzgnndqb4yxm5ch0000gn/T/playwright-java-10600792000996021267/package/lib/server/dispatchers/dispatcher.js:277:44)
    at transport.onmessage (/private/var/folders/mc/dyqmrmzn7wzgnndqb4yxm5ch0000gn/T/playwright-java-10600792000996021267/package/lib/cli/driver.js:52:57)
    at Immediate._onImmediate (/private/var/folders/mc/dyqmrmzn7wzgnndqb4yxm5ch0000gn/T/playwright-java-10600792000996021267/package/lib/protocol/transport.js:77:34)
    at process.processImmediate (node:internal/timers:478:21)
}
at com.microsoft.playwright.impl.WaitableResult.get(WaitableResult.java:54)
at com.microsoft.playwright.impl.ChannelOwner.runUntil(ChannelOwner.java:120)
at com.microsoft.playwright.impl.Connection.sendMessage(Connection.java:129)
at com.microsoft.playwright.impl.ChannelOwner.sendMessage(ChannelOwner.java:106)
at com.microsoft.playwright.impl.FrameImpl.isVisibleImpl(FrameImpl.java:641)
at com.microsoft.playwright.impl.PageImpl.lambda$isVisible$56(PageImpl.java:905)
at com.microsoft.playwright.impl.LoggingSupport.withLogging(LoggingSupport.java:47)
at com.microsoft.playwright.impl.ChannelOwner.withLogging(ChannelOwner.java:89)
at com.microsoft.playwright.impl.PageImpl.isVisible(PageImpl.java:904)
at com.microsoft.playwright.Page.isVisible(Page.java:5557)
at com.qa.easyjobs.pages.JobPage.isJobPublishedSuccessfully(JobPage.java:246)
at com.qa.easyjobs.tests.JobPageTest.isJobPublishedSuccessfully(JobPageTest.java:235)
at java.base/jdk.internal.reflect.DirectMethodHandleAccessor.invoke(DirectMethodHandleAccessor.java:103)
at java.base/java.lang.reflect.Method.invoke(Method.java:580)
at org.testng.internal.invokers.MethodInvocationHelper.invokeMethod(MethodInvocationHelper.java:141)
at org.testng.internal.invokers.TestInvoker.invokeMethod(TestInvoker.java:686)
at org.testng.internal.invokers.TestInvoker.invokeTestMethod(TestInvoker.java:230)
at org.testng.internal.invokers.MethodRunner.runInSequence(MethodRunner.java:63)
at org.testng.internal.invokers.TestInvoker$MethodInvocationAgent.invoke(TestInvoker.java:992)
at org.testng.internal.invokers.TestInvoker.invokeTestMethods(TestInvoker.java:203)
at org.testng.internal.invokers.TestMethodWorker.invokeTestMethods(TestMethodWorker.java:154)
at org.testng.internal.invokers.TestMethodWorker.run(TestMethodWorker.java:134)
at java.base/java.util.ArrayList.forEach(ArrayList.java:1596)
at org.testng.TestRunner.privateRun(TestRunner.java:739)
at org.testng.TestRunner.run(TestRunner.java:614)
at org.testng.SuiteRunner.runTest(SuiteRunner.java:421)
at org.testng.SuiteRunner.runSequentially(SuiteRunner.java:413)
at org.testng.SuiteRunner.privateRun(SuiteRunner.java:373)
at org.testng.SuiteRunner.run(SuiteRunner.java:312)
at org.testng.SuiteRunnerWorker.runSuite(SuiteRunnerWorker.java:52)
at org.testng.SuiteRunnerWorker.run(SuiteRunnerWorker.java:95)
at org.testng.TestNG.runSuitesSequentially(TestNG.java:1274)
at org.testng.TestNG.runSuitesLocally(TestNG.java:1208)
at org.testng.TestNG.runSuites(TestNG.java:1112)
at org.testng.TestNG.run(TestNG.java:1079)
at org.testng.remote.AbstractRemoteTestNG.run(AbstractRemoteTestNG.java:115)
at org.testng.remote.RemoteTestNG.initAndRun(RemoteTestNG.java:293)
at org.testng.remote.RemoteTestNG.main(RemoteTestNG.java:91)
Caused by: com.microsoft.playwright.impl.TargetClosedError: Error {
  message='Target page, context or browser has been closed
  name='TargetClosedError
  stack='TargetClosedError: Target page, context or browser has been closed
    at DispatcherConnection.dispatch (/private/var/folders/mc/dyqmrmzn7wzgnndqb4yxm5ch0000gn/T/playwright-java-10600792000996021267/package/lib/server/dispatchers/dispatcher.js:277:44)
    at transport.onmessage (/private/var/folders/mc/dyqmrmzn7wzgnndqb4yxm5ch0000gn/T/playwright-java-10600792000996021267/package/lib/cli/driver.js:52:57)
    at Immediate._onImmediate (/private/var/folders/mc/dyqmrmzn7wzgnndqb4yxm5ch0000gn/T/playwright-java-10600792000996021267/package/lib/protocol/transport.js:77:34)
    at process.processImmediate (node:internal/timers:478:21)
}
at com.microsoft.playwright.impl.Connection.dispatch(Connection.java:256)
at com.microsoft.playwright.impl.Connection.processOneMessage(Connection.java:209)
at com.microsoft.playwright.impl.ChannelOwner.runUntil(ChannelOwner.java:118)
... 36 more
]]>
            </full-stacktrace>
          </exception> <!-- com.microsoft.playwright.PlaywrightException -->
          <reporter-output>
          </reporter-output>
        </test-method> <!-- isJobPublishedSuccessfully -->
        <test-method is-config="true" signature="tearDown()[pri:0, instance:com.qa.easyjobs.tests.JobPageTest@3bb9a3ff]" started-at="2025-01-05T12:24:32 BDT" name="tearDown" finished-at="2025-01-05T12:24:32 BDT" duration-ms="78" status="PASS">
          <reporter-output>
          </reporter-output>
        </test-method> <!-- tearDown -->
      </class> <!-- com.qa.easyjobs.tests.JobPageTest -->
    </test> <!-- EasyJobs JobPage Test -->
    <test started-at="2025-01-05T12:24:32 BDT" name="EasyJobs CandidateApply Test" finished-at="2025-01-05T12:24:35 BDT" duration-ms="3011">
      <class name="com.qa.easyjobs.tests.CandidateApplyPageTest">
        <test-method is-config="true" signature="setup()[pri:0, instance:com.qa.easyjobs.tests.CandidateApplyPageTest@4a94ee4]" started-at="2025-01-05T12:24:32 BDT" name="setup" finished-at="2025-01-05T12:24:35 BDT" duration-ms="2985" status="FAIL">
          <exception class="com.microsoft.playwright.PlaywrightException">
            <message>
              <![CDATA[Error {
  message='Target page, context or browser has been closed
  name='TargetClosedError
  stack='TargetClosedError:Target page, context or browser has been closed
Error
    at captureRawStack (/private/var/folders/mc/dyqmrmzn7wzgnndqb4yxm5ch0000gn/T/playwright-java-10600792000996021267/package/lib/utils/stackTrace.js:50:17)
    at LongStandingScope._race (/private/var/folders/mc/dyqmrmzn7wzgnndqb4yxm5ch0000gn/T/playwright-java-10600792000996021267/package/lib/utils/manualPromise.js:91:52)
    at LongStandingScope.race (/private/var/folders/mc/dyqmrmzn7wzgnndqb4yxm5ch0000gn/T/playwright-java-10600792000996021267/package/lib/utils/manualPromise.js:84:17)
    at FrameDispatcher._handleCommand (/private/var/folders/mc/dyqmrmzn7wzgnndqb4yxm5ch0000gn/T/playwright-java-10600792000996021267/package/lib/server/dispatchers/dispatcher.js:96:36)
    at DispatcherConnection.dispatch (/private/var/folders/mc/dyqmrmzn7wzgnndqb4yxm5ch0000gn/T/playwright-java-10600792000996021267/package/lib/server/dispatchers/dispatcher.js:362:39)
}
Call log:
- navigating to "https://app.easy.jobs/login", waiting until "load"
]]>
            </message>
            <full-stacktrace>
              <![CDATA[com.microsoft.playwright.PlaywrightException: Error {
  message='Target page, context or browser has been closed
  name='TargetClosedError
  stack='TargetClosedError:Target page, context or browser has been closed
Error
    at captureRawStack (/private/var/folders/mc/dyqmrmzn7wzgnndqb4yxm5ch0000gn/T/playwright-java-10600792000996021267/package/lib/utils/stackTrace.js:50:17)
    at LongStandingScope._race (/private/var/folders/mc/dyqmrmzn7wzgnndqb4yxm5ch0000gn/T/playwright-java-10600792000996021267/package/lib/utils/manualPromise.js:91:52)
    at LongStandingScope.race (/private/var/folders/mc/dyqmrmzn7wzgnndqb4yxm5ch0000gn/T/playwright-java-10600792000996021267/package/lib/utils/manualPromise.js:84:17)
    at FrameDispatcher._handleCommand (/private/var/folders/mc/dyqmrmzn7wzgnndqb4yxm5ch0000gn/T/playwright-java-10600792000996021267/package/lib/server/dispatchers/dispatcher.js:96:36)
    at DispatcherConnection.dispatch (/private/var/folders/mc/dyqmrmzn7wzgnndqb4yxm5ch0000gn/T/playwright-java-10600792000996021267/package/lib/server/dispatchers/dispatcher.js:362:39)
}
Call log:
- navigating to "https://app.easy.jobs/login", waiting until "load"

at com.microsoft.playwright.impl.WaitableResult.get(WaitableResult.java:54)
at com.microsoft.playwright.impl.ChannelOwner.runUntil(ChannelOwner.java:120)
at com.microsoft.playwright.impl.Connection.sendMessage(Connection.java:129)
at com.microsoft.playwright.impl.ChannelOwner.sendMessage(ChannelOwner.java:106)
at com.microsoft.playwright.impl.FrameImpl.navigateImpl(FrameImpl.java:463)
at com.microsoft.playwright.impl.PageImpl.lambda$navigate$45(PageImpl.java:836)
at com.microsoft.playwright.impl.LoggingSupport.withLogging(LoggingSupport.java:47)
at com.microsoft.playwright.impl.ChannelOwner.withLogging(ChannelOwner.java:89)
at com.microsoft.playwright.impl.PageImpl.navigate(PageImpl.java:836)
at com.microsoft.playwright.impl.PageImpl.navigate(PageImpl.java:42)
at com.microsoft.playwright.Page.navigate(Page.java:5332)
at com.qa.easyjobs.factory.PlaywrightFactory.initBrowser(PlaywrightFactory.java:99)
at com.qa.easyjobs.base.BaseTest.setup(BaseTest.java:37)
at java.base/jdk.internal.reflect.DirectMethodHandleAccessor.invoke(DirectMethodHandleAccessor.java:103)
at java.base/java.lang.reflect.Method.invoke(Method.java:580)
at org.testng.internal.invokers.MethodInvocationHelper.invokeMethod(MethodInvocationHelper.java:141)
at org.testng.internal.invokers.MethodInvocationHelper.invokeMethodConsideringTimeout(MethodInvocationHelper.java:71)
at org.testng.internal.invokers.ConfigInvoker.invokeConfigurationMethod(ConfigInvoker.java:400)
at org.testng.internal.invokers.ConfigInvoker.invokeConfigurations(ConfigInvoker.java:333)
at org.testng.TestRunner.invokeTestConfigurations(TestRunner.java:655)
at org.testng.TestRunner.beforeRun(TestRunner.java:644)
at org.testng.TestRunner.run(TestRunner.java:610)
at org.testng.SuiteRunner.runTest(SuiteRunner.java:421)
at org.testng.SuiteRunner.runSequentially(SuiteRunner.java:413)
at org.testng.SuiteRunner.privateRun(SuiteRunner.java:373)
at org.testng.SuiteRunner.run(SuiteRunner.java:312)
at org.testng.SuiteRunnerWorker.runSuite(SuiteRunnerWorker.java:52)
at org.testng.SuiteRunnerWorker.run(SuiteRunnerWorker.java:95)
at org.testng.TestNG.runSuitesSequentially(TestNG.java:1274)
at org.testng.TestNG.runSuitesLocally(TestNG.java:1208)
at org.testng.TestNG.runSuites(TestNG.java:1112)
at org.testng.TestNG.run(TestNG.java:1079)
at org.testng.remote.AbstractRemoteTestNG.run(AbstractRemoteTestNG.java:115)
at org.testng.remote.RemoteTestNG.initAndRun(RemoteTestNG.java:293)
at org.testng.remote.RemoteTestNG.main(RemoteTestNG.java:91)
Caused by: com.microsoft.playwright.impl.TargetClosedError: Error {
  message='Target page, context or browser has been closed
  name='TargetClosedError
  stack='TargetClosedError:Target page, context or browser has been closed
Error
    at captureRawStack (/private/var/folders/mc/dyqmrmzn7wzgnndqb4yxm5ch0000gn/T/playwright-java-10600792000996021267/package/lib/utils/stackTrace.js:50:17)
    at LongStandingScope._race (/private/var/folders/mc/dyqmrmzn7wzgnndqb4yxm5ch0000gn/T/playwright-java-10600792000996021267/package/lib/utils/manualPromise.js:91:52)
    at LongStandingScope.race (/private/var/folders/mc/dyqmrmzn7wzgnndqb4yxm5ch0000gn/T/playwright-java-10600792000996021267/package/lib/utils/manualPromise.js:84:17)
    at FrameDispatcher._handleCommand (/private/var/folders/mc/dyqmrmzn7wzgnndqb4yxm5ch0000gn/T/playwright-java-10600792000996021267/package/lib/server/dispatchers/dispatcher.js:96:36)
    at DispatcherConnection.dispatch (/private/var/folders/mc/dyqmrmzn7wzgnndqb4yxm5ch0000gn/T/playwright-java-10600792000996021267/package/lib/server/dispatchers/dispatcher.js:362:39)
}
Call log:
- navigating to "https://app.easy.jobs/login", waiting until "load"

at com.microsoft.playwright.impl.Connection.dispatch(Connection.java:256)
at com.microsoft.playwright.impl.Connection.processOneMessage(Connection.java:209)
at com.microsoft.playwright.impl.ChannelOwner.runUntil(ChannelOwner.java:118)
... 33 more
]]>
            </full-stacktrace>
          </exception> <!-- com.microsoft.playwright.PlaywrightException -->
          <reporter-output>
          </reporter-output>
        </test-method> <!-- setup -->
        <test-method signature="testVerifyPageTitle()[pri:1, instance:com.qa.easyjobs.tests.CandidateApplyPageTest@4a94ee4]" started-at="2025-01-05T12:24:35 BDT" name="testVerifyPageTitle" finished-at="2025-01-05T12:24:35 BDT" duration-ms="0" status="SKIP">
          <exception class="com.microsoft.playwright.PlaywrightException">
            <message>
              <![CDATA[Error {
  message='Target page, context or browser has been closed
  name='TargetClosedError
  stack='TargetClosedError:Target page, context or browser has been closed
Error
    at captureRawStack (/private/var/folders/mc/dyqmrmzn7wzgnndqb4yxm5ch0000gn/T/playwright-java-10600792000996021267/package/lib/utils/stackTrace.js:50:17)
    at LongStandingScope._race (/private/var/folders/mc/dyqmrmzn7wzgnndqb4yxm5ch0000gn/T/playwright-java-10600792000996021267/package/lib/utils/manualPromise.js:91:52)
    at LongStandingScope.race (/private/var/folders/mc/dyqmrmzn7wzgnndqb4yxm5ch0000gn/T/playwright-java-10600792000996021267/package/lib/utils/manualPromise.js:84:17)
    at FrameDispatcher._handleCommand (/private/var/folders/mc/dyqmrmzn7wzgnndqb4yxm5ch0000gn/T/playwright-java-10600792000996021267/package/lib/server/dispatchers/dispatcher.js:96:36)
    at DispatcherConnection.dispatch (/private/var/folders/mc/dyqmrmzn7wzgnndqb4yxm5ch0000gn/T/playwright-java-10600792000996021267/package/lib/server/dispatchers/dispatcher.js:362:39)
}
Call log:
- navigating to "https://app.easy.jobs/login", waiting until "load"
]]>
            </message>
            <full-stacktrace>
              <![CDATA[com.microsoft.playwright.PlaywrightException: Error {
  message='Target page, context or browser has been closed
  name='TargetClosedError
  stack='TargetClosedError:Target page, context or browser has been closed
Error
    at captureRawStack (/private/var/folders/mc/dyqmrmzn7wzgnndqb4yxm5ch0000gn/T/playwright-java-10600792000996021267/package/lib/utils/stackTrace.js:50:17)
    at LongStandingScope._race (/private/var/folders/mc/dyqmrmzn7wzgnndqb4yxm5ch0000gn/T/playwright-java-10600792000996021267/package/lib/utils/manualPromise.js:91:52)
    at LongStandingScope.race (/private/var/folders/mc/dyqmrmzn7wzgnndqb4yxm5ch0000gn/T/playwright-java-10600792000996021267/package/lib/utils/manualPromise.js:84:17)
    at FrameDispatcher._handleCommand (/private/var/folders/mc/dyqmrmzn7wzgnndqb4yxm5ch0000gn/T/playwright-java-10600792000996021267/package/lib/server/dispatchers/dispatcher.js:96:36)
    at DispatcherConnection.dispatch (/private/var/folders/mc/dyqmrmzn7wzgnndqb4yxm5ch0000gn/T/playwright-java-10600792000996021267/package/lib/server/dispatchers/dispatcher.js:362:39)
}
Call log:
- navigating to "https://app.easy.jobs/login", waiting until "load"

at com.microsoft.playwright.impl.WaitableResult.get(WaitableResult.java:54)
at com.microsoft.playwright.impl.ChannelOwner.runUntil(ChannelOwner.java:120)
at com.microsoft.playwright.impl.Connection.sendMessage(Connection.java:129)
at com.microsoft.playwright.impl.ChannelOwner.sendMessage(ChannelOwner.java:106)
at com.microsoft.playwright.impl.FrameImpl.navigateImpl(FrameImpl.java:463)
at com.microsoft.playwright.impl.PageImpl.lambda$navigate$45(PageImpl.java:836)
at com.microsoft.playwright.impl.LoggingSupport.withLogging(LoggingSupport.java:47)
at com.microsoft.playwright.impl.ChannelOwner.withLogging(ChannelOwner.java:89)
at com.microsoft.playwright.impl.PageImpl.navigate(PageImpl.java:836)
at com.microsoft.playwright.impl.PageImpl.navigate(PageImpl.java:42)
at com.microsoft.playwright.Page.navigate(Page.java:5332)
at com.qa.easyjobs.factory.PlaywrightFactory.initBrowser(PlaywrightFactory.java:99)
at com.qa.easyjobs.base.BaseTest.setup(BaseTest.java:37)
at java.base/jdk.internal.reflect.DirectMethodHandleAccessor.invoke(DirectMethodHandleAccessor.java:103)
at java.base/java.lang.reflect.Method.invoke(Method.java:580)
at org.testng.internal.invokers.MethodInvocationHelper.invokeMethod(MethodInvocationHelper.java:141)
at org.testng.internal.invokers.MethodInvocationHelper.invokeMethodConsideringTimeout(MethodInvocationHelper.java:71)
at org.testng.internal.invokers.ConfigInvoker.invokeConfigurationMethod(ConfigInvoker.java:400)
at org.testng.internal.invokers.ConfigInvoker.invokeConfigurations(ConfigInvoker.java:333)
at org.testng.TestRunner.invokeTestConfigurations(TestRunner.java:655)
at org.testng.TestRunner.beforeRun(TestRunner.java:644)
at org.testng.TestRunner.run(TestRunner.java:610)
at org.testng.SuiteRunner.runTest(SuiteRunner.java:421)
at org.testng.SuiteRunner.runSequentially(SuiteRunner.java:413)
at org.testng.SuiteRunner.privateRun(SuiteRunner.java:373)
at org.testng.SuiteRunner.run(SuiteRunner.java:312)
at org.testng.SuiteRunnerWorker.runSuite(SuiteRunnerWorker.java:52)
at org.testng.SuiteRunnerWorker.run(SuiteRunnerWorker.java:95)
at org.testng.TestNG.runSuitesSequentially(TestNG.java:1274)
at org.testng.TestNG.runSuitesLocally(TestNG.java:1208)
at org.testng.TestNG.runSuites(TestNG.java:1112)
at org.testng.TestNG.run(TestNG.java:1079)
at org.testng.remote.AbstractRemoteTestNG.run(AbstractRemoteTestNG.java:115)
at org.testng.remote.RemoteTestNG.initAndRun(RemoteTestNG.java:293)
at org.testng.remote.RemoteTestNG.main(RemoteTestNG.java:91)
Caused by: com.microsoft.playwright.impl.TargetClosedError: Error {
  message='Target page, context or browser has been closed
  name='TargetClosedError
  stack='TargetClosedError:Target page, context or browser has been closed
Error
    at captureRawStack (/private/var/folders/mc/dyqmrmzn7wzgnndqb4yxm5ch0000gn/T/playwright-java-10600792000996021267/package/lib/utils/stackTrace.js:50:17)
    at LongStandingScope._race (/private/var/folders/mc/dyqmrmzn7wzgnndqb4yxm5ch0000gn/T/playwright-java-10600792000996021267/package/lib/utils/manualPromise.js:91:52)
    at LongStandingScope.race (/private/var/folders/mc/dyqmrmzn7wzgnndqb4yxm5ch0000gn/T/playwright-java-10600792000996021267/package/lib/utils/manualPromise.js:84:17)
    at FrameDispatcher._handleCommand (/private/var/folders/mc/dyqmrmzn7wzgnndqb4yxm5ch0000gn/T/playwright-java-10600792000996021267/package/lib/server/dispatchers/dispatcher.js:96:36)
    at DispatcherConnection.dispatch (/private/var/folders/mc/dyqmrmzn7wzgnndqb4yxm5ch0000gn/T/playwright-java-10600792000996021267/package/lib/server/dispatchers/dispatcher.js:362:39)
}
Call log:
- navigating to "https://app.easy.jobs/login", waiting until "load"

at com.microsoft.playwright.impl.Connection.dispatch(Connection.java:256)
at com.microsoft.playwright.impl.Connection.processOneMessage(Connection.java:209)
at com.microsoft.playwright.impl.ChannelOwner.runUntil(ChannelOwner.java:118)
... 33 more
]]>
            </full-stacktrace>
          </exception> <!-- com.microsoft.playwright.PlaywrightException -->
          <reporter-output>
          </reporter-output>
        </test-method> <!-- testVerifyPageTitle -->
        <test-method signature="testApplyNow()[pri:2, instance:com.qa.easyjobs.tests.CandidateApplyPageTest@4a94ee4]" started-at="2025-01-05T12:24:35 BDT" name="testApplyNow" finished-at="2025-01-05T12:24:35 BDT" depends-on-methods="com.qa.easyjobs.tests.CandidateApplyPageTest.testVerifyPageTitle" duration-ms="0" status="SKIP">
          <exception class="java.lang.Throwable">
            <message>
              <![CDATA[Method com.qa.easyjobs.tests.CandidateApplyPageTest.testApplyNow() on instance com.qa.easyjobs.tests.CandidateApplyPageTest@4a94ee4 depends on not successfully finished methods 
[com.qa.easyjobs.tests.CandidateApplyPageTest.testVerifyPageTitle() on instance com.qa.easyjobs.tests.CandidateApplyPageTest@4a94ee4]]]>
            </message>
            <full-stacktrace>
              <![CDATA[java.lang.Throwable: Method com.qa.easyjobs.tests.CandidateApplyPageTest.testApplyNow() on instance com.qa.easyjobs.tests.CandidateApplyPageTest@4a94ee4 depends on not successfully finished methods 
[com.qa.easyjobs.tests.CandidateApplyPageTest.testVerifyPageTitle() on instance com.qa.easyjobs.tests.CandidateApplyPageTest@4a94ee4]
at org.testng.internal.invokers.TestInvoker.invokeTestMethods(TestInvoker.java:159)
at org.testng.internal.invokers.TestMethodWorker.invokeTestMethods(TestMethodWorker.java:154)
at org.testng.internal.invokers.TestMethodWorker.run(TestMethodWorker.java:134)
at java.base/java.util.ArrayList.forEach(ArrayList.java:1596)
at org.testng.TestRunner.privateRun(TestRunner.java:739)
at org.testng.TestRunner.run(TestRunner.java:614)
at org.testng.SuiteRunner.runTest(SuiteRunner.java:421)
at org.testng.SuiteRunner.runSequentially(SuiteRunner.java:413)
at org.testng.SuiteRunner.privateRun(SuiteRunner.java:373)
at org.testng.SuiteRunner.run(SuiteRunner.java:312)
at org.testng.SuiteRunnerWorker.runSuite(SuiteRunnerWorker.java:52)
at org.testng.SuiteRunnerWorker.run(SuiteRunnerWorker.java:95)
at org.testng.TestNG.runSuitesSequentially(TestNG.java:1274)
at org.testng.TestNG.runSuitesLocally(TestNG.java:1208)
at org.testng.TestNG.runSuites(TestNG.java:1112)
at org.testng.TestNG.run(TestNG.java:1079)
at org.testng.remote.AbstractRemoteTestNG.run(AbstractRemoteTestNG.java:115)
at org.testng.remote.RemoteTestNG.initAndRun(RemoteTestNG.java:293)
at org.testng.remote.RemoteTestNG.main(RemoteTestNG.java:91)
]]>
            </full-stacktrace>
          </exception> <!-- java.lang.Throwable -->
          <reporter-output>
          </reporter-output>
        </test-method> <!-- testApplyNow -->
        <test-method signature="cAIModal()[pri:3, instance:com.qa.easyjobs.tests.CandidateApplyPageTest@4a94ee4]" started-at="2025-01-05T12:24:35 BDT" name="cAIModal" finished-at="2025-01-05T12:24:35 BDT" depends-on-methods="com.qa.easyjobs.tests.CandidateApplyPageTest.testApplyNow" duration-ms="0" status="SKIP">
          <exception class="java.lang.Throwable">
            <message>
              <![CDATA[Method com.qa.easyjobs.tests.CandidateApplyPageTest.cAIModal() on instance com.qa.easyjobs.tests.CandidateApplyPageTest@4a94ee4 depends on not successfully finished methods 
[com.qa.easyjobs.tests.CandidateApplyPageTest.testApplyNow() on instance com.qa.easyjobs.tests.CandidateApplyPageTest@4a94ee4]]]>
            </message>
            <full-stacktrace>
              <![CDATA[java.lang.Throwable: Method com.qa.easyjobs.tests.CandidateApplyPageTest.cAIModal() on instance com.qa.easyjobs.tests.CandidateApplyPageTest@4a94ee4 depends on not successfully finished methods 
[com.qa.easyjobs.tests.CandidateApplyPageTest.testApplyNow() on instance com.qa.easyjobs.tests.CandidateApplyPageTest@4a94ee4]
at org.testng.internal.invokers.TestInvoker.invokeTestMethods(TestInvoker.java:159)
at org.testng.internal.invokers.TestMethodWorker.invokeTestMethods(TestMethodWorker.java:154)
at org.testng.internal.invokers.TestMethodWorker.run(TestMethodWorker.java:134)
at java.base/java.util.ArrayList.forEach(ArrayList.java:1596)
at org.testng.TestRunner.privateRun(TestRunner.java:739)
at org.testng.TestRunner.run(TestRunner.java:614)
at org.testng.SuiteRunner.runTest(SuiteRunner.java:421)
at org.testng.SuiteRunner.runSequentially(SuiteRunner.java:413)
at org.testng.SuiteRunner.privateRun(SuiteRunner.java:373)
at org.testng.SuiteRunner.run(SuiteRunner.java:312)
at org.testng.SuiteRunnerWorker.runSuite(SuiteRunnerWorker.java:52)
at org.testng.SuiteRunnerWorker.run(SuiteRunnerWorker.java:95)
at org.testng.TestNG.runSuitesSequentially(TestNG.java:1274)
at org.testng.TestNG.runSuitesLocally(TestNG.java:1208)
at org.testng.TestNG.runSuites(TestNG.java:1112)
at org.testng.TestNG.run(TestNG.java:1079)
at org.testng.remote.AbstractRemoteTestNG.run(AbstractRemoteTestNG.java:115)
at org.testng.remote.RemoteTestNG.initAndRun(RemoteTestNG.java:293)
at org.testng.remote.RemoteTestNG.main(RemoteTestNG.java:91)
]]>
            </full-stacktrace>
          </exception> <!-- java.lang.Throwable -->
          <reporter-output>
          </reporter-output>
        </test-method> <!-- cAIModal -->
        <test-method signature="testSaveBasicInfo()[pri:4, instance:com.qa.easyjobs.tests.CandidateApplyPageTest@4a94ee4]" started-at="2025-01-05T12:24:35 BDT" name="testSaveBasicInfo" finished-at="2025-01-05T12:24:35 BDT" depends-on-methods="com.qa.easyjobs.tests.CandidateApplyPageTest.cAIModal" duration-ms="0" status="SKIP">
          <exception class="java.lang.Throwable">
            <message>
              <![CDATA[Method com.qa.easyjobs.tests.CandidateApplyPageTest.testSaveBasicInfo() on instance com.qa.easyjobs.tests.CandidateApplyPageTest@4a94ee4 depends on not successfully finished methods 
[com.qa.easyjobs.tests.CandidateApplyPageTest.cAIModal() on instance com.qa.easyjobs.tests.CandidateApplyPageTest@4a94ee4]]]>
            </message>
            <full-stacktrace>
              <![CDATA[java.lang.Throwable: Method com.qa.easyjobs.tests.CandidateApplyPageTest.testSaveBasicInfo() on instance com.qa.easyjobs.tests.CandidateApplyPageTest@4a94ee4 depends on not successfully finished methods 
[com.qa.easyjobs.tests.CandidateApplyPageTest.cAIModal() on instance com.qa.easyjobs.tests.CandidateApplyPageTest@4a94ee4]
at org.testng.internal.invokers.TestInvoker.invokeTestMethods(TestInvoker.java:159)
at org.testng.internal.invokers.TestMethodWorker.invokeTestMethods(TestMethodWorker.java:154)
at org.testng.internal.invokers.TestMethodWorker.run(TestMethodWorker.java:134)
at java.base/java.util.ArrayList.forEach(ArrayList.java:1596)
at org.testng.TestRunner.privateRun(TestRunner.java:739)
at org.testng.TestRunner.run(TestRunner.java:614)
at org.testng.SuiteRunner.runTest(SuiteRunner.java:421)
at org.testng.SuiteRunner.runSequentially(SuiteRunner.java:413)
at org.testng.SuiteRunner.privateRun(SuiteRunner.java:373)
at org.testng.SuiteRunner.run(SuiteRunner.java:312)
at org.testng.SuiteRunnerWorker.runSuite(SuiteRunnerWorker.java:52)
at org.testng.SuiteRunnerWorker.run(SuiteRunnerWorker.java:95)
at org.testng.TestNG.runSuitesSequentially(TestNG.java:1274)
at org.testng.TestNG.runSuitesLocally(TestNG.java:1208)
at org.testng.TestNG.runSuites(TestNG.java:1112)
at org.testng.TestNG.run(TestNG.java:1079)
at org.testng.remote.AbstractRemoteTestNG.run(AbstractRemoteTestNG.java:115)
at org.testng.remote.RemoteTestNG.initAndRun(RemoteTestNG.java:293)
at org.testng.remote.RemoteTestNG.main(RemoteTestNG.java:91)
]]>
            </full-stacktrace>
          </exception> <!-- java.lang.Throwable -->
          <reporter-output>
          </reporter-output>
        </test-method> <!-- testSaveBasicInfo -->
        <test-method signature="testWriteCoverLetter()[pri:5, instance:com.qa.easyjobs.tests.CandidateApplyPageTest@4a94ee4]" started-at="2025-01-05T12:24:35 BDT" name="testWriteCoverLetter" finished-at="2025-01-05T12:24:35 BDT" depends-on-methods="com.qa.easyjobs.tests.CandidateApplyPageTest.testSaveBasicInfo" duration-ms="0" status="SKIP">
          <exception class="java.lang.Throwable">
            <message>
              <![CDATA[Method com.qa.easyjobs.tests.CandidateApplyPageTest.testWriteCoverLetter() on instance com.qa.easyjobs.tests.CandidateApplyPageTest@4a94ee4 depends on not successfully finished methods 
[com.qa.easyjobs.tests.CandidateApplyPageTest.testSaveBasicInfo() on instance com.qa.easyjobs.tests.CandidateApplyPageTest@4a94ee4]]]>
            </message>
            <full-stacktrace>
              <![CDATA[java.lang.Throwable: Method com.qa.easyjobs.tests.CandidateApplyPageTest.testWriteCoverLetter() on instance com.qa.easyjobs.tests.CandidateApplyPageTest@4a94ee4 depends on not successfully finished methods 
[com.qa.easyjobs.tests.CandidateApplyPageTest.testSaveBasicInfo() on instance com.qa.easyjobs.tests.CandidateApplyPageTest@4a94ee4]
at org.testng.internal.invokers.TestInvoker.invokeTestMethods(TestInvoker.java:159)
at org.testng.internal.invokers.TestMethodWorker.invokeTestMethods(TestMethodWorker.java:154)
at org.testng.internal.invokers.TestMethodWorker.run(TestMethodWorker.java:134)
at java.base/java.util.ArrayList.forEach(ArrayList.java:1596)
at org.testng.TestRunner.privateRun(TestRunner.java:739)
at org.testng.TestRunner.run(TestRunner.java:614)
at org.testng.SuiteRunner.runTest(SuiteRunner.java:421)
at org.testng.SuiteRunner.runSequentially(SuiteRunner.java:413)
at org.testng.SuiteRunner.privateRun(SuiteRunner.java:373)
at org.testng.SuiteRunner.run(SuiteRunner.java:312)
at org.testng.SuiteRunnerWorker.runSuite(SuiteRunnerWorker.java:52)
at org.testng.SuiteRunnerWorker.run(SuiteRunnerWorker.java:95)
at org.testng.TestNG.runSuitesSequentially(TestNG.java:1274)
at org.testng.TestNG.runSuitesLocally(TestNG.java:1208)
at org.testng.TestNG.runSuites(TestNG.java:1112)
at org.testng.TestNG.run(TestNG.java:1079)
at org.testng.remote.AbstractRemoteTestNG.run(AbstractRemoteTestNG.java:115)
at org.testng.remote.RemoteTestNG.initAndRun(RemoteTestNG.java:293)
at org.testng.remote.RemoteTestNG.main(RemoteTestNG.java:91)
]]>
            </full-stacktrace>
          </exception> <!-- java.lang.Throwable -->
          <reporter-output>
          </reporter-output>
        </test-method> <!-- testWriteCoverLetter -->
        <test-method signature="testSaveContinueAfterCoverLetter()[pri:6, instance:com.qa.easyjobs.tests.CandidateApplyPageTest@4a94ee4]" started-at="2025-01-05T12:24:35 BDT" name="testSaveContinueAfterCoverLetter" finished-at="2025-01-05T12:24:35 BDT" depends-on-methods="com.qa.easyjobs.tests.CandidateApplyPageTest.testWriteCoverLetter" duration-ms="0" status="SKIP">
          <exception class="java.lang.Throwable">
            <message>
              <![CDATA[Method com.qa.easyjobs.tests.CandidateApplyPageTest.testSaveContinueAfterCoverLetter() on instance com.qa.easyjobs.tests.CandidateApplyPageTest@4a94ee4 depends on not successfully finished methods 
[com.qa.easyjobs.tests.CandidateApplyPageTest.testWriteCoverLetter() on instance com.qa.easyjobs.tests.CandidateApplyPageTest@4a94ee4]]]>
            </message>
            <full-stacktrace>
              <![CDATA[java.lang.Throwable: Method com.qa.easyjobs.tests.CandidateApplyPageTest.testSaveContinueAfterCoverLetter() on instance com.qa.easyjobs.tests.CandidateApplyPageTest@4a94ee4 depends on not successfully finished methods 
[com.qa.easyjobs.tests.CandidateApplyPageTest.testWriteCoverLetter() on instance com.qa.easyjobs.tests.CandidateApplyPageTest@4a94ee4]
at org.testng.internal.invokers.TestInvoker.invokeTestMethods(TestInvoker.java:159)
at org.testng.internal.invokers.TestMethodWorker.invokeTestMethods(TestMethodWorker.java:154)
at org.testng.internal.invokers.TestMethodWorker.run(TestMethodWorker.java:134)
at java.base/java.util.ArrayList.forEach(ArrayList.java:1596)
at org.testng.TestRunner.privateRun(TestRunner.java:739)
at org.testng.TestRunner.run(TestRunner.java:614)
at org.testng.SuiteRunner.runTest(SuiteRunner.java:421)
at org.testng.SuiteRunner.runSequentially(SuiteRunner.java:413)
at org.testng.SuiteRunner.privateRun(SuiteRunner.java:373)
at org.testng.SuiteRunner.run(SuiteRunner.java:312)
at org.testng.SuiteRunnerWorker.runSuite(SuiteRunnerWorker.java:52)
at org.testng.SuiteRunnerWorker.run(SuiteRunnerWorker.java:95)
at org.testng.TestNG.runSuitesSequentially(TestNG.java:1274)
at org.testng.TestNG.runSuitesLocally(TestNG.java:1208)
at org.testng.TestNG.runSuites(TestNG.java:1112)
at org.testng.TestNG.run(TestNG.java:1079)
at org.testng.remote.AbstractRemoteTestNG.run(AbstractRemoteTestNG.java:115)
at org.testng.remote.RemoteTestNG.initAndRun(RemoteTestNG.java:293)
at org.testng.remote.RemoteTestNG.main(RemoteTestNG.java:91)
]]>
            </full-stacktrace>
          </exception> <!-- java.lang.Throwable -->
          <reporter-output>
          </reporter-output>
        </test-method> <!-- testSaveContinueAfterCoverLetter -->
        <test-method signature="testScreeningPageVisible()[pri:7, instance:com.qa.easyjobs.tests.CandidateApplyPageTest@4a94ee4]" started-at="2025-01-05T12:24:35 BDT" name="testScreeningPageVisible" finished-at="2025-01-05T12:24:35 BDT" depends-on-methods="com.qa.easyjobs.tests.CandidateApplyPageTest.testSaveContinueAfterCoverLetter" duration-ms="0" status="SKIP">
          <exception class="java.lang.Throwable">
            <message>
              <![CDATA[Method com.qa.easyjobs.tests.CandidateApplyPageTest.testScreeningPageVisible() on instance com.qa.easyjobs.tests.CandidateApplyPageTest@4a94ee4 depends on not successfully finished methods 
[com.qa.easyjobs.tests.CandidateApplyPageTest.testSaveContinueAfterCoverLetter() on instance com.qa.easyjobs.tests.CandidateApplyPageTest@4a94ee4]]]>
            </message>
            <full-stacktrace>
              <![CDATA[java.lang.Throwable: Method com.qa.easyjobs.tests.CandidateApplyPageTest.testScreeningPageVisible() on instance com.qa.easyjobs.tests.CandidateApplyPageTest@4a94ee4 depends on not successfully finished methods 
[com.qa.easyjobs.tests.CandidateApplyPageTest.testSaveContinueAfterCoverLetter() on instance com.qa.easyjobs.tests.CandidateApplyPageTest@4a94ee4]
at org.testng.internal.invokers.TestInvoker.invokeTestMethods(TestInvoker.java:159)
at org.testng.internal.invokers.TestMethodWorker.invokeTestMethods(TestMethodWorker.java:154)
at org.testng.internal.invokers.TestMethodWorker.run(TestMethodWorker.java:134)
at java.base/java.util.ArrayList.forEach(ArrayList.java:1596)
at org.testng.TestRunner.privateRun(TestRunner.java:739)
at org.testng.TestRunner.run(TestRunner.java:614)
at org.testng.SuiteRunner.runTest(SuiteRunner.java:421)
at org.testng.SuiteRunner.runSequentially(SuiteRunner.java:413)
at org.testng.SuiteRunner.privateRun(SuiteRunner.java:373)
at org.testng.SuiteRunner.run(SuiteRunner.java:312)
at org.testng.SuiteRunnerWorker.runSuite(SuiteRunnerWorker.java:52)
at org.testng.SuiteRunnerWorker.run(SuiteRunnerWorker.java:95)
at org.testng.TestNG.runSuitesSequentially(TestNG.java:1274)
at org.testng.TestNG.runSuitesLocally(TestNG.java:1208)
at org.testng.TestNG.runSuites(TestNG.java:1112)
at org.testng.TestNG.run(TestNG.java:1079)
at org.testng.remote.AbstractRemoteTestNG.run(AbstractRemoteTestNG.java:115)
at org.testng.remote.RemoteTestNG.initAndRun(RemoteTestNG.java:293)
at org.testng.remote.RemoteTestNG.main(RemoteTestNG.java:91)
]]>
            </full-stacktrace>
          </exception> <!-- java.lang.Throwable -->
          <reporter-output>
          </reporter-output>
        </test-method> <!-- testScreeningPageVisible -->
        <test-method signature="testSelectAnswer3()[pri:8, instance:com.qa.easyjobs.tests.CandidateApplyPageTest@4a94ee4]" started-at="2025-01-05T12:24:35 BDT" name="testSelectAnswer3" finished-at="2025-01-05T12:24:35 BDT" depends-on-methods="com.qa.easyjobs.tests.CandidateApplyPageTest.testScreeningPageVisible" duration-ms="0" status="SKIP">
          <exception class="java.lang.Throwable">
            <message>
              <![CDATA[Method com.qa.easyjobs.tests.CandidateApplyPageTest.testSelectAnswer3() on instance com.qa.easyjobs.tests.CandidateApplyPageTest@4a94ee4 depends on not successfully finished methods 
[com.qa.easyjobs.tests.CandidateApplyPageTest.testScreeningPageVisible() on instance com.qa.easyjobs.tests.CandidateApplyPageTest@4a94ee4]]]>
            </message>
            <full-stacktrace>
              <![CDATA[java.lang.Throwable: Method com.qa.easyjobs.tests.CandidateApplyPageTest.testSelectAnswer3() on instance com.qa.easyjobs.tests.CandidateApplyPageTest@4a94ee4 depends on not successfully finished methods 
[com.qa.easyjobs.tests.CandidateApplyPageTest.testScreeningPageVisible() on instance com.qa.easyjobs.tests.CandidateApplyPageTest@4a94ee4]
at org.testng.internal.invokers.TestInvoker.invokeTestMethods(TestInvoker.java:159)
at org.testng.internal.invokers.TestMethodWorker.invokeTestMethods(TestMethodWorker.java:154)
at org.testng.internal.invokers.TestMethodWorker.run(TestMethodWorker.java:134)
at java.base/java.util.ArrayList.forEach(ArrayList.java:1596)
at org.testng.TestRunner.privateRun(TestRunner.java:739)
at org.testng.TestRunner.run(TestRunner.java:614)
at org.testng.SuiteRunner.runTest(SuiteRunner.java:421)
at org.testng.SuiteRunner.runSequentially(SuiteRunner.java:413)
at org.testng.SuiteRunner.privateRun(SuiteRunner.java:373)
at org.testng.SuiteRunner.run(SuiteRunner.java:312)
at org.testng.SuiteRunnerWorker.runSuite(SuiteRunnerWorker.java:52)
at org.testng.SuiteRunnerWorker.run(SuiteRunnerWorker.java:95)
at org.testng.TestNG.runSuitesSequentially(TestNG.java:1274)
at org.testng.TestNG.runSuitesLocally(TestNG.java:1208)
at org.testng.TestNG.runSuites(TestNG.java:1112)
at org.testng.TestNG.run(TestNG.java:1079)
at org.testng.remote.AbstractRemoteTestNG.run(AbstractRemoteTestNG.java:115)
at org.testng.remote.RemoteTestNG.initAndRun(RemoteTestNG.java:293)
at org.testng.remote.RemoteTestNG.main(RemoteTestNG.java:91)
]]>
            </full-stacktrace>
          </exception> <!-- java.lang.Throwable -->
          <reporter-output>
          </reporter-output>
        </test-method> <!-- testSelectAnswer3 -->
        <test-method signature="testSaveContinueScreening()[pri:9, instance:com.qa.easyjobs.tests.CandidateApplyPageTest@4a94ee4]" started-at="2025-01-05T12:24:35 BDT" name="testSaveContinueScreening" finished-at="2025-01-05T12:24:35 BDT" depends-on-methods="com.qa.easyjobs.tests.CandidateApplyPageTest.testSelectAnswer3" duration-ms="1" status="SKIP">
          <exception class="java.lang.Throwable">
            <message>
              <![CDATA[Method com.qa.easyjobs.tests.CandidateApplyPageTest.testSaveContinueScreening() on instance com.qa.easyjobs.tests.CandidateApplyPageTest@4a94ee4 depends on not successfully finished methods 
[com.qa.easyjobs.tests.CandidateApplyPageTest.testSelectAnswer3() on instance com.qa.easyjobs.tests.CandidateApplyPageTest@4a94ee4]]]>
            </message>
            <full-stacktrace>
              <![CDATA[java.lang.Throwable: Method com.qa.easyjobs.tests.CandidateApplyPageTest.testSaveContinueScreening() on instance com.qa.easyjobs.tests.CandidateApplyPageTest@4a94ee4 depends on not successfully finished methods 
[com.qa.easyjobs.tests.CandidateApplyPageTest.testSelectAnswer3() on instance com.qa.easyjobs.tests.CandidateApplyPageTest@4a94ee4]
at org.testng.internal.invokers.TestInvoker.invokeTestMethods(TestInvoker.java:159)
at org.testng.internal.invokers.TestMethodWorker.invokeTestMethods(TestMethodWorker.java:154)
at org.testng.internal.invokers.TestMethodWorker.run(TestMethodWorker.java:134)
at java.base/java.util.ArrayList.forEach(ArrayList.java:1596)
at org.testng.TestRunner.privateRun(TestRunner.java:739)
at org.testng.TestRunner.run(TestRunner.java:614)
at org.testng.SuiteRunner.runTest(SuiteRunner.java:421)
at org.testng.SuiteRunner.runSequentially(SuiteRunner.java:413)
at org.testng.SuiteRunner.privateRun(SuiteRunner.java:373)
at org.testng.SuiteRunner.run(SuiteRunner.java:312)
at org.testng.SuiteRunnerWorker.runSuite(SuiteRunnerWorker.java:52)
at org.testng.SuiteRunnerWorker.run(SuiteRunnerWorker.java:95)
at org.testng.TestNG.runSuitesSequentially(TestNG.java:1274)
at org.testng.TestNG.runSuitesLocally(TestNG.java:1208)
at org.testng.TestNG.runSuites(TestNG.java:1112)
at org.testng.TestNG.run(TestNG.java:1079)
at org.testng.remote.AbstractRemoteTestNG.run(AbstractRemoteTestNG.java:115)
at org.testng.remote.RemoteTestNG.initAndRun(RemoteTestNG.java:293)
at org.testng.remote.RemoteTestNG.main(RemoteTestNG.java:91)
]]>
            </full-stacktrace>
          </exception> <!-- java.lang.Throwable -->
          <reporter-output>
          </reporter-output>
        </test-method> <!-- testSaveContinueScreening -->
        <test-method signature="testQuizPageVisible()[pri:10, instance:com.qa.easyjobs.tests.CandidateApplyPageTest@4a94ee4]" started-at="2025-01-05T12:24:35 BDT" name="testQuizPageVisible" finished-at="2025-01-05T12:24:35 BDT" depends-on-methods="com.qa.easyjobs.tests.CandidateApplyPageTest.testSaveContinueScreening" duration-ms="0" status="SKIP">
          <exception class="java.lang.Throwable">
            <message>
              <![CDATA[Method com.qa.easyjobs.tests.CandidateApplyPageTest.testQuizPageVisible() on instance com.qa.easyjobs.tests.CandidateApplyPageTest@4a94ee4 depends on not successfully finished methods 
[com.qa.easyjobs.tests.CandidateApplyPageTest.testSaveContinueScreening() on instance com.qa.easyjobs.tests.CandidateApplyPageTest@4a94ee4]]]>
            </message>
            <full-stacktrace>
              <![CDATA[java.lang.Throwable: Method com.qa.easyjobs.tests.CandidateApplyPageTest.testQuizPageVisible() on instance com.qa.easyjobs.tests.CandidateApplyPageTest@4a94ee4 depends on not successfully finished methods 
[com.qa.easyjobs.tests.CandidateApplyPageTest.testSaveContinueScreening() on instance com.qa.easyjobs.tests.CandidateApplyPageTest@4a94ee4]
at org.testng.internal.invokers.TestInvoker.invokeTestMethods(TestInvoker.java:159)
at org.testng.internal.invokers.TestMethodWorker.invokeTestMethods(TestMethodWorker.java:154)
at org.testng.internal.invokers.TestMethodWorker.run(TestMethodWorker.java:134)
at java.base/java.util.ArrayList.forEach(ArrayList.java:1596)
at org.testng.TestRunner.privateRun(TestRunner.java:739)
at org.testng.TestRunner.run(TestRunner.java:614)
at org.testng.SuiteRunner.runTest(SuiteRunner.java:421)
at org.testng.SuiteRunner.runSequentially(SuiteRunner.java:413)
at org.testng.SuiteRunner.privateRun(SuiteRunner.java:373)
at org.testng.SuiteRunner.run(SuiteRunner.java:312)
at org.testng.SuiteRunnerWorker.runSuite(SuiteRunnerWorker.java:52)
at org.testng.SuiteRunnerWorker.run(SuiteRunnerWorker.java:95)
at org.testng.TestNG.runSuitesSequentially(TestNG.java:1274)
at org.testng.TestNG.runSuitesLocally(TestNG.java:1208)
at org.testng.TestNG.runSuites(TestNG.java:1112)
at org.testng.TestNG.run(TestNG.java:1079)
at org.testng.remote.AbstractRemoteTestNG.run(AbstractRemoteTestNG.java:115)
at org.testng.remote.RemoteTestNG.initAndRun(RemoteTestNG.java:293)
at org.testng.remote.RemoteTestNG.main(RemoteTestNG.java:91)
]]>
            </full-stacktrace>
          </exception> <!-- java.lang.Throwable -->
          <reporter-output>
          </reporter-output>
        </test-method> <!-- testQuizPageVisible -->
        <test-method signature="testStartQuiz()[pri:11, instance:com.qa.easyjobs.tests.CandidateApplyPageTest@4a94ee4]" started-at="2025-01-05T12:24:35 BDT" name="testStartQuiz" finished-at="2025-01-05T12:24:35 BDT" depends-on-methods="com.qa.easyjobs.tests.CandidateApplyPageTest.testQuizPageVisible" duration-ms="0" status="SKIP">
          <exception class="java.lang.Throwable">
            <message>
              <![CDATA[Method com.qa.easyjobs.tests.CandidateApplyPageTest.testStartQuiz() on instance com.qa.easyjobs.tests.CandidateApplyPageTest@4a94ee4 depends on not successfully finished methods 
[com.qa.easyjobs.tests.CandidateApplyPageTest.testQuizPageVisible() on instance com.qa.easyjobs.tests.CandidateApplyPageTest@4a94ee4]]]>
            </message>
            <full-stacktrace>
              <![CDATA[java.lang.Throwable: Method com.qa.easyjobs.tests.CandidateApplyPageTest.testStartQuiz() on instance com.qa.easyjobs.tests.CandidateApplyPageTest@4a94ee4 depends on not successfully finished methods 
[com.qa.easyjobs.tests.CandidateApplyPageTest.testQuizPageVisible() on instance com.qa.easyjobs.tests.CandidateApplyPageTest@4a94ee4]
at org.testng.internal.invokers.TestInvoker.invokeTestMethods(TestInvoker.java:159)
at org.testng.internal.invokers.TestMethodWorker.invokeTestMethods(TestMethodWorker.java:154)
at org.testng.internal.invokers.TestMethodWorker.run(TestMethodWorker.java:134)
at java.base/java.util.ArrayList.forEach(ArrayList.java:1596)
at org.testng.TestRunner.privateRun(TestRunner.java:739)
at org.testng.TestRunner.run(TestRunner.java:614)
at org.testng.SuiteRunner.runTest(SuiteRunner.java:421)
at org.testng.SuiteRunner.runSequentially(SuiteRunner.java:413)
at org.testng.SuiteRunner.privateRun(SuiteRunner.java:373)
at org.testng.SuiteRunner.run(SuiteRunner.java:312)
at org.testng.SuiteRunnerWorker.runSuite(SuiteRunnerWorker.java:52)
at org.testng.SuiteRunnerWorker.run(SuiteRunnerWorker.java:95)
at org.testng.TestNG.runSuitesSequentially(TestNG.java:1274)
at org.testng.TestNG.runSuitesLocally(TestNG.java:1208)
at org.testng.TestNG.runSuites(TestNG.java:1112)
at org.testng.TestNG.run(TestNG.java:1079)
at org.testng.remote.AbstractRemoteTestNG.run(AbstractRemoteTestNG.java:115)
at org.testng.remote.RemoteTestNG.initAndRun(RemoteTestNG.java:293)
at org.testng.remote.RemoteTestNG.main(RemoteTestNG.java:91)
]]>
            </full-stacktrace>
          </exception> <!-- java.lang.Throwable -->
          <reporter-output>
          </reporter-output>
        </test-method> <!-- testStartQuiz -->
        <test-method signature="testSelectQuizOption2()[pri:12, instance:com.qa.easyjobs.tests.CandidateApplyPageTest@4a94ee4]" started-at="2025-01-05T12:24:35 BDT" name="testSelectQuizOption2" finished-at="2025-01-05T12:24:35 BDT" depends-on-methods="com.qa.easyjobs.tests.CandidateApplyPageTest.testStartQuiz" duration-ms="0" status="SKIP">
          <exception class="java.lang.Throwable">
            <message>
              <![CDATA[Method com.qa.easyjobs.tests.CandidateApplyPageTest.testSelectQuizOption2() on instance com.qa.easyjobs.tests.CandidateApplyPageTest@4a94ee4 depends on not successfully finished methods 
[com.qa.easyjobs.tests.CandidateApplyPageTest.testStartQuiz() on instance com.qa.easyjobs.tests.CandidateApplyPageTest@4a94ee4]]]>
            </message>
            <full-stacktrace>
              <![CDATA[java.lang.Throwable: Method com.qa.easyjobs.tests.CandidateApplyPageTest.testSelectQuizOption2() on instance com.qa.easyjobs.tests.CandidateApplyPageTest@4a94ee4 depends on not successfully finished methods 
[com.qa.easyjobs.tests.CandidateApplyPageTest.testStartQuiz() on instance com.qa.easyjobs.tests.CandidateApplyPageTest@4a94ee4]
at org.testng.internal.invokers.TestInvoker.invokeTestMethods(TestInvoker.java:159)
at org.testng.internal.invokers.TestMethodWorker.invokeTestMethods(TestMethodWorker.java:154)
at org.testng.internal.invokers.TestMethodWorker.run(TestMethodWorker.java:134)
at java.base/java.util.ArrayList.forEach(ArrayList.java:1596)
at org.testng.TestRunner.privateRun(TestRunner.java:739)
at org.testng.TestRunner.run(TestRunner.java:614)
at org.testng.SuiteRunner.runTest(SuiteRunner.java:421)
at org.testng.SuiteRunner.runSequentially(SuiteRunner.java:413)
at org.testng.SuiteRunner.privateRun(SuiteRunner.java:373)
at org.testng.SuiteRunner.run(SuiteRunner.java:312)
at org.testng.SuiteRunnerWorker.runSuite(SuiteRunnerWorker.java:52)
at org.testng.SuiteRunnerWorker.run(SuiteRunnerWorker.java:95)
at org.testng.TestNG.runSuitesSequentially(TestNG.java:1274)
at org.testng.TestNG.runSuitesLocally(TestNG.java:1208)
at org.testng.TestNG.runSuites(TestNG.java:1112)
at org.testng.TestNG.run(TestNG.java:1079)
at org.testng.remote.AbstractRemoteTestNG.run(AbstractRemoteTestNG.java:115)
at org.testng.remote.RemoteTestNG.initAndRun(RemoteTestNG.java:293)
at org.testng.remote.RemoteTestNG.main(RemoteTestNG.java:91)
]]>
            </full-stacktrace>
          </exception> <!-- java.lang.Throwable -->
          <reporter-output>
          </reporter-output>
        </test-method> <!-- testSelectQuizOption2 -->
        <test-method signature="testSubmitQuizAnswer()[pri:13, instance:com.qa.easyjobs.tests.CandidateApplyPageTest@4a94ee4]" started-at="2025-01-05T12:24:35 BDT" name="testSubmitQuizAnswer" finished-at="2025-01-05T12:24:35 BDT" depends-on-methods="com.qa.easyjobs.tests.CandidateApplyPageTest.testSelectQuizOption2" duration-ms="0" status="SKIP">
          <exception class="java.lang.Throwable">
            <message>
              <![CDATA[Method com.qa.easyjobs.tests.CandidateApplyPageTest.testSubmitQuizAnswer() on instance com.qa.easyjobs.tests.CandidateApplyPageTest@4a94ee4 depends on not successfully finished methods 
[com.qa.easyjobs.tests.CandidateApplyPageTest.testSelectQuizOption2() on instance com.qa.easyjobs.tests.CandidateApplyPageTest@4a94ee4]]]>
            </message>
            <full-stacktrace>
              <![CDATA[java.lang.Throwable: Method com.qa.easyjobs.tests.CandidateApplyPageTest.testSubmitQuizAnswer() on instance com.qa.easyjobs.tests.CandidateApplyPageTest@4a94ee4 depends on not successfully finished methods 
[com.qa.easyjobs.tests.CandidateApplyPageTest.testSelectQuizOption2() on instance com.qa.easyjobs.tests.CandidateApplyPageTest@4a94ee4]
at org.testng.internal.invokers.TestInvoker.invokeTestMethods(TestInvoker.java:159)
at org.testng.internal.invokers.TestMethodWorker.invokeTestMethods(TestMethodWorker.java:154)
at org.testng.internal.invokers.TestMethodWorker.run(TestMethodWorker.java:134)
at java.base/java.util.ArrayList.forEach(ArrayList.java:1596)
at org.testng.TestRunner.privateRun(TestRunner.java:739)
at org.testng.TestRunner.run(TestRunner.java:614)
at org.testng.SuiteRunner.runTest(SuiteRunner.java:421)
at org.testng.SuiteRunner.runSequentially(SuiteRunner.java:413)
at org.testng.SuiteRunner.privateRun(SuiteRunner.java:373)
at org.testng.SuiteRunner.run(SuiteRunner.java:312)
at org.testng.SuiteRunnerWorker.runSuite(SuiteRunnerWorker.java:52)
at org.testng.SuiteRunnerWorker.run(SuiteRunnerWorker.java:95)
at org.testng.TestNG.runSuitesSequentially(TestNG.java:1274)
at org.testng.TestNG.runSuitesLocally(TestNG.java:1208)
at org.testng.TestNG.runSuites(TestNG.java:1112)
at org.testng.TestNG.run(TestNG.java:1079)
at org.testng.remote.AbstractRemoteTestNG.run(AbstractRemoteTestNG.java:115)
at org.testng.remote.RemoteTestNG.initAndRun(RemoteTestNG.java:293)
at org.testng.remote.RemoteTestNG.main(RemoteTestNG.java:91)
]]>
            </full-stacktrace>
          </exception> <!-- java.lang.Throwable -->
          <reporter-output>
          </reporter-output>
        </test-method> <!-- testSubmitQuizAnswer -->
        <test-method signature="testFinalPageVisible()[pri:14, instance:com.qa.easyjobs.tests.CandidateApplyPageTest@4a94ee4]" started-at="2025-01-05T12:24:35 BDT" name="testFinalPageVisible" finished-at="2025-01-05T12:24:35 BDT" depends-on-methods="com.qa.easyjobs.tests.CandidateApplyPageTest.testSubmitQuizAnswer" duration-ms="0" status="SKIP">
          <exception class="java.lang.Throwable">
            <message>
              <![CDATA[Method com.qa.easyjobs.tests.CandidateApplyPageTest.testFinalPageVisible() on instance com.qa.easyjobs.tests.CandidateApplyPageTest@4a94ee4 depends on not successfully finished methods 
[com.qa.easyjobs.tests.CandidateApplyPageTest.testSubmitQuizAnswer() on instance com.qa.easyjobs.tests.CandidateApplyPageTest@4a94ee4]]]>
            </message>
            <full-stacktrace>
              <![CDATA[java.lang.Throwable: Method com.qa.easyjobs.tests.CandidateApplyPageTest.testFinalPageVisible() on instance com.qa.easyjobs.tests.CandidateApplyPageTest@4a94ee4 depends on not successfully finished methods 
[com.qa.easyjobs.tests.CandidateApplyPageTest.testSubmitQuizAnswer() on instance com.qa.easyjobs.tests.CandidateApplyPageTest@4a94ee4]
at org.testng.internal.invokers.TestInvoker.invokeTestMethods(TestInvoker.java:159)
at org.testng.internal.invokers.TestMethodWorker.invokeTestMethods(TestMethodWorker.java:154)
at org.testng.internal.invokers.TestMethodWorker.run(TestMethodWorker.java:134)
at java.base/java.util.ArrayList.forEach(ArrayList.java:1596)
at org.testng.TestRunner.privateRun(TestRunner.java:739)
at org.testng.TestRunner.run(TestRunner.java:614)
at org.testng.SuiteRunner.runTest(SuiteRunner.java:421)
at org.testng.SuiteRunner.runSequentially(SuiteRunner.java:413)
at org.testng.SuiteRunner.privateRun(SuiteRunner.java:373)
at org.testng.SuiteRunner.run(SuiteRunner.java:312)
at org.testng.SuiteRunnerWorker.runSuite(SuiteRunnerWorker.java:52)
at org.testng.SuiteRunnerWorker.run(SuiteRunnerWorker.java:95)
at org.testng.TestNG.runSuitesSequentially(TestNG.java:1274)
at org.testng.TestNG.runSuitesLocally(TestNG.java:1208)
at org.testng.TestNG.runSuites(TestNG.java:1112)
at org.testng.TestNG.run(TestNG.java:1079)
at org.testng.remote.AbstractRemoteTestNG.run(AbstractRemoteTestNG.java:115)
at org.testng.remote.RemoteTestNG.initAndRun(RemoteTestNG.java:293)
at org.testng.remote.RemoteTestNG.main(RemoteTestNG.java:91)
]]>
            </full-stacktrace>
          </exception> <!-- java.lang.Throwable -->
          <reporter-output>
          </reporter-output>
        </test-method> <!-- testFinalPageVisible -->
        <test-method signature="testSubmitApplication()[pri:15, instance:com.qa.easyjobs.tests.CandidateApplyPageTest@4a94ee4]" started-at="2025-01-05T12:24:35 BDT" name="testSubmitApplication" finished-at="2025-01-05T12:24:35 BDT" depends-on-methods="com.qa.easyjobs.tests.CandidateApplyPageTest.testFinalPageVisible" duration-ms="0" status="SKIP">
          <exception class="java.lang.Throwable">
            <message>
              <![CDATA[Method com.qa.easyjobs.tests.CandidateApplyPageTest.testSubmitApplication() on instance com.qa.easyjobs.tests.CandidateApplyPageTest@4a94ee4 depends on not successfully finished methods 
[com.qa.easyjobs.tests.CandidateApplyPageTest.testFinalPageVisible() on instance com.qa.easyjobs.tests.CandidateApplyPageTest@4a94ee4]]]>
            </message>
            <full-stacktrace>
              <![CDATA[java.lang.Throwable: Method com.qa.easyjobs.tests.CandidateApplyPageTest.testSubmitApplication() on instance com.qa.easyjobs.tests.CandidateApplyPageTest@4a94ee4 depends on not successfully finished methods 
[com.qa.easyjobs.tests.CandidateApplyPageTest.testFinalPageVisible() on instance com.qa.easyjobs.tests.CandidateApplyPageTest@4a94ee4]
at org.testng.internal.invokers.TestInvoker.invokeTestMethods(TestInvoker.java:159)
at org.testng.internal.invokers.TestMethodWorker.invokeTestMethods(TestMethodWorker.java:154)
at org.testng.internal.invokers.TestMethodWorker.run(TestMethodWorker.java:134)
at java.base/java.util.ArrayList.forEach(ArrayList.java:1596)
at org.testng.TestRunner.privateRun(TestRunner.java:739)
at org.testng.TestRunner.run(TestRunner.java:614)
at org.testng.SuiteRunner.runTest(SuiteRunner.java:421)
at org.testng.SuiteRunner.runSequentially(SuiteRunner.java:413)
at org.testng.SuiteRunner.privateRun(SuiteRunner.java:373)
at org.testng.SuiteRunner.run(SuiteRunner.java:312)
at org.testng.SuiteRunnerWorker.runSuite(SuiteRunnerWorker.java:52)
at org.testng.SuiteRunnerWorker.run(SuiteRunnerWorker.java:95)
at org.testng.TestNG.runSuitesSequentially(TestNG.java:1274)
at org.testng.TestNG.runSuitesLocally(TestNG.java:1208)
at org.testng.TestNG.runSuites(TestNG.java:1112)
at org.testng.TestNG.run(TestNG.java:1079)
at org.testng.remote.AbstractRemoteTestNG.run(AbstractRemoteTestNG.java:115)
at org.testng.remote.RemoteTestNG.initAndRun(RemoteTestNG.java:293)
at org.testng.remote.RemoteTestNG.main(RemoteTestNG.java:91)
]]>
            </full-stacktrace>
          </exception> <!-- java.lang.Throwable -->
          <reporter-output>
          </reporter-output>
        </test-method> <!-- testSubmitApplication -->
        <test-method is-config="true" signature="tearDown()[pri:0, instance:com.qa.easyjobs.tests.CandidateApplyPageTest@4a94ee4]" started-at="2025-01-05T12:24:35 BDT" name="tearDown" finished-at="2025-01-05T12:24:35 BDT" duration-ms="0" status="SKIP">
          <reporter-output>
          </reporter-output>
        </test-method> <!-- tearDown -->
      </class> <!-- com.qa.easyjobs.tests.CandidateApplyPageTest -->
    </test> <!-- EasyJobs CandidateApply Test -->
    <test started-at="2025-01-05T12:24:35 BDT" name="EasyJobs ConversationPage Test" finished-at="2025-01-05T12:24:38 BDT" duration-ms="2358">
      <class name="com.qa.easyjobs.tests.ConversationPageTest">
        <test-method is-config="true" signature="setup()[pri:0, instance:com.qa.easyjobs.tests.ConversationPageTest@595b007d]" started-at="2025-01-05T12:24:35 BDT" name="setup" finished-at="2025-01-05T12:24:38 BDT" duration-ms="2343" status="FAIL">
          <exception class="com.microsoft.playwright.PlaywrightException">
            <message>
              <![CDATA[Error {
  message='Target page, context or browser has been closed
  name='TargetClosedError
  stack='TargetClosedError:Target page, context or browser has been closed
Error
    at captureRawStack (/private/var/folders/mc/dyqmrmzn7wzgnndqb4yxm5ch0000gn/T/playwright-java-10600792000996021267/package/lib/utils/stackTrace.js:50:17)
    at LongStandingScope._race (/private/var/folders/mc/dyqmrmzn7wzgnndqb4yxm5ch0000gn/T/playwright-java-10600792000996021267/package/lib/utils/manualPromise.js:91:52)
    at LongStandingScope.race (/private/var/folders/mc/dyqmrmzn7wzgnndqb4yxm5ch0000gn/T/playwright-java-10600792000996021267/package/lib/utils/manualPromise.js:84:17)
    at FrameDispatcher._handleCommand (/private/var/folders/mc/dyqmrmzn7wzgnndqb4yxm5ch0000gn/T/playwright-java-10600792000996021267/package/lib/server/dispatchers/dispatcher.js:96:36)
    at DispatcherConnection.dispatch (/private/var/folders/mc/dyqmrmzn7wzgnndqb4yxm5ch0000gn/T/playwright-java-10600792000996021267/package/lib/server/dispatchers/dispatcher.js:362:39)
}
Call log:
- navigating to "https://app.easy.jobs/login", waiting until "load"
]]>
            </message>
            <full-stacktrace>
              <![CDATA[com.microsoft.playwright.PlaywrightException: Error {
  message='Target page, context or browser has been closed
  name='TargetClosedError
  stack='TargetClosedError:Target page, context or browser has been closed
Error
    at captureRawStack (/private/var/folders/mc/dyqmrmzn7wzgnndqb4yxm5ch0000gn/T/playwright-java-10600792000996021267/package/lib/utils/stackTrace.js:50:17)
    at LongStandingScope._race (/private/var/folders/mc/dyqmrmzn7wzgnndqb4yxm5ch0000gn/T/playwright-java-10600792000996021267/package/lib/utils/manualPromise.js:91:52)
    at LongStandingScope.race (/private/var/folders/mc/dyqmrmzn7wzgnndqb4yxm5ch0000gn/T/playwright-java-10600792000996021267/package/lib/utils/manualPromise.js:84:17)
    at FrameDispatcher._handleCommand (/private/var/folders/mc/dyqmrmzn7wzgnndqb4yxm5ch0000gn/T/playwright-java-10600792000996021267/package/lib/server/dispatchers/dispatcher.js:96:36)
    at DispatcherConnection.dispatch (/private/var/folders/mc/dyqmrmzn7wzgnndqb4yxm5ch0000gn/T/playwright-java-10600792000996021267/package/lib/server/dispatchers/dispatcher.js:362:39)
}
Call log:
- navigating to "https://app.easy.jobs/login", waiting until "load"

at com.microsoft.playwright.impl.WaitableResult.get(WaitableResult.java:54)
at com.microsoft.playwright.impl.ChannelOwner.runUntil(ChannelOwner.java:120)
at com.microsoft.playwright.impl.Connection.sendMessage(Connection.java:129)
at com.microsoft.playwright.impl.ChannelOwner.sendMessage(ChannelOwner.java:106)
at com.microsoft.playwright.impl.FrameImpl.navigateImpl(FrameImpl.java:463)
at com.microsoft.playwright.impl.PageImpl.lambda$navigate$45(PageImpl.java:836)
at com.microsoft.playwright.impl.LoggingSupport.withLogging(LoggingSupport.java:47)
at com.microsoft.playwright.impl.ChannelOwner.withLogging(ChannelOwner.java:89)
at com.microsoft.playwright.impl.PageImpl.navigate(PageImpl.java:836)
at com.microsoft.playwright.impl.PageImpl.navigate(PageImpl.java:42)
at com.microsoft.playwright.Page.navigate(Page.java:5332)
at com.qa.easyjobs.factory.PlaywrightFactory.initBrowser(PlaywrightFactory.java:99)
at com.qa.easyjobs.base.BaseTest.setup(BaseTest.java:37)
at java.base/jdk.internal.reflect.DirectMethodHandleAccessor.invoke(DirectMethodHandleAccessor.java:103)
at java.base/java.lang.reflect.Method.invoke(Method.java:580)
at org.testng.internal.invokers.MethodInvocationHelper.invokeMethod(MethodInvocationHelper.java:141)
at org.testng.internal.invokers.MethodInvocationHelper.invokeMethodConsideringTimeout(MethodInvocationHelper.java:71)
at org.testng.internal.invokers.ConfigInvoker.invokeConfigurationMethod(ConfigInvoker.java:400)
at org.testng.internal.invokers.ConfigInvoker.invokeConfigurations(ConfigInvoker.java:333)
at org.testng.TestRunner.invokeTestConfigurations(TestRunner.java:655)
at org.testng.TestRunner.beforeRun(TestRunner.java:644)
at org.testng.TestRunner.run(TestRunner.java:610)
at org.testng.SuiteRunner.runTest(SuiteRunner.java:421)
at org.testng.SuiteRunner.runSequentially(SuiteRunner.java:413)
at org.testng.SuiteRunner.privateRun(SuiteRunner.java:373)
at org.testng.SuiteRunner.run(SuiteRunner.java:312)
at org.testng.SuiteRunnerWorker.runSuite(SuiteRunnerWorker.java:52)
at org.testng.SuiteRunnerWorker.run(SuiteRunnerWorker.java:95)
at org.testng.TestNG.runSuitesSequentially(TestNG.java:1274)
at org.testng.TestNG.runSuitesLocally(TestNG.java:1208)
at org.testng.TestNG.runSuites(TestNG.java:1112)
at org.testng.TestNG.run(TestNG.java:1079)
at org.testng.remote.AbstractRemoteTestNG.run(AbstractRemoteTestNG.java:115)
at org.testng.remote.RemoteTestNG.initAndRun(RemoteTestNG.java:293)
at org.testng.remote.RemoteTestNG.main(RemoteTestNG.java:91)
Caused by: com.microsoft.playwright.impl.TargetClosedError: Error {
  message='Target page, context or browser has been closed
  name='TargetClosedError
  stack='TargetClosedError:Target page, context or browser has been closed
Error
    at captureRawStack (/private/var/folders/mc/dyqmrmzn7wzgnndqb4yxm5ch0000gn/T/playwright-java-10600792000996021267/package/lib/utils/stackTrace.js:50:17)
    at LongStandingScope._race (/private/var/folders/mc/dyqmrmzn7wzgnndqb4yxm5ch0000gn/T/playwright-java-10600792000996021267/package/lib/utils/manualPromise.js:91:52)
    at LongStandingScope.race (/private/var/folders/mc/dyqmrmzn7wzgnndqb4yxm5ch0000gn/T/playwright-java-10600792000996021267/package/lib/utils/manualPromise.js:84:17)
    at FrameDispatcher._handleCommand (/private/var/folders/mc/dyqmrmzn7wzgnndqb4yxm5ch0000gn/T/playwright-java-10600792000996021267/package/lib/server/dispatchers/dispatcher.js:96:36)
    at DispatcherConnection.dispatch (/private/var/folders/mc/dyqmrmzn7wzgnndqb4yxm5ch0000gn/T/playwright-java-10600792000996021267/package/lib/server/dispatchers/dispatcher.js:362:39)
}
Call log:
- navigating to "https://app.easy.jobs/login", waiting until "load"

at com.microsoft.playwright.impl.Connection.dispatch(Connection.java:256)
at com.microsoft.playwright.impl.Connection.processOneMessage(Connection.java:209)
at com.microsoft.playwright.impl.ChannelOwner.runUntil(ChannelOwner.java:118)
... 33 more
]]>
            </full-stacktrace>
          </exception> <!-- com.microsoft.playwright.PlaywrightException -->
          <reporter-output>
          </reporter-output>
        </test-method> <!-- setup -->
        <test-method signature="testNavigateToCandidatesPage()[pri:1, instance:com.qa.easyjobs.tests.ConversationPageTest@595b007d]" started-at="2025-01-05T12:24:38 BDT" name="testNavigateToCandidatesPage" finished-at="2025-01-05T12:24:38 BDT" duration-ms="0" status="SKIP">
          <exception class="com.microsoft.playwright.PlaywrightException">
            <message>
              <![CDATA[Error {
  message='Target page, context or browser has been closed
  name='TargetClosedError
  stack='TargetClosedError:Target page, context or browser has been closed
Error
    at captureRawStack (/private/var/folders/mc/dyqmrmzn7wzgnndqb4yxm5ch0000gn/T/playwright-java-10600792000996021267/package/lib/utils/stackTrace.js:50:17)
    at LongStandingScope._race (/private/var/folders/mc/dyqmrmzn7wzgnndqb4yxm5ch0000gn/T/playwright-java-10600792000996021267/package/lib/utils/manualPromise.js:91:52)
    at LongStandingScope.race (/private/var/folders/mc/dyqmrmzn7wzgnndqb4yxm5ch0000gn/T/playwright-java-10600792000996021267/package/lib/utils/manualPromise.js:84:17)
    at FrameDispatcher._handleCommand (/private/var/folders/mc/dyqmrmzn7wzgnndqb4yxm5ch0000gn/T/playwright-java-10600792000996021267/package/lib/server/dispatchers/dispatcher.js:96:36)
    at DispatcherConnection.dispatch (/private/var/folders/mc/dyqmrmzn7wzgnndqb4yxm5ch0000gn/T/playwright-java-10600792000996021267/package/lib/server/dispatchers/dispatcher.js:362:39)
}
Call log:
- navigating to "https://app.easy.jobs/login", waiting until "load"
]]>
            </message>
            <full-stacktrace>
              <![CDATA[com.microsoft.playwright.PlaywrightException: Error {
  message='Target page, context or browser has been closed
  name='TargetClosedError
  stack='TargetClosedError:Target page, context or browser has been closed
Error
    at captureRawStack (/private/var/folders/mc/dyqmrmzn7wzgnndqb4yxm5ch0000gn/T/playwright-java-10600792000996021267/package/lib/utils/stackTrace.js:50:17)
    at LongStandingScope._race (/private/var/folders/mc/dyqmrmzn7wzgnndqb4yxm5ch0000gn/T/playwright-java-10600792000996021267/package/lib/utils/manualPromise.js:91:52)
    at LongStandingScope.race (/private/var/folders/mc/dyqmrmzn7wzgnndqb4yxm5ch0000gn/T/playwright-java-10600792000996021267/package/lib/utils/manualPromise.js:84:17)
    at FrameDispatcher._handleCommand (/private/var/folders/mc/dyqmrmzn7wzgnndqb4yxm5ch0000gn/T/playwright-java-10600792000996021267/package/lib/server/dispatchers/dispatcher.js:96:36)
    at DispatcherConnection.dispatch (/private/var/folders/mc/dyqmrmzn7wzgnndqb4yxm5ch0000gn/T/playwright-java-10600792000996021267/package/lib/server/dispatchers/dispatcher.js:362:39)
}
Call log:
- navigating to "https://app.easy.jobs/login", waiting until "load"

at com.microsoft.playwright.impl.WaitableResult.get(WaitableResult.java:54)
at com.microsoft.playwright.impl.ChannelOwner.runUntil(ChannelOwner.java:120)
at com.microsoft.playwright.impl.Connection.sendMessage(Connection.java:129)
at com.microsoft.playwright.impl.ChannelOwner.sendMessage(ChannelOwner.java:106)
at com.microsoft.playwright.impl.FrameImpl.navigateImpl(FrameImpl.java:463)
at com.microsoft.playwright.impl.PageImpl.lambda$navigate$45(PageImpl.java:836)
at com.microsoft.playwright.impl.LoggingSupport.withLogging(LoggingSupport.java:47)
at com.microsoft.playwright.impl.ChannelOwner.withLogging(ChannelOwner.java:89)
at com.microsoft.playwright.impl.PageImpl.navigate(PageImpl.java:836)
at com.microsoft.playwright.impl.PageImpl.navigate(PageImpl.java:42)
at com.microsoft.playwright.Page.navigate(Page.java:5332)
at com.qa.easyjobs.factory.PlaywrightFactory.initBrowser(PlaywrightFactory.java:99)
at com.qa.easyjobs.base.BaseTest.setup(BaseTest.java:37)
at java.base/jdk.internal.reflect.DirectMethodHandleAccessor.invoke(DirectMethodHandleAccessor.java:103)
at java.base/java.lang.reflect.Method.invoke(Method.java:580)
at org.testng.internal.invokers.MethodInvocationHelper.invokeMethod(MethodInvocationHelper.java:141)
at org.testng.internal.invokers.MethodInvocationHelper.invokeMethodConsideringTimeout(MethodInvocationHelper.java:71)
at org.testng.internal.invokers.ConfigInvoker.invokeConfigurationMethod(ConfigInvoker.java:400)
at org.testng.internal.invokers.ConfigInvoker.invokeConfigurations(ConfigInvoker.java:333)
at org.testng.TestRunner.invokeTestConfigurations(TestRunner.java:655)
at org.testng.TestRunner.beforeRun(TestRunner.java:644)
at org.testng.TestRunner.run(TestRunner.java:610)
at org.testng.SuiteRunner.runTest(SuiteRunner.java:421)
at org.testng.SuiteRunner.runSequentially(SuiteRunner.java:413)
at org.testng.SuiteRunner.privateRun(SuiteRunner.java:373)
at org.testng.SuiteRunner.run(SuiteRunner.java:312)
at org.testng.SuiteRunnerWorker.runSuite(SuiteRunnerWorker.java:52)
at org.testng.SuiteRunnerWorker.run(SuiteRunnerWorker.java:95)
at org.testng.TestNG.runSuitesSequentially(TestNG.java:1274)
at org.testng.TestNG.runSuitesLocally(TestNG.java:1208)
at org.testng.TestNG.runSuites(TestNG.java:1112)
at org.testng.TestNG.run(TestNG.java:1079)
at org.testng.remote.AbstractRemoteTestNG.run(AbstractRemoteTestNG.java:115)
at org.testng.remote.RemoteTestNG.initAndRun(RemoteTestNG.java:293)
at org.testng.remote.RemoteTestNG.main(RemoteTestNG.java:91)
Caused by: com.microsoft.playwright.impl.TargetClosedError: Error {
  message='Target page, context or browser has been closed
  name='TargetClosedError
  stack='TargetClosedError:Target page, context or browser has been closed
Error
    at captureRawStack (/private/var/folders/mc/dyqmrmzn7wzgnndqb4yxm5ch0000gn/T/playwright-java-10600792000996021267/package/lib/utils/stackTrace.js:50:17)
    at LongStandingScope._race (/private/var/folders/mc/dyqmrmzn7wzgnndqb4yxm5ch0000gn/T/playwright-java-10600792000996021267/package/lib/utils/manualPromise.js:91:52)
    at LongStandingScope.race (/private/var/folders/mc/dyqmrmzn7wzgnndqb4yxm5ch0000gn/T/playwright-java-10600792000996021267/package/lib/utils/manualPromise.js:84:17)
    at FrameDispatcher._handleCommand (/private/var/folders/mc/dyqmrmzn7wzgnndqb4yxm5ch0000gn/T/playwright-java-10600792000996021267/package/lib/server/dispatchers/dispatcher.js:96:36)
    at DispatcherConnection.dispatch (/private/var/folders/mc/dyqmrmzn7wzgnndqb4yxm5ch0000gn/T/playwright-java-10600792000996021267/package/lib/server/dispatchers/dispatcher.js:362:39)
}
Call log:
- navigating to "https://app.easy.jobs/login", waiting until "load"

at com.microsoft.playwright.impl.Connection.dispatch(Connection.java:256)
at com.microsoft.playwright.impl.Connection.processOneMessage(Connection.java:209)
at com.microsoft.playwright.impl.ChannelOwner.runUntil(ChannelOwner.java:118)
... 33 more
]]>
            </full-stacktrace>
          </exception> <!-- com.microsoft.playwright.PlaywrightException -->
          <reporter-output>
          </reporter-output>
        </test-method> <!-- testNavigateToCandidatesPage -->
        <test-method signature="testSearchForCandidate()[pri:2, instance:com.qa.easyjobs.tests.ConversationPageTest@595b007d]" started-at="2025-01-05T12:24:38 BDT" name="testSearchForCandidate" finished-at="2025-01-05T12:24:38 BDT" duration-ms="0" status="SKIP">
          <exception class="com.microsoft.playwright.PlaywrightException">
            <message>
              <![CDATA[Error {
  message='Target page, context or browser has been closed
  name='TargetClosedError
  stack='TargetClosedError:Target page, context or browser has been closed
Error
    at captureRawStack (/private/var/folders/mc/dyqmrmzn7wzgnndqb4yxm5ch0000gn/T/playwright-java-10600792000996021267/package/lib/utils/stackTrace.js:50:17)
    at LongStandingScope._race (/private/var/folders/mc/dyqmrmzn7wzgnndqb4yxm5ch0000gn/T/playwright-java-10600792000996021267/package/lib/utils/manualPromise.js:91:52)
    at LongStandingScope.race (/private/var/folders/mc/dyqmrmzn7wzgnndqb4yxm5ch0000gn/T/playwright-java-10600792000996021267/package/lib/utils/manualPromise.js:84:17)
    at FrameDispatcher._handleCommand (/private/var/folders/mc/dyqmrmzn7wzgnndqb4yxm5ch0000gn/T/playwright-java-10600792000996021267/package/lib/server/dispatchers/dispatcher.js:96:36)
    at DispatcherConnection.dispatch (/private/var/folders/mc/dyqmrmzn7wzgnndqb4yxm5ch0000gn/T/playwright-java-10600792000996021267/package/lib/server/dispatchers/dispatcher.js:362:39)
}
Call log:
- navigating to "https://app.easy.jobs/login", waiting until "load"
]]>
            </message>
            <full-stacktrace>
              <![CDATA[com.microsoft.playwright.PlaywrightException: Error {
  message='Target page, context or browser has been closed
  name='TargetClosedError
  stack='TargetClosedError:Target page, context or browser has been closed
Error
    at captureRawStack (/private/var/folders/mc/dyqmrmzn7wzgnndqb4yxm5ch0000gn/T/playwright-java-10600792000996021267/package/lib/utils/stackTrace.js:50:17)
    at LongStandingScope._race (/private/var/folders/mc/dyqmrmzn7wzgnndqb4yxm5ch0000gn/T/playwright-java-10600792000996021267/package/lib/utils/manualPromise.js:91:52)
    at LongStandingScope.race (/private/var/folders/mc/dyqmrmzn7wzgnndqb4yxm5ch0000gn/T/playwright-java-10600792000996021267/package/lib/utils/manualPromise.js:84:17)
    at FrameDispatcher._handleCommand (/private/var/folders/mc/dyqmrmzn7wzgnndqb4yxm5ch0000gn/T/playwright-java-10600792000996021267/package/lib/server/dispatchers/dispatcher.js:96:36)
    at DispatcherConnection.dispatch (/private/var/folders/mc/dyqmrmzn7wzgnndqb4yxm5ch0000gn/T/playwright-java-10600792000996021267/package/lib/server/dispatchers/dispatcher.js:362:39)
}
Call log:
- navigating to "https://app.easy.jobs/login", waiting until "load"

at com.microsoft.playwright.impl.WaitableResult.get(WaitableResult.java:54)
at com.microsoft.playwright.impl.ChannelOwner.runUntil(ChannelOwner.java:120)
at com.microsoft.playwright.impl.Connection.sendMessage(Connection.java:129)
at com.microsoft.playwright.impl.ChannelOwner.sendMessage(ChannelOwner.java:106)
at com.microsoft.playwright.impl.FrameImpl.navigateImpl(FrameImpl.java:463)
at com.microsoft.playwright.impl.PageImpl.lambda$navigate$45(PageImpl.java:836)
at com.microsoft.playwright.impl.LoggingSupport.withLogging(LoggingSupport.java:47)
at com.microsoft.playwright.impl.ChannelOwner.withLogging(ChannelOwner.java:89)
at com.microsoft.playwright.impl.PageImpl.navigate(PageImpl.java:836)
at com.microsoft.playwright.impl.PageImpl.navigate(PageImpl.java:42)
at com.microsoft.playwright.Page.navigate(Page.java:5332)
at com.qa.easyjobs.factory.PlaywrightFactory.initBrowser(PlaywrightFactory.java:99)
at com.qa.easyjobs.base.BaseTest.setup(BaseTest.java:37)
at java.base/jdk.internal.reflect.DirectMethodHandleAccessor.invoke(DirectMethodHandleAccessor.java:103)
at java.base/java.lang.reflect.Method.invoke(Method.java:580)
at org.testng.internal.invokers.MethodInvocationHelper.invokeMethod(MethodInvocationHelper.java:141)
at org.testng.internal.invokers.MethodInvocationHelper.invokeMethodConsideringTimeout(MethodInvocationHelper.java:71)
at org.testng.internal.invokers.ConfigInvoker.invokeConfigurationMethod(ConfigInvoker.java:400)
at org.testng.internal.invokers.ConfigInvoker.invokeConfigurations(ConfigInvoker.java:333)
at org.testng.TestRunner.invokeTestConfigurations(TestRunner.java:655)
at org.testng.TestRunner.beforeRun(TestRunner.java:644)
at org.testng.TestRunner.run(TestRunner.java:610)
at org.testng.SuiteRunner.runTest(SuiteRunner.java:421)
at org.testng.SuiteRunner.runSequentially(SuiteRunner.java:413)
at org.testng.SuiteRunner.privateRun(SuiteRunner.java:373)
at org.testng.SuiteRunner.run(SuiteRunner.java:312)
at org.testng.SuiteRunnerWorker.runSuite(SuiteRunnerWorker.java:52)
at org.testng.SuiteRunnerWorker.run(SuiteRunnerWorker.java:95)
at org.testng.TestNG.runSuitesSequentially(TestNG.java:1274)
at org.testng.TestNG.runSuitesLocally(TestNG.java:1208)
at org.testng.TestNG.runSuites(TestNG.java:1112)
at org.testng.TestNG.run(TestNG.java:1079)
at org.testng.remote.AbstractRemoteTestNG.run(AbstractRemoteTestNG.java:115)
at org.testng.remote.RemoteTestNG.initAndRun(RemoteTestNG.java:293)
at org.testng.remote.RemoteTestNG.main(RemoteTestNG.java:91)
Caused by: com.microsoft.playwright.impl.TargetClosedError: Error {
  message='Target page, context or browser has been closed
  name='TargetClosedError
  stack='TargetClosedError:Target page, context or browser has been closed
Error
    at captureRawStack (/private/var/folders/mc/dyqmrmzn7wzgnndqb4yxm5ch0000gn/T/playwright-java-10600792000996021267/package/lib/utils/stackTrace.js:50:17)
    at LongStandingScope._race (/private/var/folders/mc/dyqmrmzn7wzgnndqb4yxm5ch0000gn/T/playwright-java-10600792000996021267/package/lib/utils/manualPromise.js:91:52)
    at LongStandingScope.race (/private/var/folders/mc/dyqmrmzn7wzgnndqb4yxm5ch0000gn/T/playwright-java-10600792000996021267/package/lib/utils/manualPromise.js:84:17)
    at FrameDispatcher._handleCommand (/private/var/folders/mc/dyqmrmzn7wzgnndqb4yxm5ch0000gn/T/playwright-java-10600792000996021267/package/lib/server/dispatchers/dispatcher.js:96:36)
    at DispatcherConnection.dispatch (/private/var/folders/mc/dyqmrmzn7wzgnndqb4yxm5ch0000gn/T/playwright-java-10600792000996021267/package/lib/server/dispatchers/dispatcher.js:362:39)
}
Call log:
- navigating to "https://app.easy.jobs/login", waiting until "load"

at com.microsoft.playwright.impl.Connection.dispatch(Connection.java:256)
at com.microsoft.playwright.impl.Connection.processOneMessage(Connection.java:209)
at com.microsoft.playwright.impl.ChannelOwner.runUntil(ChannelOwner.java:118)
... 33 more
]]>
            </full-stacktrace>
          </exception> <!-- com.microsoft.playwright.PlaywrightException -->
          <reporter-output>
          </reporter-output>
        </test-method> <!-- testSearchForCandidate -->
        <test-method signature="testViewCandidateDetails()[pri:3, instance:com.qa.easyjobs.tests.ConversationPageTest@595b007d]" started-at="2025-01-05T12:24:38 BDT" name="testViewCandidateDetails" finished-at="2025-01-05T12:24:38 BDT" duration-ms="0" status="SKIP">
          <exception class="com.microsoft.playwright.PlaywrightException">
            <message>
              <![CDATA[Error {
  message='Target page, context or browser has been closed
  name='TargetClosedError
  stack='TargetClosedError:Target page, context or browser has been closed
Error
    at captureRawStack (/private/var/folders/mc/dyqmrmzn7wzgnndqb4yxm5ch0000gn/T/playwright-java-10600792000996021267/package/lib/utils/stackTrace.js:50:17)
    at LongStandingScope._race (/private/var/folders/mc/dyqmrmzn7wzgnndqb4yxm5ch0000gn/T/playwright-java-10600792000996021267/package/lib/utils/manualPromise.js:91:52)
    at LongStandingScope.race (/private/var/folders/mc/dyqmrmzn7wzgnndqb4yxm5ch0000gn/T/playwright-java-10600792000996021267/package/lib/utils/manualPromise.js:84:17)
    at FrameDispatcher._handleCommand (/private/var/folders/mc/dyqmrmzn7wzgnndqb4yxm5ch0000gn/T/playwright-java-10600792000996021267/package/lib/server/dispatchers/dispatcher.js:96:36)
    at DispatcherConnection.dispatch (/private/var/folders/mc/dyqmrmzn7wzgnndqb4yxm5ch0000gn/T/playwright-java-10600792000996021267/package/lib/server/dispatchers/dispatcher.js:362:39)
}
Call log:
- navigating to "https://app.easy.jobs/login", waiting until "load"
]]>
            </message>
            <full-stacktrace>
              <![CDATA[com.microsoft.playwright.PlaywrightException: Error {
  message='Target page, context or browser has been closed
  name='TargetClosedError
  stack='TargetClosedError:Target page, context or browser has been closed
Error
    at captureRawStack (/private/var/folders/mc/dyqmrmzn7wzgnndqb4yxm5ch0000gn/T/playwright-java-10600792000996021267/package/lib/utils/stackTrace.js:50:17)
    at LongStandingScope._race (/private/var/folders/mc/dyqmrmzn7wzgnndqb4yxm5ch0000gn/T/playwright-java-10600792000996021267/package/lib/utils/manualPromise.js:91:52)
    at LongStandingScope.race (/private/var/folders/mc/dyqmrmzn7wzgnndqb4yxm5ch0000gn/T/playwright-java-10600792000996021267/package/lib/utils/manualPromise.js:84:17)
    at FrameDispatcher._handleCommand (/private/var/folders/mc/dyqmrmzn7wzgnndqb4yxm5ch0000gn/T/playwright-java-10600792000996021267/package/lib/server/dispatchers/dispatcher.js:96:36)
    at DispatcherConnection.dispatch (/private/var/folders/mc/dyqmrmzn7wzgnndqb4yxm5ch0000gn/T/playwright-java-10600792000996021267/package/lib/server/dispatchers/dispatcher.js:362:39)
}
Call log:
- navigating to "https://app.easy.jobs/login", waiting until "load"

at com.microsoft.playwright.impl.WaitableResult.get(WaitableResult.java:54)
at com.microsoft.playwright.impl.ChannelOwner.runUntil(ChannelOwner.java:120)
at com.microsoft.playwright.impl.Connection.sendMessage(Connection.java:129)
at com.microsoft.playwright.impl.ChannelOwner.sendMessage(ChannelOwner.java:106)
at com.microsoft.playwright.impl.FrameImpl.navigateImpl(FrameImpl.java:463)
at com.microsoft.playwright.impl.PageImpl.lambda$navigate$45(PageImpl.java:836)
at com.microsoft.playwright.impl.LoggingSupport.withLogging(LoggingSupport.java:47)
at com.microsoft.playwright.impl.ChannelOwner.withLogging(ChannelOwner.java:89)
at com.microsoft.playwright.impl.PageImpl.navigate(PageImpl.java:836)
at com.microsoft.playwright.impl.PageImpl.navigate(PageImpl.java:42)
at com.microsoft.playwright.Page.navigate(Page.java:5332)
at com.qa.easyjobs.factory.PlaywrightFactory.initBrowser(PlaywrightFactory.java:99)
at com.qa.easyjobs.base.BaseTest.setup(BaseTest.java:37)
at java.base/jdk.internal.reflect.DirectMethodHandleAccessor.invoke(DirectMethodHandleAccessor.java:103)
at java.base/java.lang.reflect.Method.invoke(Method.java:580)
at org.testng.internal.invokers.MethodInvocationHelper.invokeMethod(MethodInvocationHelper.java:141)
at org.testng.internal.invokers.MethodInvocationHelper.invokeMethodConsideringTimeout(MethodInvocationHelper.java:71)
at org.testng.internal.invokers.ConfigInvoker.invokeConfigurationMethod(ConfigInvoker.java:400)
at org.testng.internal.invokers.ConfigInvoker.invokeConfigurations(ConfigInvoker.java:333)
at org.testng.TestRunner.invokeTestConfigurations(TestRunner.java:655)
at org.testng.TestRunner.beforeRun(TestRunner.java:644)
at org.testng.TestRunner.run(TestRunner.java:610)
at org.testng.SuiteRunner.runTest(SuiteRunner.java:421)
at org.testng.SuiteRunner.runSequentially(SuiteRunner.java:413)
at org.testng.SuiteRunner.privateRun(SuiteRunner.java:373)
at org.testng.SuiteRunner.run(SuiteRunner.java:312)
at org.testng.SuiteRunnerWorker.runSuite(SuiteRunnerWorker.java:52)
at org.testng.SuiteRunnerWorker.run(SuiteRunnerWorker.java:95)
at org.testng.TestNG.runSuitesSequentially(TestNG.java:1274)
at org.testng.TestNG.runSuitesLocally(TestNG.java:1208)
at org.testng.TestNG.runSuites(TestNG.java:1112)
at org.testng.TestNG.run(TestNG.java:1079)
at org.testng.remote.AbstractRemoteTestNG.run(AbstractRemoteTestNG.java:115)
at org.testng.remote.RemoteTestNG.initAndRun(RemoteTestNG.java:293)
at org.testng.remote.RemoteTestNG.main(RemoteTestNG.java:91)
Caused by: com.microsoft.playwright.impl.TargetClosedError: Error {
  message='Target page, context or browser has been closed
  name='TargetClosedError
  stack='TargetClosedError:Target page, context or browser has been closed
Error
    at captureRawStack (/private/var/folders/mc/dyqmrmzn7wzgnndqb4yxm5ch0000gn/T/playwright-java-10600792000996021267/package/lib/utils/stackTrace.js:50:17)
    at LongStandingScope._race (/private/var/folders/mc/dyqmrmzn7wzgnndqb4yxm5ch0000gn/T/playwright-java-10600792000996021267/package/lib/utils/manualPromise.js:91:52)
    at LongStandingScope.race (/private/var/folders/mc/dyqmrmzn7wzgnndqb4yxm5ch0000gn/T/playwright-java-10600792000996021267/package/lib/utils/manualPromise.js:84:17)
    at FrameDispatcher._handleCommand (/private/var/folders/mc/dyqmrmzn7wzgnndqb4yxm5ch0000gn/T/playwright-java-10600792000996021267/package/lib/server/dispatchers/dispatcher.js:96:36)
    at DispatcherConnection.dispatch (/private/var/folders/mc/dyqmrmzn7wzgnndqb4yxm5ch0000gn/T/playwright-java-10600792000996021267/package/lib/server/dispatchers/dispatcher.js:362:39)
}
Call log:
- navigating to "https://app.easy.jobs/login", waiting until "load"

at com.microsoft.playwright.impl.Connection.dispatch(Connection.java:256)
at com.microsoft.playwright.impl.Connection.processOneMessage(Connection.java:209)
at com.microsoft.playwright.impl.ChannelOwner.runUntil(ChannelOwner.java:118)
... 33 more
]]>
            </full-stacktrace>
          </exception> <!-- com.microsoft.playwright.PlaywrightException -->
          <reporter-output>
          </reporter-output>
        </test-method> <!-- testViewCandidateDetails -->
        <test-method signature="clickpipelineDropDown()[pri:4, instance:com.qa.easyjobs.tests.ConversationPageTest@595b007d]" started-at="2025-01-05T12:24:38 BDT" name="clickpipelineDropDown" finished-at="2025-01-05T12:24:38 BDT" duration-ms="0" status="SKIP">
          <exception class="com.microsoft.playwright.PlaywrightException">
            <message>
              <![CDATA[Error {
  message='Target page, context or browser has been closed
  name='TargetClosedError
  stack='TargetClosedError:Target page, context or browser has been closed
Error
    at captureRawStack (/private/var/folders/mc/dyqmrmzn7wzgnndqb4yxm5ch0000gn/T/playwright-java-10600792000996021267/package/lib/utils/stackTrace.js:50:17)
    at LongStandingScope._race (/private/var/folders/mc/dyqmrmzn7wzgnndqb4yxm5ch0000gn/T/playwright-java-10600792000996021267/package/lib/utils/manualPromise.js:91:52)
    at LongStandingScope.race (/private/var/folders/mc/dyqmrmzn7wzgnndqb4yxm5ch0000gn/T/playwright-java-10600792000996021267/package/lib/utils/manualPromise.js:84:17)
    at FrameDispatcher._handleCommand (/private/var/folders/mc/dyqmrmzn7wzgnndqb4yxm5ch0000gn/T/playwright-java-10600792000996021267/package/lib/server/dispatchers/dispatcher.js:96:36)
    at DispatcherConnection.dispatch (/private/var/folders/mc/dyqmrmzn7wzgnndqb4yxm5ch0000gn/T/playwright-java-10600792000996021267/package/lib/server/dispatchers/dispatcher.js:362:39)
}
Call log:
- navigating to "https://app.easy.jobs/login", waiting until "load"
]]>
            </message>
            <full-stacktrace>
              <![CDATA[com.microsoft.playwright.PlaywrightException: Error {
  message='Target page, context or browser has been closed
  name='TargetClosedError
  stack='TargetClosedError:Target page, context or browser has been closed
Error
    at captureRawStack (/private/var/folders/mc/dyqmrmzn7wzgnndqb4yxm5ch0000gn/T/playwright-java-10600792000996021267/package/lib/utils/stackTrace.js:50:17)
    at LongStandingScope._race (/private/var/folders/mc/dyqmrmzn7wzgnndqb4yxm5ch0000gn/T/playwright-java-10600792000996021267/package/lib/utils/manualPromise.js:91:52)
    at LongStandingScope.race (/private/var/folders/mc/dyqmrmzn7wzgnndqb4yxm5ch0000gn/T/playwright-java-10600792000996021267/package/lib/utils/manualPromise.js:84:17)
    at FrameDispatcher._handleCommand (/private/var/folders/mc/dyqmrmzn7wzgnndqb4yxm5ch0000gn/T/playwright-java-10600792000996021267/package/lib/server/dispatchers/dispatcher.js:96:36)
    at DispatcherConnection.dispatch (/private/var/folders/mc/dyqmrmzn7wzgnndqb4yxm5ch0000gn/T/playwright-java-10600792000996021267/package/lib/server/dispatchers/dispatcher.js:362:39)
}
Call log:
- navigating to "https://app.easy.jobs/login", waiting until "load"

at com.microsoft.playwright.impl.WaitableResult.get(WaitableResult.java:54)
at com.microsoft.playwright.impl.ChannelOwner.runUntil(ChannelOwner.java:120)
at com.microsoft.playwright.impl.Connection.sendMessage(Connection.java:129)
at com.microsoft.playwright.impl.ChannelOwner.sendMessage(ChannelOwner.java:106)
at com.microsoft.playwright.impl.FrameImpl.navigateImpl(FrameImpl.java:463)
at com.microsoft.playwright.impl.PageImpl.lambda$navigate$45(PageImpl.java:836)
at com.microsoft.playwright.impl.LoggingSupport.withLogging(LoggingSupport.java:47)
at com.microsoft.playwright.impl.ChannelOwner.withLogging(ChannelOwner.java:89)
at com.microsoft.playwright.impl.PageImpl.navigate(PageImpl.java:836)
at com.microsoft.playwright.impl.PageImpl.navigate(PageImpl.java:42)
at com.microsoft.playwright.Page.navigate(Page.java:5332)
at com.qa.easyjobs.factory.PlaywrightFactory.initBrowser(PlaywrightFactory.java:99)
at com.qa.easyjobs.base.BaseTest.setup(BaseTest.java:37)
at java.base/jdk.internal.reflect.DirectMethodHandleAccessor.invoke(DirectMethodHandleAccessor.java:103)
at java.base/java.lang.reflect.Method.invoke(Method.java:580)
at org.testng.internal.invokers.MethodInvocationHelper.invokeMethod(MethodInvocationHelper.java:141)
at org.testng.internal.invokers.MethodInvocationHelper.invokeMethodConsideringTimeout(MethodInvocationHelper.java:71)
at org.testng.internal.invokers.ConfigInvoker.invokeConfigurationMethod(ConfigInvoker.java:400)
at org.testng.internal.invokers.ConfigInvoker.invokeConfigurations(ConfigInvoker.java:333)
at org.testng.TestRunner.invokeTestConfigurations(TestRunner.java:655)
at org.testng.TestRunner.beforeRun(TestRunner.java:644)
at org.testng.TestRunner.run(TestRunner.java:610)
at org.testng.SuiteRunner.runTest(SuiteRunner.java:421)
at org.testng.SuiteRunner.runSequentially(SuiteRunner.java:413)
at org.testng.SuiteRunner.privateRun(SuiteRunner.java:373)
at org.testng.SuiteRunner.run(SuiteRunner.java:312)
at org.testng.SuiteRunnerWorker.runSuite(SuiteRunnerWorker.java:52)
at org.testng.SuiteRunnerWorker.run(SuiteRunnerWorker.java:95)
at org.testng.TestNG.runSuitesSequentially(TestNG.java:1274)
at org.testng.TestNG.runSuitesLocally(TestNG.java:1208)
at org.testng.TestNG.runSuites(TestNG.java:1112)
at org.testng.TestNG.run(TestNG.java:1079)
at org.testng.remote.AbstractRemoteTestNG.run(AbstractRemoteTestNG.java:115)
at org.testng.remote.RemoteTestNG.initAndRun(RemoteTestNG.java:293)
at org.testng.remote.RemoteTestNG.main(RemoteTestNG.java:91)
Caused by: com.microsoft.playwright.impl.TargetClosedError: Error {
  message='Target page, context or browser has been closed
  name='TargetClosedError
  stack='TargetClosedError:Target page, context or browser has been closed
Error
    at captureRawStack (/private/var/folders/mc/dyqmrmzn7wzgnndqb4yxm5ch0000gn/T/playwright-java-10600792000996021267/package/lib/utils/stackTrace.js:50:17)
    at LongStandingScope._race (/private/var/folders/mc/dyqmrmzn7wzgnndqb4yxm5ch0000gn/T/playwright-java-10600792000996021267/package/lib/utils/manualPromise.js:91:52)
    at LongStandingScope.race (/private/var/folders/mc/dyqmrmzn7wzgnndqb4yxm5ch0000gn/T/playwright-java-10600792000996021267/package/lib/utils/manualPromise.js:84:17)
    at FrameDispatcher._handleCommand (/private/var/folders/mc/dyqmrmzn7wzgnndqb4yxm5ch0000gn/T/playwright-java-10600792000996021267/package/lib/server/dispatchers/dispatcher.js:96:36)
    at DispatcherConnection.dispatch (/private/var/folders/mc/dyqmrmzn7wzgnndqb4yxm5ch0000gn/T/playwright-java-10600792000996021267/package/lib/server/dispatchers/dispatcher.js:362:39)
}
Call log:
- navigating to "https://app.easy.jobs/login", waiting until "load"

at com.microsoft.playwright.impl.Connection.dispatch(Connection.java:256)
at com.microsoft.playwright.impl.Connection.processOneMessage(Connection.java:209)
at com.microsoft.playwright.impl.ChannelOwner.runUntil(ChannelOwner.java:118)
... 33 more
]]>
            </full-stacktrace>
          </exception> <!-- com.microsoft.playwright.PlaywrightException -->
          <reporter-output>
          </reporter-output>
        </test-method> <!-- clickpipelineDropDown -->
        <test-method signature="testChangePipelineToShortlist()[pri:5, instance:com.qa.easyjobs.tests.ConversationPageTest@595b007d]" started-at="2025-01-05T12:24:38 BDT" name="testChangePipelineToShortlist" finished-at="2025-01-05T12:24:38 BDT" duration-ms="0" status="SKIP">
          <exception class="com.microsoft.playwright.PlaywrightException">
            <message>
              <![CDATA[Error {
  message='Target page, context or browser has been closed
  name='TargetClosedError
  stack='TargetClosedError:Target page, context or browser has been closed
Error
    at captureRawStack (/private/var/folders/mc/dyqmrmzn7wzgnndqb4yxm5ch0000gn/T/playwright-java-10600792000996021267/package/lib/utils/stackTrace.js:50:17)
    at LongStandingScope._race (/private/var/folders/mc/dyqmrmzn7wzgnndqb4yxm5ch0000gn/T/playwright-java-10600792000996021267/package/lib/utils/manualPromise.js:91:52)
    at LongStandingScope.race (/private/var/folders/mc/dyqmrmzn7wzgnndqb4yxm5ch0000gn/T/playwright-java-10600792000996021267/package/lib/utils/manualPromise.js:84:17)
    at FrameDispatcher._handleCommand (/private/var/folders/mc/dyqmrmzn7wzgnndqb4yxm5ch0000gn/T/playwright-java-10600792000996021267/package/lib/server/dispatchers/dispatcher.js:96:36)
    at DispatcherConnection.dispatch (/private/var/folders/mc/dyqmrmzn7wzgnndqb4yxm5ch0000gn/T/playwright-java-10600792000996021267/package/lib/server/dispatchers/dispatcher.js:362:39)
}
Call log:
- navigating to "https://app.easy.jobs/login", waiting until "load"
]]>
            </message>
            <full-stacktrace>
              <![CDATA[com.microsoft.playwright.PlaywrightException: Error {
  message='Target page, context or browser has been closed
  name='TargetClosedError
  stack='TargetClosedError:Target page, context or browser has been closed
Error
    at captureRawStack (/private/var/folders/mc/dyqmrmzn7wzgnndqb4yxm5ch0000gn/T/playwright-java-10600792000996021267/package/lib/utils/stackTrace.js:50:17)
    at LongStandingScope._race (/private/var/folders/mc/dyqmrmzn7wzgnndqb4yxm5ch0000gn/T/playwright-java-10600792000996021267/package/lib/utils/manualPromise.js:91:52)
    at LongStandingScope.race (/private/var/folders/mc/dyqmrmzn7wzgnndqb4yxm5ch0000gn/T/playwright-java-10600792000996021267/package/lib/utils/manualPromise.js:84:17)
    at FrameDispatcher._handleCommand (/private/var/folders/mc/dyqmrmzn7wzgnndqb4yxm5ch0000gn/T/playwright-java-10600792000996021267/package/lib/server/dispatchers/dispatcher.js:96:36)
    at DispatcherConnection.dispatch (/private/var/folders/mc/dyqmrmzn7wzgnndqb4yxm5ch0000gn/T/playwright-java-10600792000996021267/package/lib/server/dispatchers/dispatcher.js:362:39)
}
Call log:
- navigating to "https://app.easy.jobs/login", waiting until "load"

at com.microsoft.playwright.impl.WaitableResult.get(WaitableResult.java:54)
at com.microsoft.playwright.impl.ChannelOwner.runUntil(ChannelOwner.java:120)
at com.microsoft.playwright.impl.Connection.sendMessage(Connection.java:129)
at com.microsoft.playwright.impl.ChannelOwner.sendMessage(ChannelOwner.java:106)
at com.microsoft.playwright.impl.FrameImpl.navigateImpl(FrameImpl.java:463)
at com.microsoft.playwright.impl.PageImpl.lambda$navigate$45(PageImpl.java:836)
at com.microsoft.playwright.impl.LoggingSupport.withLogging(LoggingSupport.java:47)
at com.microsoft.playwright.impl.ChannelOwner.withLogging(ChannelOwner.java:89)
at com.microsoft.playwright.impl.PageImpl.navigate(PageImpl.java:836)
at com.microsoft.playwright.impl.PageImpl.navigate(PageImpl.java:42)
at com.microsoft.playwright.Page.navigate(Page.java:5332)
at com.qa.easyjobs.factory.PlaywrightFactory.initBrowser(PlaywrightFactory.java:99)
at com.qa.easyjobs.base.BaseTest.setup(BaseTest.java:37)
at java.base/jdk.internal.reflect.DirectMethodHandleAccessor.invoke(DirectMethodHandleAccessor.java:103)
at java.base/java.lang.reflect.Method.invoke(Method.java:580)
at org.testng.internal.invokers.MethodInvocationHelper.invokeMethod(MethodInvocationHelper.java:141)
at org.testng.internal.invokers.MethodInvocationHelper.invokeMethodConsideringTimeout(MethodInvocationHelper.java:71)
at org.testng.internal.invokers.ConfigInvoker.invokeConfigurationMethod(ConfigInvoker.java:400)
at org.testng.internal.invokers.ConfigInvoker.invokeConfigurations(ConfigInvoker.java:333)
at org.testng.TestRunner.invokeTestConfigurations(TestRunner.java:655)
at org.testng.TestRunner.beforeRun(TestRunner.java:644)
at org.testng.TestRunner.run(TestRunner.java:610)
at org.testng.SuiteRunner.runTest(SuiteRunner.java:421)
at org.testng.SuiteRunner.runSequentially(SuiteRunner.java:413)
at org.testng.SuiteRunner.privateRun(SuiteRunner.java:373)
at org.testng.SuiteRunner.run(SuiteRunner.java:312)
at org.testng.SuiteRunnerWorker.runSuite(SuiteRunnerWorker.java:52)
at org.testng.SuiteRunnerWorker.run(SuiteRunnerWorker.java:95)
at org.testng.TestNG.runSuitesSequentially(TestNG.java:1274)
at org.testng.TestNG.runSuitesLocally(TestNG.java:1208)
at org.testng.TestNG.runSuites(TestNG.java:1112)
at org.testng.TestNG.run(TestNG.java:1079)
at org.testng.remote.AbstractRemoteTestNG.run(AbstractRemoteTestNG.java:115)
at org.testng.remote.RemoteTestNG.initAndRun(RemoteTestNG.java:293)
at org.testng.remote.RemoteTestNG.main(RemoteTestNG.java:91)
Caused by: com.microsoft.playwright.impl.TargetClosedError: Error {
  message='Target page, context or browser has been closed
  name='TargetClosedError
  stack='TargetClosedError:Target page, context or browser has been closed
Error
    at captureRawStack (/private/var/folders/mc/dyqmrmzn7wzgnndqb4yxm5ch0000gn/T/playwright-java-10600792000996021267/package/lib/utils/stackTrace.js:50:17)
    at LongStandingScope._race (/private/var/folders/mc/dyqmrmzn7wzgnndqb4yxm5ch0000gn/T/playwright-java-10600792000996021267/package/lib/utils/manualPromise.js:91:52)
    at LongStandingScope.race (/private/var/folders/mc/dyqmrmzn7wzgnndqb4yxm5ch0000gn/T/playwright-java-10600792000996021267/package/lib/utils/manualPromise.js:84:17)
    at FrameDispatcher._handleCommand (/private/var/folders/mc/dyqmrmzn7wzgnndqb4yxm5ch0000gn/T/playwright-java-10600792000996021267/package/lib/server/dispatchers/dispatcher.js:96:36)
    at DispatcherConnection.dispatch (/private/var/folders/mc/dyqmrmzn7wzgnndqb4yxm5ch0000gn/T/playwright-java-10600792000996021267/package/lib/server/dispatchers/dispatcher.js:362:39)
}
Call log:
- navigating to "https://app.easy.jobs/login", waiting until "load"

at com.microsoft.playwright.impl.Connection.dispatch(Connection.java:256)
at com.microsoft.playwright.impl.Connection.processOneMessage(Connection.java:209)
at com.microsoft.playwright.impl.ChannelOwner.runUntil(ChannelOwner.java:118)
... 33 more
]]>
            </full-stacktrace>
          </exception> <!-- com.microsoft.playwright.PlaywrightException -->
          <reporter-output>
          </reporter-output>
        </test-method> <!-- testChangePipelineToShortlist -->
        <test-method signature="clickConversationTab()[pri:6, instance:com.qa.easyjobs.tests.ConversationPageTest@595b007d]" started-at="2025-01-05T12:24:38 BDT" name="clickConversationTab" finished-at="2025-01-05T12:24:38 BDT" duration-ms="0" status="SKIP">
          <exception class="com.microsoft.playwright.PlaywrightException">
            <message>
              <![CDATA[Error {
  message='Target page, context or browser has been closed
  name='TargetClosedError
  stack='TargetClosedError:Target page, context or browser has been closed
Error
    at captureRawStack (/private/var/folders/mc/dyqmrmzn7wzgnndqb4yxm5ch0000gn/T/playwright-java-10600792000996021267/package/lib/utils/stackTrace.js:50:17)
    at LongStandingScope._race (/private/var/folders/mc/dyqmrmzn7wzgnndqb4yxm5ch0000gn/T/playwright-java-10600792000996021267/package/lib/utils/manualPromise.js:91:52)
    at LongStandingScope.race (/private/var/folders/mc/dyqmrmzn7wzgnndqb4yxm5ch0000gn/T/playwright-java-10600792000996021267/package/lib/utils/manualPromise.js:84:17)
    at FrameDispatcher._handleCommand (/private/var/folders/mc/dyqmrmzn7wzgnndqb4yxm5ch0000gn/T/playwright-java-10600792000996021267/package/lib/server/dispatchers/dispatcher.js:96:36)
    at DispatcherConnection.dispatch (/private/var/folders/mc/dyqmrmzn7wzgnndqb4yxm5ch0000gn/T/playwright-java-10600792000996021267/package/lib/server/dispatchers/dispatcher.js:362:39)
}
Call log:
- navigating to "https://app.easy.jobs/login", waiting until "load"
]]>
            </message>
            <full-stacktrace>
              <![CDATA[com.microsoft.playwright.PlaywrightException: Error {
  message='Target page, context or browser has been closed
  name='TargetClosedError
  stack='TargetClosedError:Target page, context or browser has been closed
Error
    at captureRawStack (/private/var/folders/mc/dyqmrmzn7wzgnndqb4yxm5ch0000gn/T/playwright-java-10600792000996021267/package/lib/utils/stackTrace.js:50:17)
    at LongStandingScope._race (/private/var/folders/mc/dyqmrmzn7wzgnndqb4yxm5ch0000gn/T/playwright-java-10600792000996021267/package/lib/utils/manualPromise.js:91:52)
    at LongStandingScope.race (/private/var/folders/mc/dyqmrmzn7wzgnndqb4yxm5ch0000gn/T/playwright-java-10600792000996021267/package/lib/utils/manualPromise.js:84:17)
    at FrameDispatcher._handleCommand (/private/var/folders/mc/dyqmrmzn7wzgnndqb4yxm5ch0000gn/T/playwright-java-10600792000996021267/package/lib/server/dispatchers/dispatcher.js:96:36)
    at DispatcherConnection.dispatch (/private/var/folders/mc/dyqmrmzn7wzgnndqb4yxm5ch0000gn/T/playwright-java-10600792000996021267/package/lib/server/dispatchers/dispatcher.js:362:39)
}
Call log:
- navigating to "https://app.easy.jobs/login", waiting until "load"

at com.microsoft.playwright.impl.WaitableResult.get(WaitableResult.java:54)
at com.microsoft.playwright.impl.ChannelOwner.runUntil(ChannelOwner.java:120)
at com.microsoft.playwright.impl.Connection.sendMessage(Connection.java:129)
at com.microsoft.playwright.impl.ChannelOwner.sendMessage(ChannelOwner.java:106)
at com.microsoft.playwright.impl.FrameImpl.navigateImpl(FrameImpl.java:463)
at com.microsoft.playwright.impl.PageImpl.lambda$navigate$45(PageImpl.java:836)
at com.microsoft.playwright.impl.LoggingSupport.withLogging(LoggingSupport.java:47)
at com.microsoft.playwright.impl.ChannelOwner.withLogging(ChannelOwner.java:89)
at com.microsoft.playwright.impl.PageImpl.navigate(PageImpl.java:836)
at com.microsoft.playwright.impl.PageImpl.navigate(PageImpl.java:42)
at com.microsoft.playwright.Page.navigate(Page.java:5332)
at com.qa.easyjobs.factory.PlaywrightFactory.initBrowser(PlaywrightFactory.java:99)
at com.qa.easyjobs.base.BaseTest.setup(BaseTest.java:37)
at java.base/jdk.internal.reflect.DirectMethodHandleAccessor.invoke(DirectMethodHandleAccessor.java:103)
at java.base/java.lang.reflect.Method.invoke(Method.java:580)
at org.testng.internal.invokers.MethodInvocationHelper.invokeMethod(MethodInvocationHelper.java:141)
at org.testng.internal.invokers.MethodInvocationHelper.invokeMethodConsideringTimeout(MethodInvocationHelper.java:71)
at org.testng.internal.invokers.ConfigInvoker.invokeConfigurationMethod(ConfigInvoker.java:400)
at org.testng.internal.invokers.ConfigInvoker.invokeConfigurations(ConfigInvoker.java:333)
at org.testng.TestRunner.invokeTestConfigurations(TestRunner.java:655)
at org.testng.TestRunner.beforeRun(TestRunner.java:644)
at org.testng.TestRunner.run(TestRunner.java:610)
at org.testng.SuiteRunner.runTest(SuiteRunner.java:421)
at org.testng.SuiteRunner.runSequentially(SuiteRunner.java:413)
at org.testng.SuiteRunner.privateRun(SuiteRunner.java:373)
at org.testng.SuiteRunner.run(SuiteRunner.java:312)
at org.testng.SuiteRunnerWorker.runSuite(SuiteRunnerWorker.java:52)
at org.testng.SuiteRunnerWorker.run(SuiteRunnerWorker.java:95)
at org.testng.TestNG.runSuitesSequentially(TestNG.java:1274)
at org.testng.TestNG.runSuitesLocally(TestNG.java:1208)
at org.testng.TestNG.runSuites(TestNG.java:1112)
at org.testng.TestNG.run(TestNG.java:1079)
at org.testng.remote.AbstractRemoteTestNG.run(AbstractRemoteTestNG.java:115)
at org.testng.remote.RemoteTestNG.initAndRun(RemoteTestNG.java:293)
at org.testng.remote.RemoteTestNG.main(RemoteTestNG.java:91)
Caused by: com.microsoft.playwright.impl.TargetClosedError: Error {
  message='Target page, context or browser has been closed
  name='TargetClosedError
  stack='TargetClosedError:Target page, context or browser has been closed
Error
    at captureRawStack (/private/var/folders/mc/dyqmrmzn7wzgnndqb4yxm5ch0000gn/T/playwright-java-10600792000996021267/package/lib/utils/stackTrace.js:50:17)
    at LongStandingScope._race (/private/var/folders/mc/dyqmrmzn7wzgnndqb4yxm5ch0000gn/T/playwright-java-10600792000996021267/package/lib/utils/manualPromise.js:91:52)
    at LongStandingScope.race (/private/var/folders/mc/dyqmrmzn7wzgnndqb4yxm5ch0000gn/T/playwright-java-10600792000996021267/package/lib/utils/manualPromise.js:84:17)
    at FrameDispatcher._handleCommand (/private/var/folders/mc/dyqmrmzn7wzgnndqb4yxm5ch0000gn/T/playwright-java-10600792000996021267/package/lib/server/dispatchers/dispatcher.js:96:36)
    at DispatcherConnection.dispatch (/private/var/folders/mc/dyqmrmzn7wzgnndqb4yxm5ch0000gn/T/playwright-java-10600792000996021267/package/lib/server/dispatchers/dispatcher.js:362:39)
}
Call log:
- navigating to "https://app.easy.jobs/login", waiting until "load"

at com.microsoft.playwright.impl.Connection.dispatch(Connection.java:256)
at com.microsoft.playwright.impl.Connection.processOneMessage(Connection.java:209)
at com.microsoft.playwright.impl.ChannelOwner.runUntil(ChannelOwner.java:118)
... 33 more
]]>
            </full-stacktrace>
          </exception> <!-- com.microsoft.playwright.PlaywrightException -->
          <reporter-output>
          </reporter-output>
        </test-method> <!-- clickConversationTab -->
        <test-method signature="testConversationStartedLabelNotVisibleOnPipelineChange()[pri:7, instance:com.qa.easyjobs.tests.ConversationPageTest@595b007d]" started-at="2025-01-05T12:24:38 BDT" name="testConversationStartedLabelNotVisibleOnPipelineChange" finished-at="2025-01-05T12:24:38 BDT" duration-ms="0" status="SKIP">
          <exception class="com.microsoft.playwright.PlaywrightException">
            <message>
              <![CDATA[Error {
  message='Target page, context or browser has been closed
  name='TargetClosedError
  stack='TargetClosedError:Target page, context or browser has been closed
Error
    at captureRawStack (/private/var/folders/mc/dyqmrmzn7wzgnndqb4yxm5ch0000gn/T/playwright-java-10600792000996021267/package/lib/utils/stackTrace.js:50:17)
    at LongStandingScope._race (/private/var/folders/mc/dyqmrmzn7wzgnndqb4yxm5ch0000gn/T/playwright-java-10600792000996021267/package/lib/utils/manualPromise.js:91:52)
    at LongStandingScope.race (/private/var/folders/mc/dyqmrmzn7wzgnndqb4yxm5ch0000gn/T/playwright-java-10600792000996021267/package/lib/utils/manualPromise.js:84:17)
    at FrameDispatcher._handleCommand (/private/var/folders/mc/dyqmrmzn7wzgnndqb4yxm5ch0000gn/T/playwright-java-10600792000996021267/package/lib/server/dispatchers/dispatcher.js:96:36)
    at DispatcherConnection.dispatch (/private/var/folders/mc/dyqmrmzn7wzgnndqb4yxm5ch0000gn/T/playwright-java-10600792000996021267/package/lib/server/dispatchers/dispatcher.js:362:39)
}
Call log:
- navigating to "https://app.easy.jobs/login", waiting until "load"
]]>
            </message>
            <full-stacktrace>
              <![CDATA[com.microsoft.playwright.PlaywrightException: Error {
  message='Target page, context or browser has been closed
  name='TargetClosedError
  stack='TargetClosedError:Target page, context or browser has been closed
Error
    at captureRawStack (/private/var/folders/mc/dyqmrmzn7wzgnndqb4yxm5ch0000gn/T/playwright-java-10600792000996021267/package/lib/utils/stackTrace.js:50:17)
    at LongStandingScope._race (/private/var/folders/mc/dyqmrmzn7wzgnndqb4yxm5ch0000gn/T/playwright-java-10600792000996021267/package/lib/utils/manualPromise.js:91:52)
    at LongStandingScope.race (/private/var/folders/mc/dyqmrmzn7wzgnndqb4yxm5ch0000gn/T/playwright-java-10600792000996021267/package/lib/utils/manualPromise.js:84:17)
    at FrameDispatcher._handleCommand (/private/var/folders/mc/dyqmrmzn7wzgnndqb4yxm5ch0000gn/T/playwright-java-10600792000996021267/package/lib/server/dispatchers/dispatcher.js:96:36)
    at DispatcherConnection.dispatch (/private/var/folders/mc/dyqmrmzn7wzgnndqb4yxm5ch0000gn/T/playwright-java-10600792000996021267/package/lib/server/dispatchers/dispatcher.js:362:39)
}
Call log:
- navigating to "https://app.easy.jobs/login", waiting until "load"

at com.microsoft.playwright.impl.WaitableResult.get(WaitableResult.java:54)
at com.microsoft.playwright.impl.ChannelOwner.runUntil(ChannelOwner.java:120)
at com.microsoft.playwright.impl.Connection.sendMessage(Connection.java:129)
at com.microsoft.playwright.impl.ChannelOwner.sendMessage(ChannelOwner.java:106)
at com.microsoft.playwright.impl.FrameImpl.navigateImpl(FrameImpl.java:463)
at com.microsoft.playwright.impl.PageImpl.lambda$navigate$45(PageImpl.java:836)
at com.microsoft.playwright.impl.LoggingSupport.withLogging(LoggingSupport.java:47)
at com.microsoft.playwright.impl.ChannelOwner.withLogging(ChannelOwner.java:89)
at com.microsoft.playwright.impl.PageImpl.navigate(PageImpl.java:836)
at com.microsoft.playwright.impl.PageImpl.navigate(PageImpl.java:42)
at com.microsoft.playwright.Page.navigate(Page.java:5332)
at com.qa.easyjobs.factory.PlaywrightFactory.initBrowser(PlaywrightFactory.java:99)
at com.qa.easyjobs.base.BaseTest.setup(BaseTest.java:37)
at java.base/jdk.internal.reflect.DirectMethodHandleAccessor.invoke(DirectMethodHandleAccessor.java:103)
at java.base/java.lang.reflect.Method.invoke(Method.java:580)
at org.testng.internal.invokers.MethodInvocationHelper.invokeMethod(MethodInvocationHelper.java:141)
at org.testng.internal.invokers.MethodInvocationHelper.invokeMethodConsideringTimeout(MethodInvocationHelper.java:71)
at org.testng.internal.invokers.ConfigInvoker.invokeConfigurationMethod(ConfigInvoker.java:400)
at org.testng.internal.invokers.ConfigInvoker.invokeConfigurations(ConfigInvoker.java:333)
at org.testng.TestRunner.invokeTestConfigurations(TestRunner.java:655)
at org.testng.TestRunner.beforeRun(TestRunner.java:644)
at org.testng.TestRunner.run(TestRunner.java:610)
at org.testng.SuiteRunner.runTest(SuiteRunner.java:421)
at org.testng.SuiteRunner.runSequentially(SuiteRunner.java:413)
at org.testng.SuiteRunner.privateRun(SuiteRunner.java:373)
at org.testng.SuiteRunner.run(SuiteRunner.java:312)
at org.testng.SuiteRunnerWorker.runSuite(SuiteRunnerWorker.java:52)
at org.testng.SuiteRunnerWorker.run(SuiteRunnerWorker.java:95)
at org.testng.TestNG.runSuitesSequentially(TestNG.java:1274)
at org.testng.TestNG.runSuitesLocally(TestNG.java:1208)
at org.testng.TestNG.runSuites(TestNG.java:1112)
at org.testng.TestNG.run(TestNG.java:1079)
at org.testng.remote.AbstractRemoteTestNG.run(AbstractRemoteTestNG.java:115)
at org.testng.remote.RemoteTestNG.initAndRun(RemoteTestNG.java:293)
at org.testng.remote.RemoteTestNG.main(RemoteTestNG.java:91)
Caused by: com.microsoft.playwright.impl.TargetClosedError: Error {
  message='Target page, context or browser has been closed
  name='TargetClosedError
  stack='TargetClosedError:Target page, context or browser has been closed
Error
    at captureRawStack (/private/var/folders/mc/dyqmrmzn7wzgnndqb4yxm5ch0000gn/T/playwright-java-10600792000996021267/package/lib/utils/stackTrace.js:50:17)
    at LongStandingScope._race (/private/var/folders/mc/dyqmrmzn7wzgnndqb4yxm5ch0000gn/T/playwright-java-10600792000996021267/package/lib/utils/manualPromise.js:91:52)
    at LongStandingScope.race (/private/var/folders/mc/dyqmrmzn7wzgnndqb4yxm5ch0000gn/T/playwright-java-10600792000996021267/package/lib/utils/manualPromise.js:84:17)
    at FrameDispatcher._handleCommand (/private/var/folders/mc/dyqmrmzn7wzgnndqb4yxm5ch0000gn/T/playwright-java-10600792000996021267/package/lib/server/dispatchers/dispatcher.js:96:36)
    at DispatcherConnection.dispatch (/private/var/folders/mc/dyqmrmzn7wzgnndqb4yxm5ch0000gn/T/playwright-java-10600792000996021267/package/lib/server/dispatchers/dispatcher.js:362:39)
}
Call log:
- navigating to "https://app.easy.jobs/login", waiting until "load"

at com.microsoft.playwright.impl.Connection.dispatch(Connection.java:256)
at com.microsoft.playwright.impl.Connection.processOneMessage(Connection.java:209)
at com.microsoft.playwright.impl.ChannelOwner.runUntil(ChannelOwner.java:118)
... 33 more
]]>
            </full-stacktrace>
          </exception> <!-- com.microsoft.playwright.PlaywrightException -->
          <reporter-output>
          </reporter-output>
        </test-method> <!-- testConversationStartedLabelNotVisibleOnPipelineChange -->
        <test-method signature="testAddNoteAndCheckConversationStartedLabel()[pri:8, instance:com.qa.easyjobs.tests.ConversationPageTest@595b007d]" started-at="2025-01-05T12:24:38 BDT" name="testAddNoteAndCheckConversationStartedLabel" finished-at="2025-01-05T12:24:38 BDT" duration-ms="0" status="SKIP">
          <exception class="com.microsoft.playwright.PlaywrightException">
            <message>
              <![CDATA[Error {
  message='Target page, context or browser has been closed
  name='TargetClosedError
  stack='TargetClosedError:Target page, context or browser has been closed
Error
    at captureRawStack (/private/var/folders/mc/dyqmrmzn7wzgnndqb4yxm5ch0000gn/T/playwright-java-10600792000996021267/package/lib/utils/stackTrace.js:50:17)
    at LongStandingScope._race (/private/var/folders/mc/dyqmrmzn7wzgnndqb4yxm5ch0000gn/T/playwright-java-10600792000996021267/package/lib/utils/manualPromise.js:91:52)
    at LongStandingScope.race (/private/var/folders/mc/dyqmrmzn7wzgnndqb4yxm5ch0000gn/T/playwright-java-10600792000996021267/package/lib/utils/manualPromise.js:84:17)
    at FrameDispatcher._handleCommand (/private/var/folders/mc/dyqmrmzn7wzgnndqb4yxm5ch0000gn/T/playwright-java-10600792000996021267/package/lib/server/dispatchers/dispatcher.js:96:36)
    at DispatcherConnection.dispatch (/private/var/folders/mc/dyqmrmzn7wzgnndqb4yxm5ch0000gn/T/playwright-java-10600792000996021267/package/lib/server/dispatchers/dispatcher.js:362:39)
}
Call log:
- navigating to "https://app.easy.jobs/login", waiting until "load"
]]>
            </message>
            <full-stacktrace>
              <![CDATA[com.microsoft.playwright.PlaywrightException: Error {
  message='Target page, context or browser has been closed
  name='TargetClosedError
  stack='TargetClosedError:Target page, context or browser has been closed
Error
    at captureRawStack (/private/var/folders/mc/dyqmrmzn7wzgnndqb4yxm5ch0000gn/T/playwright-java-10600792000996021267/package/lib/utils/stackTrace.js:50:17)
    at LongStandingScope._race (/private/var/folders/mc/dyqmrmzn7wzgnndqb4yxm5ch0000gn/T/playwright-java-10600792000996021267/package/lib/utils/manualPromise.js:91:52)
    at LongStandingScope.race (/private/var/folders/mc/dyqmrmzn7wzgnndqb4yxm5ch0000gn/T/playwright-java-10600792000996021267/package/lib/utils/manualPromise.js:84:17)
    at FrameDispatcher._handleCommand (/private/var/folders/mc/dyqmrmzn7wzgnndqb4yxm5ch0000gn/T/playwright-java-10600792000996021267/package/lib/server/dispatchers/dispatcher.js:96:36)
    at DispatcherConnection.dispatch (/private/var/folders/mc/dyqmrmzn7wzgnndqb4yxm5ch0000gn/T/playwright-java-10600792000996021267/package/lib/server/dispatchers/dispatcher.js:362:39)
}
Call log:
- navigating to "https://app.easy.jobs/login", waiting until "load"

at com.microsoft.playwright.impl.WaitableResult.get(WaitableResult.java:54)
at com.microsoft.playwright.impl.ChannelOwner.runUntil(ChannelOwner.java:120)
at com.microsoft.playwright.impl.Connection.sendMessage(Connection.java:129)
at com.microsoft.playwright.impl.ChannelOwner.sendMessage(ChannelOwner.java:106)
at com.microsoft.playwright.impl.FrameImpl.navigateImpl(FrameImpl.java:463)
at com.microsoft.playwright.impl.PageImpl.lambda$navigate$45(PageImpl.java:836)
at com.microsoft.playwright.impl.LoggingSupport.withLogging(LoggingSupport.java:47)
at com.microsoft.playwright.impl.ChannelOwner.withLogging(ChannelOwner.java:89)
at com.microsoft.playwright.impl.PageImpl.navigate(PageImpl.java:836)
at com.microsoft.playwright.impl.PageImpl.navigate(PageImpl.java:42)
at com.microsoft.playwright.Page.navigate(Page.java:5332)
at com.qa.easyjobs.factory.PlaywrightFactory.initBrowser(PlaywrightFactory.java:99)
at com.qa.easyjobs.base.BaseTest.setup(BaseTest.java:37)
at java.base/jdk.internal.reflect.DirectMethodHandleAccessor.invoke(DirectMethodHandleAccessor.java:103)
at java.base/java.lang.reflect.Method.invoke(Method.java:580)
at org.testng.internal.invokers.MethodInvocationHelper.invokeMethod(MethodInvocationHelper.java:141)
at org.testng.internal.invokers.MethodInvocationHelper.invokeMethodConsideringTimeout(MethodInvocationHelper.java:71)
at org.testng.internal.invokers.ConfigInvoker.invokeConfigurationMethod(ConfigInvoker.java:400)
at org.testng.internal.invokers.ConfigInvoker.invokeConfigurations(ConfigInvoker.java:333)
at org.testng.TestRunner.invokeTestConfigurations(TestRunner.java:655)
at org.testng.TestRunner.beforeRun(TestRunner.java:644)
at org.testng.TestRunner.run(TestRunner.java:610)
at org.testng.SuiteRunner.runTest(SuiteRunner.java:421)
at org.testng.SuiteRunner.runSequentially(SuiteRunner.java:413)
at org.testng.SuiteRunner.privateRun(SuiteRunner.java:373)
at org.testng.SuiteRunner.run(SuiteRunner.java:312)
at org.testng.SuiteRunnerWorker.runSuite(SuiteRunnerWorker.java:52)
at org.testng.SuiteRunnerWorker.run(SuiteRunnerWorker.java:95)
at org.testng.TestNG.runSuitesSequentially(TestNG.java:1274)
at org.testng.TestNG.runSuitesLocally(TestNG.java:1208)
at org.testng.TestNG.runSuites(TestNG.java:1112)
at org.testng.TestNG.run(TestNG.java:1079)
at org.testng.remote.AbstractRemoteTestNG.run(AbstractRemoteTestNG.java:115)
at org.testng.remote.RemoteTestNG.initAndRun(RemoteTestNG.java:293)
at org.testng.remote.RemoteTestNG.main(RemoteTestNG.java:91)
Caused by: com.microsoft.playwright.impl.TargetClosedError: Error {
  message='Target page, context or browser has been closed
  name='TargetClosedError
  stack='TargetClosedError:Target page, context or browser has been closed
Error
    at captureRawStack (/private/var/folders/mc/dyqmrmzn7wzgnndqb4yxm5ch0000gn/T/playwright-java-10600792000996021267/package/lib/utils/stackTrace.js:50:17)
    at LongStandingScope._race (/private/var/folders/mc/dyqmrmzn7wzgnndqb4yxm5ch0000gn/T/playwright-java-10600792000996021267/package/lib/utils/manualPromise.js:91:52)
    at LongStandingScope.race (/private/var/folders/mc/dyqmrmzn7wzgnndqb4yxm5ch0000gn/T/playwright-java-10600792000996021267/package/lib/utils/manualPromise.js:84:17)
    at FrameDispatcher._handleCommand (/private/var/folders/mc/dyqmrmzn7wzgnndqb4yxm5ch0000gn/T/playwright-java-10600792000996021267/package/lib/server/dispatchers/dispatcher.js:96:36)
    at DispatcherConnection.dispatch (/private/var/folders/mc/dyqmrmzn7wzgnndqb4yxm5ch0000gn/T/playwright-java-10600792000996021267/package/lib/server/dispatchers/dispatcher.js:362:39)
}
Call log:
- navigating to "https://app.easy.jobs/login", waiting until "load"

at com.microsoft.playwright.impl.Connection.dispatch(Connection.java:256)
at com.microsoft.playwright.impl.Connection.processOneMessage(Connection.java:209)
at com.microsoft.playwright.impl.ChannelOwner.runUntil(ChannelOwner.java:118)
... 33 more
]]>
            </full-stacktrace>
          </exception> <!-- com.microsoft.playwright.PlaywrightException -->
          <reporter-output>
          </reporter-output>
        </test-method> <!-- testAddNoteAndCheckConversationStartedLabel -->
        <test-method signature="testSendMessageAndCheckConversationStartedLabel()[pri:9, instance:com.qa.easyjobs.tests.ConversationPageTest@595b007d]" started-at="2025-01-05T12:24:38 BDT" name="testSendMessageAndCheckConversationStartedLabel" finished-at="2025-01-05T12:24:38 BDT" duration-ms="0" status="SKIP">
          <exception class="com.microsoft.playwright.PlaywrightException">
            <message>
              <![CDATA[Error {
  message='Target page, context or browser has been closed
  name='TargetClosedError
  stack='TargetClosedError:Target page, context or browser has been closed
Error
    at captureRawStack (/private/var/folders/mc/dyqmrmzn7wzgnndqb4yxm5ch0000gn/T/playwright-java-10600792000996021267/package/lib/utils/stackTrace.js:50:17)
    at LongStandingScope._race (/private/var/folders/mc/dyqmrmzn7wzgnndqb4yxm5ch0000gn/T/playwright-java-10600792000996021267/package/lib/utils/manualPromise.js:91:52)
    at LongStandingScope.race (/private/var/folders/mc/dyqmrmzn7wzgnndqb4yxm5ch0000gn/T/playwright-java-10600792000996021267/package/lib/utils/manualPromise.js:84:17)
    at FrameDispatcher._handleCommand (/private/var/folders/mc/dyqmrmzn7wzgnndqb4yxm5ch0000gn/T/playwright-java-10600792000996021267/package/lib/server/dispatchers/dispatcher.js:96:36)
    at DispatcherConnection.dispatch (/private/var/folders/mc/dyqmrmzn7wzgnndqb4yxm5ch0000gn/T/playwright-java-10600792000996021267/package/lib/server/dispatchers/dispatcher.js:362:39)
}
Call log:
- navigating to "https://app.easy.jobs/login", waiting until "load"
]]>
            </message>
            <full-stacktrace>
              <![CDATA[com.microsoft.playwright.PlaywrightException: Error {
  message='Target page, context or browser has been closed
  name='TargetClosedError
  stack='TargetClosedError:Target page, context or browser has been closed
Error
    at captureRawStack (/private/var/folders/mc/dyqmrmzn7wzgnndqb4yxm5ch0000gn/T/playwright-java-10600792000996021267/package/lib/utils/stackTrace.js:50:17)
    at LongStandingScope._race (/private/var/folders/mc/dyqmrmzn7wzgnndqb4yxm5ch0000gn/T/playwright-java-10600792000996021267/package/lib/utils/manualPromise.js:91:52)
    at LongStandingScope.race (/private/var/folders/mc/dyqmrmzn7wzgnndqb4yxm5ch0000gn/T/playwright-java-10600792000996021267/package/lib/utils/manualPromise.js:84:17)
    at FrameDispatcher._handleCommand (/private/var/folders/mc/dyqmrmzn7wzgnndqb4yxm5ch0000gn/T/playwright-java-10600792000996021267/package/lib/server/dispatchers/dispatcher.js:96:36)
    at DispatcherConnection.dispatch (/private/var/folders/mc/dyqmrmzn7wzgnndqb4yxm5ch0000gn/T/playwright-java-10600792000996021267/package/lib/server/dispatchers/dispatcher.js:362:39)
}
Call log:
- navigating to "https://app.easy.jobs/login", waiting until "load"

at com.microsoft.playwright.impl.WaitableResult.get(WaitableResult.java:54)
at com.microsoft.playwright.impl.ChannelOwner.runUntil(ChannelOwner.java:120)
at com.microsoft.playwright.impl.Connection.sendMessage(Connection.java:129)
at com.microsoft.playwright.impl.ChannelOwner.sendMessage(ChannelOwner.java:106)
at com.microsoft.playwright.impl.FrameImpl.navigateImpl(FrameImpl.java:463)
at com.microsoft.playwright.impl.PageImpl.lambda$navigate$45(PageImpl.java:836)
at com.microsoft.playwright.impl.LoggingSupport.withLogging(LoggingSupport.java:47)
at com.microsoft.playwright.impl.ChannelOwner.withLogging(ChannelOwner.java:89)
at com.microsoft.playwright.impl.PageImpl.navigate(PageImpl.java:836)
at com.microsoft.playwright.impl.PageImpl.navigate(PageImpl.java:42)
at com.microsoft.playwright.Page.navigate(Page.java:5332)
at com.qa.easyjobs.factory.PlaywrightFactory.initBrowser(PlaywrightFactory.java:99)
at com.qa.easyjobs.base.BaseTest.setup(BaseTest.java:37)
at java.base/jdk.internal.reflect.DirectMethodHandleAccessor.invoke(DirectMethodHandleAccessor.java:103)
at java.base/java.lang.reflect.Method.invoke(Method.java:580)
at org.testng.internal.invokers.MethodInvocationHelper.invokeMethod(MethodInvocationHelper.java:141)
at org.testng.internal.invokers.MethodInvocationHelper.invokeMethodConsideringTimeout(MethodInvocationHelper.java:71)
at org.testng.internal.invokers.ConfigInvoker.invokeConfigurationMethod(ConfigInvoker.java:400)
at org.testng.internal.invokers.ConfigInvoker.invokeConfigurations(ConfigInvoker.java:333)
at org.testng.TestRunner.invokeTestConfigurations(TestRunner.java:655)
at org.testng.TestRunner.beforeRun(TestRunner.java:644)
at org.testng.TestRunner.run(TestRunner.java:610)
at org.testng.SuiteRunner.runTest(SuiteRunner.java:421)
at org.testng.SuiteRunner.runSequentially(SuiteRunner.java:413)
at org.testng.SuiteRunner.privateRun(SuiteRunner.java:373)
at org.testng.SuiteRunner.run(SuiteRunner.java:312)
at org.testng.SuiteRunnerWorker.runSuite(SuiteRunnerWorker.java:52)
at org.testng.SuiteRunnerWorker.run(SuiteRunnerWorker.java:95)
at org.testng.TestNG.runSuitesSequentially(TestNG.java:1274)
at org.testng.TestNG.runSuitesLocally(TestNG.java:1208)
at org.testng.TestNG.runSuites(TestNG.java:1112)
at org.testng.TestNG.run(TestNG.java:1079)
at org.testng.remote.AbstractRemoteTestNG.run(AbstractRemoteTestNG.java:115)
at org.testng.remote.RemoteTestNG.initAndRun(RemoteTestNG.java:293)
at org.testng.remote.RemoteTestNG.main(RemoteTestNG.java:91)
Caused by: com.microsoft.playwright.impl.TargetClosedError: Error {
  message='Target page, context or browser has been closed
  name='TargetClosedError
  stack='TargetClosedError:Target page, context or browser has been closed
Error
    at captureRawStack (/private/var/folders/mc/dyqmrmzn7wzgnndqb4yxm5ch0000gn/T/playwright-java-10600792000996021267/package/lib/utils/stackTrace.js:50:17)
    at LongStandingScope._race (/private/var/folders/mc/dyqmrmzn7wzgnndqb4yxm5ch0000gn/T/playwright-java-10600792000996021267/package/lib/utils/manualPromise.js:91:52)
    at LongStandingScope.race (/private/var/folders/mc/dyqmrmzn7wzgnndqb4yxm5ch0000gn/T/playwright-java-10600792000996021267/package/lib/utils/manualPromise.js:84:17)
    at FrameDispatcher._handleCommand (/private/var/folders/mc/dyqmrmzn7wzgnndqb4yxm5ch0000gn/T/playwright-java-10600792000996021267/package/lib/server/dispatchers/dispatcher.js:96:36)
    at DispatcherConnection.dispatch (/private/var/folders/mc/dyqmrmzn7wzgnndqb4yxm5ch0000gn/T/playwright-java-10600792000996021267/package/lib/server/dispatchers/dispatcher.js:362:39)
}
Call log:
- navigating to "https://app.easy.jobs/login", waiting until "load"

at com.microsoft.playwright.impl.Connection.dispatch(Connection.java:256)
at com.microsoft.playwright.impl.Connection.processOneMessage(Connection.java:209)
at com.microsoft.playwright.impl.ChannelOwner.runUntil(ChannelOwner.java:118)
... 33 more
]]>
            </full-stacktrace>
          </exception> <!-- com.microsoft.playwright.PlaywrightException -->
          <reporter-output>
          </reporter-output>
        </test-method> <!-- testSendMessageAndCheckConversationStartedLabel -->
        <test-method signature="testAssignAssessment()[pri:10, instance:com.qa.easyjobs.tests.ConversationPageTest@595b007d]" started-at="2025-01-05T12:24:38 BDT" name="testAssignAssessment" finished-at="2025-01-05T12:24:38 BDT" duration-ms="0" status="SKIP">
          <exception class="com.microsoft.playwright.PlaywrightException">
            <message>
              <![CDATA[Error {
  message='Target page, context or browser has been closed
  name='TargetClosedError
  stack='TargetClosedError:Target page, context or browser has been closed
Error
    at captureRawStack (/private/var/folders/mc/dyqmrmzn7wzgnndqb4yxm5ch0000gn/T/playwright-java-10600792000996021267/package/lib/utils/stackTrace.js:50:17)
    at LongStandingScope._race (/private/var/folders/mc/dyqmrmzn7wzgnndqb4yxm5ch0000gn/T/playwright-java-10600792000996021267/package/lib/utils/manualPromise.js:91:52)
    at LongStandingScope.race (/private/var/folders/mc/dyqmrmzn7wzgnndqb4yxm5ch0000gn/T/playwright-java-10600792000996021267/package/lib/utils/manualPromise.js:84:17)
    at FrameDispatcher._handleCommand (/private/var/folders/mc/dyqmrmzn7wzgnndqb4yxm5ch0000gn/T/playwright-java-10600792000996021267/package/lib/server/dispatchers/dispatcher.js:96:36)
    at DispatcherConnection.dispatch (/private/var/folders/mc/dyqmrmzn7wzgnndqb4yxm5ch0000gn/T/playwright-java-10600792000996021267/package/lib/server/dispatchers/dispatcher.js:362:39)
}
Call log:
- navigating to "https://app.easy.jobs/login", waiting until "load"
]]>
            </message>
            <full-stacktrace>
              <![CDATA[com.microsoft.playwright.PlaywrightException: Error {
  message='Target page, context or browser has been closed
  name='TargetClosedError
  stack='TargetClosedError:Target page, context or browser has been closed
Error
    at captureRawStack (/private/var/folders/mc/dyqmrmzn7wzgnndqb4yxm5ch0000gn/T/playwright-java-10600792000996021267/package/lib/utils/stackTrace.js:50:17)
    at LongStandingScope._race (/private/var/folders/mc/dyqmrmzn7wzgnndqb4yxm5ch0000gn/T/playwright-java-10600792000996021267/package/lib/utils/manualPromise.js:91:52)
    at LongStandingScope.race (/private/var/folders/mc/dyqmrmzn7wzgnndqb4yxm5ch0000gn/T/playwright-java-10600792000996021267/package/lib/utils/manualPromise.js:84:17)
    at FrameDispatcher._handleCommand (/private/var/folders/mc/dyqmrmzn7wzgnndqb4yxm5ch0000gn/T/playwright-java-10600792000996021267/package/lib/server/dispatchers/dispatcher.js:96:36)
    at DispatcherConnection.dispatch (/private/var/folders/mc/dyqmrmzn7wzgnndqb4yxm5ch0000gn/T/playwright-java-10600792000996021267/package/lib/server/dispatchers/dispatcher.js:362:39)
}
Call log:
- navigating to "https://app.easy.jobs/login", waiting until "load"

at com.microsoft.playwright.impl.WaitableResult.get(WaitableResult.java:54)
at com.microsoft.playwright.impl.ChannelOwner.runUntil(ChannelOwner.java:120)
at com.microsoft.playwright.impl.Connection.sendMessage(Connection.java:129)
at com.microsoft.playwright.impl.ChannelOwner.sendMessage(ChannelOwner.java:106)
at com.microsoft.playwright.impl.FrameImpl.navigateImpl(FrameImpl.java:463)
at com.microsoft.playwright.impl.PageImpl.lambda$navigate$45(PageImpl.java:836)
at com.microsoft.playwright.impl.LoggingSupport.withLogging(LoggingSupport.java:47)
at com.microsoft.playwright.impl.ChannelOwner.withLogging(ChannelOwner.java:89)
at com.microsoft.playwright.impl.PageImpl.navigate(PageImpl.java:836)
at com.microsoft.playwright.impl.PageImpl.navigate(PageImpl.java:42)
at com.microsoft.playwright.Page.navigate(Page.java:5332)
at com.qa.easyjobs.factory.PlaywrightFactory.initBrowser(PlaywrightFactory.java:99)
at com.qa.easyjobs.base.BaseTest.setup(BaseTest.java:37)
at java.base/jdk.internal.reflect.DirectMethodHandleAccessor.invoke(DirectMethodHandleAccessor.java:103)
at java.base/java.lang.reflect.Method.invoke(Method.java:580)
at org.testng.internal.invokers.MethodInvocationHelper.invokeMethod(MethodInvocationHelper.java:141)
at org.testng.internal.invokers.MethodInvocationHelper.invokeMethodConsideringTimeout(MethodInvocationHelper.java:71)
at org.testng.internal.invokers.ConfigInvoker.invokeConfigurationMethod(ConfigInvoker.java:400)
at org.testng.internal.invokers.ConfigInvoker.invokeConfigurations(ConfigInvoker.java:333)
at org.testng.TestRunner.invokeTestConfigurations(TestRunner.java:655)
at org.testng.TestRunner.beforeRun(TestRunner.java:644)
at org.testng.TestRunner.run(TestRunner.java:610)
at org.testng.SuiteRunner.runTest(SuiteRunner.java:421)
at org.testng.SuiteRunner.runSequentially(SuiteRunner.java:413)
at org.testng.SuiteRunner.privateRun(SuiteRunner.java:373)
at org.testng.SuiteRunner.run(SuiteRunner.java:312)
at org.testng.SuiteRunnerWorker.runSuite(SuiteRunnerWorker.java:52)
at org.testng.SuiteRunnerWorker.run(SuiteRunnerWorker.java:95)
at org.testng.TestNG.runSuitesSequentially(TestNG.java:1274)
at org.testng.TestNG.runSuitesLocally(TestNG.java:1208)
at org.testng.TestNG.runSuites(TestNG.java:1112)
at org.testng.TestNG.run(TestNG.java:1079)
at org.testng.remote.AbstractRemoteTestNG.run(AbstractRemoteTestNG.java:115)
at org.testng.remote.RemoteTestNG.initAndRun(RemoteTestNG.java:293)
at org.testng.remote.RemoteTestNG.main(RemoteTestNG.java:91)
Caused by: com.microsoft.playwright.impl.TargetClosedError: Error {
  message='Target page, context or browser has been closed
  name='TargetClosedError
  stack='TargetClosedError:Target page, context or browser has been closed
Error
    at captureRawStack (/private/var/folders/mc/dyqmrmzn7wzgnndqb4yxm5ch0000gn/T/playwright-java-10600792000996021267/package/lib/utils/stackTrace.js:50:17)
    at LongStandingScope._race (/private/var/folders/mc/dyqmrmzn7wzgnndqb4yxm5ch0000gn/T/playwright-java-10600792000996021267/package/lib/utils/manualPromise.js:91:52)
    at LongStandingScope.race (/private/var/folders/mc/dyqmrmzn7wzgnndqb4yxm5ch0000gn/T/playwright-java-10600792000996021267/package/lib/utils/manualPromise.js:84:17)
    at FrameDispatcher._handleCommand (/private/var/folders/mc/dyqmrmzn7wzgnndqb4yxm5ch0000gn/T/playwright-java-10600792000996021267/package/lib/server/dispatchers/dispatcher.js:96:36)
    at DispatcherConnection.dispatch (/private/var/folders/mc/dyqmrmzn7wzgnndqb4yxm5ch0000gn/T/playwright-java-10600792000996021267/package/lib/server/dispatchers/dispatcher.js:362:39)
}
Call log:
- navigating to "https://app.easy.jobs/login", waiting until "load"

at com.microsoft.playwright.impl.Connection.dispatch(Connection.java:256)
at com.microsoft.playwright.impl.Connection.processOneMessage(Connection.java:209)
at com.microsoft.playwright.impl.ChannelOwner.runUntil(ChannelOwner.java:118)
... 33 more
]]>
            </full-stacktrace>
          </exception> <!-- com.microsoft.playwright.PlaywrightException -->
          <reporter-output>
          </reporter-output>
        </test-method> <!-- testAssignAssessment -->
        <test-method is-config="true" signature="tearDown()[pri:0, instance:com.qa.easyjobs.tests.ConversationPageTest@595b007d]" started-at="2025-01-05T12:24:38 BDT" name="tearDown" finished-at="2025-01-05T12:24:38 BDT" duration-ms="0" status="SKIP">
          <reporter-output>
          </reporter-output>
        </test-method> <!-- tearDown -->
      </class> <!-- com.qa.easyjobs.tests.ConversationPageTest -->
    </test> <!-- EasyJobs ConversationPage Test -->
  </suite> <!-- EasyJobs Test Regression PW Suite -->
</testng-results>
