<?xml version="1.0" encoding="UTF-8"?>
<!-- Generated by org.testng.reporters.JUnitReportReporter -->
<testsuite hostname="WPDev-Laptop-Raihan.localdomain" failures="0" tests="11" name="com.qa.easyjobs.tests.ConversationPageTest" time="2.343" errors="1" timestamp="2025-01-05T12:24:38 BDT" skipped="10">
  <testcase classname="com.qa.easyjobs.tests.ConversationPageTest" name="setup" time="2.343">
    <error message="Error {
  message=&#039;Target page, context or browser has been closed
  name=&#039;TargetClosedError
  stack=&#039;TargetClosedError:Target page, context or browser has been closed
Error
    at captureRawStack (/private/var/folders/mc/dyqmrmzn7wzgnndqb4yxm5ch0000gn/T/playwright-java-10600792000996021267/package/lib/utils/stackTrace.js:50:17)
    at LongStandingScope._race (/private/var/folders/mc/dyqmrmzn7wzgnndqb4yxm5ch0000gn/T/playwright-java-10600792000996021267/package/lib/utils/manualPromise.js:91:52)
    at LongStandingScope.race (/private/var/folders/mc/dyqmrmzn7wzgnndqb4yxm5ch0000gn/T/playwright-java-10600792000996021267/package/lib/utils/manualPromise.js:84:17)
    at FrameDispatcher._handleCommand (/private/var/folders/mc/dyqmrmzn7wzgnndqb4yxm5ch0000gn/T/playwright-java-10600792000996021267/package/lib/server/dispatchers/dispatcher.js:96:36)
    at DispatcherConnection.dispatch (/private/var/folders/mc/dyqmrmzn7wzgnndqb4yxm5ch0000gn/T/playwright-java-10600792000996021267/package/lib/server/dispatchers/dispatcher.js:362:39)
}
Call log:
- navigating to &quot;https://app.easy.jobs/login&quot;, waiting until &quot;load&quot;
" type="com.microsoft.playwright.PlaywrightException">
      <![CDATA[com.microsoft.playwright.PlaywrightException: Error {
  message='Target page, context or browser has been closed
  name='TargetClosedError
  stack='TargetClosedError:Target page, context or browser has been closed
Error
    at captureRawStack (/private/var/folders/mc/dyqmrmzn7wzgnndqb4yxm5ch0000gn/T/playwright-java-10600792000996021267/package/lib/utils/stackTrace.js:50:17)
    at LongStandingScope._race (/private/var/folders/mc/dyqmrmzn7wzgnndqb4yxm5ch0000gn/T/playwright-java-10600792000996021267/package/lib/utils/manualPromise.js:91:52)
    at LongStandingScope.race (/private/var/folders/mc/dyqmrmzn7wzgnndqb4yxm5ch0000gn/T/playwright-java-10600792000996021267/package/lib/utils/manualPromise.js:84:17)
    at FrameDispatcher._handleCommand (/private/var/folders/mc/dyqmrmzn7wzgnndqb4yxm5ch0000gn/T/playwright-java-10600792000996021267/package/lib/server/dispatchers/dispatcher.js:96:36)
    at DispatcherConnection.dispatch (/private/var/folders/mc/dyqmrmzn7wzgnndqb4yxm5ch0000gn/T/playwright-java-10600792000996021267/package/lib/server/dispatchers/dispatcher.js:362:39)
}
Call log:
- navigating to "https://app.easy.jobs/login", waiting until "load"

at com.microsoft.playwright.impl.WaitableResult.get(WaitableResult.java:54)
at com.microsoft.playwright.impl.ChannelOwner.runUntil(ChannelOwner.java:120)
at com.microsoft.playwright.impl.Connection.sendMessage(Connection.java:129)
at com.microsoft.playwright.impl.ChannelOwner.sendMessage(ChannelOwner.java:106)
at com.microsoft.playwright.impl.FrameImpl.navigateImpl(FrameImpl.java:463)
at com.microsoft.playwright.impl.PageImpl.lambda$navigate$45(PageImpl.java:836)
at com.microsoft.playwright.impl.LoggingSupport.withLogging(LoggingSupport.java:47)
at com.microsoft.playwright.impl.ChannelOwner.withLogging(ChannelOwner.java:89)
at com.microsoft.playwright.impl.PageImpl.navigate(PageImpl.java:836)
at com.microsoft.playwright.impl.PageImpl.navigate(PageImpl.java:42)
at com.microsoft.playwright.Page.navigate(Page.java:5332)
at com.qa.easyjobs.factory.PlaywrightFactory.initBrowser(PlaywrightFactory.java:99)
at com.qa.easyjobs.base.BaseTest.setup(BaseTest.java:37)
at java.base/jdk.internal.reflect.DirectMethodHandleAccessor.invoke(DirectMethodHandleAccessor.java:103)
at java.base/java.lang.reflect.Method.invoke(Method.java:580)
at org.testng.internal.invokers.MethodInvocationHelper.invokeMethod(MethodInvocationHelper.java:141)
at org.testng.internal.invokers.MethodInvocationHelper.invokeMethodConsideringTimeout(MethodInvocationHelper.java:71)
at org.testng.internal.invokers.ConfigInvoker.invokeConfigurationMethod(ConfigInvoker.java:400)
at org.testng.internal.invokers.ConfigInvoker.invokeConfigurations(ConfigInvoker.java:333)
at org.testng.TestRunner.invokeTestConfigurations(TestRunner.java:655)
at org.testng.TestRunner.beforeRun(TestRunner.java:644)
at org.testng.TestRunner.run(TestRunner.java:610)
at org.testng.SuiteRunner.runTest(SuiteRunner.java:421)
at org.testng.SuiteRunner.runSequentially(SuiteRunner.java:413)
at org.testng.SuiteRunner.privateRun(SuiteRunner.java:373)
at org.testng.SuiteRunner.run(SuiteRunner.java:312)
at org.testng.SuiteRunnerWorker.runSuite(SuiteRunnerWorker.java:52)
at org.testng.SuiteRunnerWorker.run(SuiteRunnerWorker.java:95)
at org.testng.TestNG.runSuitesSequentially(TestNG.java:1274)
at org.testng.TestNG.runSuitesLocally(TestNG.java:1208)
at org.testng.TestNG.runSuites(TestNG.java:1112)
at org.testng.TestNG.run(TestNG.java:1079)
at org.testng.remote.AbstractRemoteTestNG.run(AbstractRemoteTestNG.java:115)
at org.testng.remote.RemoteTestNG.initAndRun(RemoteTestNG.java:293)
at org.testng.remote.RemoteTestNG.main(RemoteTestNG.java:91)
Caused by: com.microsoft.playwright.impl.TargetClosedError: Error {
  message='Target page, context or browser has been closed
  name='TargetClosedError
  stack='TargetClosedError:Target page, context or browser has been closed
Error
    at captureRawStack (/private/var/folders/mc/dyqmrmzn7wzgnndqb4yxm5ch0000gn/T/playwright-java-10600792000996021267/package/lib/utils/stackTrace.js:50:17)
    at LongStandingScope._race (/private/var/folders/mc/dyqmrmzn7wzgnndqb4yxm5ch0000gn/T/playwright-java-10600792000996021267/package/lib/utils/manualPromise.js:91:52)
    at LongStandingScope.race (/private/var/folders/mc/dyqmrmzn7wzgnndqb4yxm5ch0000gn/T/playwright-java-10600792000996021267/package/lib/utils/manualPromise.js:84:17)
    at FrameDispatcher._handleCommand (/private/var/folders/mc/dyqmrmzn7wzgnndqb4yxm5ch0000gn/T/playwright-java-10600792000996021267/package/lib/server/dispatchers/dispatcher.js:96:36)
    at DispatcherConnection.dispatch (/private/var/folders/mc/dyqmrmzn7wzgnndqb4yxm5ch0000gn/T/playwright-java-10600792000996021267/package/lib/server/dispatchers/dispatcher.js:362:39)
}
Call log:
- navigating to "https://app.easy.jobs/login", waiting until "load"

at com.microsoft.playwright.impl.Connection.dispatch(Connection.java:256)
at com.microsoft.playwright.impl.Connection.processOneMessage(Connection.java:209)
at com.microsoft.playwright.impl.ChannelOwner.runUntil(ChannelOwner.java:118)
... 33 more
]]>
    </error>
  </testcase> <!-- setup -->
  <testcase classname="com.qa.easyjobs.tests.ConversationPageTest" name="testNavigateToCandidatesPage" time="0.000">
    <skipped/>
  </testcase> <!-- testNavigateToCandidatesPage -->
  <testcase classname="com.qa.easyjobs.tests.ConversationPageTest" name="testSearchForCandidate" time="0.000">
    <skipped/>
  </testcase> <!-- testSearchForCandidate -->
  <testcase classname="com.qa.easyjobs.tests.ConversationPageTest" name="testViewCandidateDetails" time="0.000">
    <skipped/>
  </testcase> <!-- testViewCandidateDetails -->
  <testcase classname="com.qa.easyjobs.tests.ConversationPageTest" name="clickpipelineDropDown" time="0.000">
    <skipped/>
  </testcase> <!-- clickpipelineDropDown -->
  <testcase classname="com.qa.easyjobs.tests.ConversationPageTest" name="testChangePipelineToShortlist" time="0.000">
    <skipped/>
  </testcase> <!-- testChangePipelineToShortlist -->
  <testcase classname="com.qa.easyjobs.tests.ConversationPageTest" name="clickConversationTab" time="0.000">
    <skipped/>
  </testcase> <!-- clickConversationTab -->
  <testcase classname="com.qa.easyjobs.tests.ConversationPageTest" name="testConversationStartedLabelNotVisibleOnPipelineChange" time="0.000">
    <skipped/>
  </testcase> <!-- testConversationStartedLabelNotVisibleOnPipelineChange -->
  <testcase classname="com.qa.easyjobs.tests.ConversationPageTest" name="testAddNoteAndCheckConversationStartedLabel" time="0.000">
    <skipped/>
  </testcase> <!-- testAddNoteAndCheckConversationStartedLabel -->
  <testcase classname="com.qa.easyjobs.tests.ConversationPageTest" name="testSendMessageAndCheckConversationStartedLabel" time="0.000">
    <skipped/>
  </testcase> <!-- testSendMessageAndCheckConversationStartedLabel -->
  <testcase classname="com.qa.easyjobs.tests.ConversationPageTest" name="testAssignAssessment" time="0.000">
    <skipped/>
  </testcase> <!-- testAssignAssessment -->
</testsuite> <!-- com.qa.easyjobs.tests.ConversationPageTest -->
